[0.279s] DEBUG:colcon:Command line arguments: ['/usr/bin/colcon', 'build', '--symlink-install']
[0.279s] DEBUG:colcon:Parsed command line arguments: Namespace(log_base=None, log_level=None, verb_name='build', build_base='build', install_base='install', merge_install=False, symlink_install=True, test_result_base=None, continue_on_error=False, executor='parallel', parallel_workers=16, event_handlers=None, ignore_user_meta=False, metas=['./colcon.meta'], base_paths=['.'], packages_ignore=None, packages_ignore_regex=None, paths=None, packages_up_to=None, packages_up_to_regex=None, packages_above=None, packages_above_and_dependencies=None, packages_above_depth=None, packages_select_by_dep=None, packages_skip_by_dep=None, packages_skip_up_to=None, packages_select_build_failed=False, packages_skip_build_finished=False, packages_select_test_failures=False, packages_skip_test_passed=False, packages_select=None, packages_skip=None, packages_select_regex=None, packages_skip_regex=None, packages_start=None, packages_end=None, allow_overriding=[], cmake_args=None, cmake_target=None, cmake_target_skip_unavailable=False, cmake_clean_cache=False, cmake_clean_first=False, cmake_force_configure=False, ament_cmake_args=None, catkin_cmake_args=None, catkin_skip_building_tests=False, verb_parser=<colcon_defaults.argument_parser.defaults.DefaultArgumentsDecorator object at 0x755bd3b66fc0>, verb_extension=<colcon_core.verb.build.BuildVerb object at 0x755bd3c839e0>, main=<bound method BuildVerb.main of <colcon_core.verb.build.BuildVerb object at 0x755bd3c839e0>>)
[0.367s] Level 1:colcon.colcon_core.package_discovery:discover_packages(colcon_meta) check parameters
[0.367s] Level 1:colcon.colcon_core.package_discovery:discover_packages(recursive) check parameters
[0.367s] Level 1:colcon.colcon_core.package_discovery:discover_packages(ignore) check parameters
[0.367s] Level 1:colcon.colcon_core.package_discovery:discover_packages(path) check parameters
[0.367s] Level 1:colcon.colcon_core.package_discovery:discover_packages(colcon_meta) discover
[0.367s] Level 1:colcon.colcon_core.package_discovery:discover_packages(recursive) discover
[0.367s] INFO:colcon.colcon_core.package_discovery:Crawling recursively for packages in '/home/nbalu/ros2_ws'
[0.367s] Level 1:colcon.colcon_core.package_identification:_identify(.) by extensions ['ignore', 'ignore_ament_install']
[0.367s] Level 1:colcon.colcon_core.package_identification:_identify(.) by extension 'ignore'
[0.367s] Level 1:colcon.colcon_core.package_identification:_identify(.) by extension 'ignore_ament_install'
[0.367s] Level 1:colcon.colcon_core.package_identification:_identify(.) by extensions ['colcon_pkg']
[0.367s] Level 1:colcon.colcon_core.package_identification:_identify(.) by extension 'colcon_pkg'
[0.368s] Level 1:colcon.colcon_core.package_identification:_identify(.) by extensions ['colcon_meta']
[0.368s] Level 1:colcon.colcon_core.package_identification:_identify(.) by extension 'colcon_meta'
[0.368s] Level 1:colcon.colcon_core.package_identification:_identify(.) by extensions ['ros']
[0.368s] Level 1:colcon.colcon_core.package_identification:_identify(.) by extension 'ros'
[0.409s] Level 1:colcon.colcon_core.package_identification:_identify(.) by extensions ['cmake', 'python']
[0.409s] Level 1:colcon.colcon_core.package_identification:_identify(.) by extension 'cmake'
[0.409s] Level 1:colcon.colcon_core.package_identification:_identify(.) by extension 'python'
[0.409s] Level 1:colcon.colcon_core.package_identification:_identify(.) by extensions ['python_setup_py']
[0.409s] Level 1:colcon.colcon_core.package_identification:_identify(.) by extension 'python_setup_py'
[0.410s] Level 1:colcon.colcon_core.package_identification:_identify(build) by extensions ['ignore', 'ignore_ament_install']
[0.410s] Level 1:colcon.colcon_core.package_identification:_identify(build) by extension 'ignore'
[0.410s] Level 1:colcon.colcon_core.package_identification:_identify(build) ignored
[0.410s] Level 1:colcon.colcon_core.package_identification:_identify(install) by extensions ['ignore', 'ignore_ament_install']
[0.410s] Level 1:colcon.colcon_core.package_identification:_identify(install) by extension 'ignore'
[0.410s] Level 1:colcon.colcon_core.package_identification:_identify(install) ignored
[0.410s] Level 1:colcon.colcon_core.package_identification:_identify(log) by extensions ['ignore', 'ignore_ament_install']
[0.410s] Level 1:colcon.colcon_core.package_identification:_identify(log) by extension 'ignore'
[0.410s] Level 1:colcon.colcon_core.package_identification:_identify(log) ignored
[0.411s] Level 1:colcon.colcon_core.package_identification:_identify(resource) by extensions ['ignore', 'ignore_ament_install']
[0.411s] Level 1:colcon.colcon_core.package_identification:_identify(resource) by extension 'ignore'
[0.411s] Level 1:colcon.colcon_core.package_identification:_identify(resource) by extension 'ignore_ament_install'
[0.411s] Level 1:colcon.colcon_core.package_identification:_identify(resource) by extensions ['colcon_pkg']
[0.411s] Level 1:colcon.colcon_core.package_identification:_identify(resource) by extension 'colcon_pkg'
[0.411s] Level 1:colcon.colcon_core.package_identification:_identify(resource) by extensions ['colcon_meta']
[0.411s] Level 1:colcon.colcon_core.package_identification:_identify(resource) by extension 'colcon_meta'
[0.411s] Level 1:colcon.colcon_core.package_identification:_identify(resource) by extensions ['ros']
[0.411s] Level 1:colcon.colcon_core.package_identification:_identify(resource) by extension 'ros'
[0.411s] Level 1:colcon.colcon_core.package_identification:_identify(resource) by extensions ['cmake', 'python']
[0.411s] Level 1:colcon.colcon_core.package_identification:_identify(resource) by extension 'cmake'
[0.411s] Level 1:colcon.colcon_core.package_identification:_identify(resource) by extension 'python'
[0.411s] Level 1:colcon.colcon_core.package_identification:_identify(resource) by extensions ['python_setup_py']
[0.411s] Level 1:colcon.colcon_core.package_identification:_identify(resource) by extension 'python_setup_py'
[0.412s] Level 1:colcon.colcon_core.package_identification:_identify(ros2env) by extensions ['ignore', 'ignore_ament_install']
[0.412s] Level 1:colcon.colcon_core.package_identification:_identify(ros2env) by extension 'ignore'
[0.412s] Level 1:colcon.colcon_core.package_identification:_identify(ros2env) by extension 'ignore_ament_install'
[0.412s] Level 1:colcon.colcon_core.package_identification:_identify(ros2env) by extensions ['colcon_pkg']
[0.412s] Level 1:colcon.colcon_core.package_identification:_identify(ros2env) by extension 'colcon_pkg'
[0.412s] Level 1:colcon.colcon_core.package_identification:_identify(ros2env) by extensions ['colcon_meta']
[0.412s] Level 1:colcon.colcon_core.package_identification:_identify(ros2env) by extension 'colcon_meta'
[0.412s] Level 1:colcon.colcon_core.package_identification:_identify(ros2env) by extensions ['ros']
[0.412s] Level 1:colcon.colcon_core.package_identification:_identify(ros2env) by extension 'ros'
[0.412s] Level 1:colcon.colcon_core.package_identification:_identify(ros2env) by extensions ['cmake', 'python']
[0.412s] Level 1:colcon.colcon_core.package_identification:_identify(ros2env) by extension 'cmake'
[0.412s] Level 1:colcon.colcon_core.package_identification:_identify(ros2env) by extension 'python'
[0.412s] Level 1:colcon.colcon_core.package_identification:_identify(ros2env) by extensions ['python_setup_py']
[0.412s] Level 1:colcon.colcon_core.package_identification:_identify(ros2env) by extension 'python_setup_py'
[0.413s] Level 1:colcon.colcon_core.package_identification:_identify(ros2env/include) by extensions ['ignore', 'ignore_ament_install']
[0.413s] Level 1:colcon.colcon_core.package_identification:_identify(ros2env/include) by extension 'ignore'
[0.413s] Level 1:colcon.colcon_core.package_identification:_identify(ros2env/include) by extension 'ignore_ament_install'
[0.413s] Level 1:colcon.colcon_core.package_identification:_identify(ros2env/include) by extensions ['colcon_pkg']
[0.413s] Level 1:colcon.colcon_core.package_identification:_identify(ros2env/include) by extension 'colcon_pkg'
[0.413s] Level 1:colcon.colcon_core.package_identification:_identify(ros2env/include) by extensions ['colcon_meta']
[0.413s] Level 1:colcon.colcon_core.package_identification:_identify(ros2env/include) by extension 'colcon_meta'
[0.413s] Level 1:colcon.colcon_core.package_identification:_identify(ros2env/include) by extensions ['ros']
[0.413s] Level 1:colcon.colcon_core.package_identification:_identify(ros2env/include) by extension 'ros'
[0.413s] Level 1:colcon.colcon_core.package_identification:_identify(ros2env/include) by extensions ['cmake', 'python']
[0.413s] Level 1:colcon.colcon_core.package_identification:_identify(ros2env/include) by extension 'cmake'
[0.413s] Level 1:colcon.colcon_core.package_identification:_identify(ros2env/include) by extension 'python'
[0.413s] Level 1:colcon.colcon_core.package_identification:_identify(ros2env/include) by extensions ['python_setup_py']
[0.413s] Level 1:colcon.colcon_core.package_identification:_identify(ros2env/include) by extension 'python_setup_py'
[0.413s] Level 1:colcon.colcon_core.package_identification:_identify(src) by extensions ['ignore', 'ignore_ament_install']
[0.413s] Level 1:colcon.colcon_core.package_identification:_identify(src) by extension 'ignore'
[0.414s] Level 1:colcon.colcon_core.package_identification:_identify(src) by extension 'ignore_ament_install'
[0.414s] Level 1:colcon.colcon_core.package_identification:_identify(src) by extensions ['colcon_pkg']
[0.414s] Level 1:colcon.colcon_core.package_identification:_identify(src) by extension 'colcon_pkg'
[0.414s] Level 1:colcon.colcon_core.package_identification:_identify(src) by extensions ['colcon_meta']
[0.414s] Level 1:colcon.colcon_core.package_identification:_identify(src) by extension 'colcon_meta'
[0.414s] Level 1:colcon.colcon_core.package_identification:_identify(src) by extensions ['ros']
[0.414s] Level 1:colcon.colcon_core.package_identification:_identify(src) by extension 'ros'
[0.414s] Level 1:colcon.colcon_core.package_identification:_identify(src) by extensions ['cmake', 'python']
[0.414s] Level 1:colcon.colcon_core.package_identification:_identify(src) by extension 'cmake'
[0.414s] Level 1:colcon.colcon_core.package_identification:_identify(src) by extension 'python'
[0.414s] Level 1:colcon.colcon_core.package_identification:_identify(src) by extensions ['python_setup_py']
[0.414s] Level 1:colcon.colcon_core.package_identification:_identify(src) by extension 'python_setup_py'
[0.414s] Level 1:colcon.colcon_core.package_identification:_identify(src/mypkg) by extensions ['ignore', 'ignore_ament_install']
[0.414s] Level 1:colcon.colcon_core.package_identification:_identify(src/mypkg) by extension 'ignore'
[0.414s] Level 1:colcon.colcon_core.package_identification:_identify(src/mypkg) by extension 'ignore_ament_install'
[0.414s] Level 1:colcon.colcon_core.package_identification:_identify(src/mypkg) by extensions ['colcon_pkg']
[0.415s] Level 1:colcon.colcon_core.package_identification:_identify(src/mypkg) by extension 'colcon_pkg'
[0.415s] Level 1:colcon.colcon_core.package_identification:_identify(src/mypkg) by extensions ['colcon_meta']
[0.415s] Level 1:colcon.colcon_core.package_identification:_identify(src/mypkg) by extension 'colcon_meta'
[0.415s] Level 1:colcon.colcon_core.package_identification:_identify(src/mypkg) by extensions ['ros']
[0.415s] Level 1:colcon.colcon_core.package_identification:_identify(src/mypkg) by extension 'ros'
[0.419s] DEBUG:colcon.colcon_core.package_identification:Package 'src/mypkg' with type 'ros.ament_python' and name 'mypkg'
[0.420s] Level 1:colcon.colcon_core.package_identification:_identify(src/person_msgs) by extensions ['ignore', 'ignore_ament_install']
[0.420s] Level 1:colcon.colcon_core.package_identification:_identify(src/person_msgs) by extension 'ignore'
[0.420s] Level 1:colcon.colcon_core.package_identification:_identify(src/person_msgs) by extension 'ignore_ament_install'
[0.420s] Level 1:colcon.colcon_core.package_identification:_identify(src/person_msgs) by extensions ['colcon_pkg']
[0.420s] Level 1:colcon.colcon_core.package_identification:_identify(src/person_msgs) by extension 'colcon_pkg'
[0.420s] Level 1:colcon.colcon_core.package_identification:_identify(src/person_msgs) by extensions ['colcon_meta']
[0.420s] Level 1:colcon.colcon_core.package_identification:_identify(src/person_msgs) by extension 'colcon_meta'
[0.420s] Level 1:colcon.colcon_core.package_identification:_identify(src/person_msgs) by extensions ['ros']
[0.420s] Level 1:colcon.colcon_core.package_identification:_identify(src/person_msgs) by extension 'ros'
[0.421s] DEBUG:colcon.colcon_core.package_identification:Package 'src/person_msgs' with type 'ros.ament_cmake' and name 'person_msgs'
[0.421s] Level 1:colcon.colcon_core.package_identification:_identify(src_backup) by extensions ['ignore', 'ignore_ament_install']
[0.422s] Level 1:colcon.colcon_core.package_identification:_identify(src_backup) by extension 'ignore'
[0.422s] Level 1:colcon.colcon_core.package_identification:_identify(src_backup) by extension 'ignore_ament_install'
[0.422s] Level 1:colcon.colcon_core.package_identification:_identify(src_backup) by extensions ['colcon_pkg']
[0.422s] Level 1:colcon.colcon_core.package_identification:_identify(src_backup) by extension 'colcon_pkg'
[0.422s] Level 1:colcon.colcon_core.package_identification:_identify(src_backup) by extensions ['colcon_meta']
[0.422s] Level 1:colcon.colcon_core.package_identification:_identify(src_backup) by extension 'colcon_meta'
[0.422s] Level 1:colcon.colcon_core.package_identification:_identify(src_backup) by extensions ['ros']
[0.422s] Level 1:colcon.colcon_core.package_identification:_identify(src_backup) by extension 'ros'
[0.422s] Level 1:colcon.colcon_core.package_identification:_identify(src_backup) by extensions ['cmake', 'python']
[0.422s] Level 1:colcon.colcon_core.package_identification:_identify(src_backup) by extension 'cmake'
[0.422s] Level 1:colcon.colcon_core.package_identification:_identify(src_backup) by extension 'python'
[0.422s] Level 1:colcon.colcon_core.package_identification:_identify(src_backup) by extensions ['python_setup_py']
[0.422s] Level 1:colcon.colcon_core.package_identification:_identify(src_backup) by extension 'python_setup_py'
[0.422s] Level 1:colcon.colcon_core.package_identification:_identify(src_backup/mypkg) by extensions ['ignore', 'ignore_ament_install']
[0.423s] Level 1:colcon.colcon_core.package_identification:_identify(src_backup/mypkg) by extension 'ignore'
[0.423s] Level 1:colcon.colcon_core.package_identification:_identify(src_backup/mypkg) by extension 'ignore_ament_install'
[0.423s] Level 1:colcon.colcon_core.package_identification:_identify(src_backup/mypkg) by extensions ['colcon_pkg']
[0.423s] Level 1:colcon.colcon_core.package_identification:_identify(src_backup/mypkg) by extension 'colcon_pkg'
[0.423s] Level 1:colcon.colcon_core.package_identification:_identify(src_backup/mypkg) by extensions ['colcon_meta']
[0.423s] Level 1:colcon.colcon_core.package_identification:_identify(src_backup/mypkg) by extension 'colcon_meta'
[0.423s] Level 1:colcon.colcon_core.package_identification:_identify(src_backup/mypkg) by extensions ['ros']
[0.423s] Level 1:colcon.colcon_core.package_identification:_identify(src_backup/mypkg) by extension 'ros'
[0.423s] Level 1:colcon.colcon_core.package_identification:_identify(src_backup/mypkg) by extensions ['cmake', 'python']
[0.423s] Level 1:colcon.colcon_core.package_identification:_identify(src_backup/mypkg) by extension 'cmake'
[0.423s] Level 1:colcon.colcon_core.package_identification:_identify(src_backup/mypkg) by extension 'python'
[0.423s] Level 1:colcon.colcon_core.package_identification:_identify(src_backup/mypkg) by extensions ['python_setup_py']
[0.423s] Level 1:colcon.colcon_core.package_identification:_identify(src_backup/mypkg) by extension 'python_setup_py'
[0.423s] Level 1:colcon.colcon_core.package_identification:_identify(src_backup/mypkg/mypkg) by extensions ['ignore', 'ignore_ament_install']
[0.423s] Level 1:colcon.colcon_core.package_identification:_identify(src_backup/mypkg/mypkg) by extension 'ignore'
[0.424s] Level 1:colcon.colcon_core.package_identification:_identify(src_backup/mypkg/mypkg) by extension 'ignore_ament_install'
[0.424s] Level 1:colcon.colcon_core.package_identification:_identify(src_backup/mypkg/mypkg) by extensions ['colcon_pkg']
[0.424s] Level 1:colcon.colcon_core.package_identification:_identify(src_backup/mypkg/mypkg) by extension 'colcon_pkg'
[0.424s] Level 1:colcon.colcon_core.package_identification:_identify(src_backup/mypkg/mypkg) by extensions ['colcon_meta']
[0.424s] Level 1:colcon.colcon_core.package_identification:_identify(src_backup/mypkg/mypkg) by extension 'colcon_meta'
[0.424s] Level 1:colcon.colcon_core.package_identification:_identify(src_backup/mypkg/mypkg) by extensions ['ros']
[0.424s] Level 1:colcon.colcon_core.package_identification:_identify(src_backup/mypkg/mypkg) by extension 'ros'
[0.424s] Level 1:colcon.colcon_core.package_identification:_identify(src_backup/mypkg/mypkg) by extensions ['cmake', 'python']
[0.424s] Level 1:colcon.colcon_core.package_identification:_identify(src_backup/mypkg/mypkg) by extension 'cmake'
[0.424s] Level 1:colcon.colcon_core.package_identification:_identify(src_backup/mypkg/mypkg) by extension 'python'
[0.424s] Level 1:colcon.colcon_core.package_identification:_identify(src_backup/mypkg/mypkg) by extensions ['python_setup_py']
[0.424s] Level 1:colcon.colcon_core.package_identification:_identify(src_backup/mypkg/mypkg) by extension 'python_setup_py'
[0.424s] Level 1:colcon.colcon_core.package_identification:_identify(src_backup/person_msgs) by extensions ['ignore', 'ignore_ament_install']
[0.424s] Level 1:colcon.colcon_core.package_identification:_identify(src_backup/person_msgs) by extension 'ignore'
[0.425s] Level 1:colcon.colcon_core.package_identification:_identify(src_backup/person_msgs) by extension 'ignore_ament_install'
[0.425s] Level 1:colcon.colcon_core.package_identification:_identify(src_backup/person_msgs) by extensions ['colcon_pkg']
[0.425s] Level 1:colcon.colcon_core.package_identification:_identify(src_backup/person_msgs) by extension 'colcon_pkg'
[0.425s] Level 1:colcon.colcon_core.package_identification:_identify(src_backup/person_msgs) by extensions ['colcon_meta']
[0.425s] Level 1:colcon.colcon_core.package_identification:_identify(src_backup/person_msgs) by extension 'colcon_meta'
[0.425s] Level 1:colcon.colcon_core.package_identification:_identify(src_backup/person_msgs) by extensions ['ros']
[0.425s] Level 1:colcon.colcon_core.package_identification:_identify(src_backup/person_msgs) by extension 'ros'
[0.425s] Level 1:colcon.colcon_core.package_identification:_identify(src_backup/person_msgs) by extensions ['cmake', 'python']
[0.425s] Level 1:colcon.colcon_core.package_identification:_identify(src_backup/person_msgs) by extension 'cmake'
[0.425s] Level 1:colcon.colcon_core.package_identification:_identify(src_backup/person_msgs) by extension 'python'
[0.425s] Level 1:colcon.colcon_core.package_identification:_identify(src_backup/person_msgs) by extensions ['python_setup_py']
[0.425s] Level 1:colcon.colcon_core.package_identification:_identify(src_backup/person_msgs) by extension 'python_setup_py'
[0.426s] Level 1:colcon.colcon_core.package_identification:_identify(src_backup/person_msgs/include) by extensions ['ignore', 'ignore_ament_install']
[0.426s] Level 1:colcon.colcon_core.package_identification:_identify(src_backup/person_msgs/include) by extension 'ignore'
[0.426s] Level 1:colcon.colcon_core.package_identification:_identify(src_backup/person_msgs/include) by extension 'ignore_ament_install'
[0.426s] Level 1:colcon.colcon_core.package_identification:_identify(src_backup/person_msgs/include) by extensions ['colcon_pkg']
[0.426s] Level 1:colcon.colcon_core.package_identification:_identify(src_backup/person_msgs/include) by extension 'colcon_pkg'
[0.426s] Level 1:colcon.colcon_core.package_identification:_identify(src_backup/person_msgs/include) by extensions ['colcon_meta']
[0.426s] Level 1:colcon.colcon_core.package_identification:_identify(src_backup/person_msgs/include) by extension 'colcon_meta'
[0.426s] Level 1:colcon.colcon_core.package_identification:_identify(src_backup/person_msgs/include) by extensions ['ros']
[0.427s] Level 1:colcon.colcon_core.package_identification:_identify(src_backup/person_msgs/include) by extension 'ros'
[0.427s] Level 1:colcon.colcon_core.package_identification:_identify(src_backup/person_msgs/include) by extensions ['cmake', 'python']
[0.427s] Level 1:colcon.colcon_core.package_identification:_identify(src_backup/person_msgs/include) by extension 'cmake'
[0.427s] Level 1:colcon.colcon_core.package_identification:_identify(src_backup/person_msgs/include) by extension 'python'
[0.427s] Level 1:colcon.colcon_core.package_identification:_identify(src_backup/person_msgs/include) by extensions ['python_setup_py']
[0.427s] Level 1:colcon.colcon_core.package_identification:_identify(src_backup/person_msgs/include) by extension 'python_setup_py'
[0.427s] Level 1:colcon.colcon_core.package_identification:_identify(src_backup/person_msgs/include/person_msgs) by extensions ['ignore', 'ignore_ament_install']
[0.427s] Level 1:colcon.colcon_core.package_identification:_identify(src_backup/person_msgs/include/person_msgs) by extension 'ignore'
[0.427s] Level 1:colcon.colcon_core.package_identification:_identify(src_backup/person_msgs/include/person_msgs) by extension 'ignore_ament_install'
[0.427s] Level 1:colcon.colcon_core.package_identification:_identify(src_backup/person_msgs/include/person_msgs) by extensions ['colcon_pkg']
[0.427s] Level 1:colcon.colcon_core.package_identification:_identify(src_backup/person_msgs/include/person_msgs) by extension 'colcon_pkg'
[0.427s] Level 1:colcon.colcon_core.package_identification:_identify(src_backup/person_msgs/include/person_msgs) by extensions ['colcon_meta']
[0.427s] Level 1:colcon.colcon_core.package_identification:_identify(src_backup/person_msgs/include/person_msgs) by extension 'colcon_meta'
[0.427s] Level 1:colcon.colcon_core.package_identification:_identify(src_backup/person_msgs/include/person_msgs) by extensions ['ros']
[0.427s] Level 1:colcon.colcon_core.package_identification:_identify(src_backup/person_msgs/include/person_msgs) by extension 'ros'
[0.428s] Level 1:colcon.colcon_core.package_identification:_identify(src_backup/person_msgs/include/person_msgs) by extensions ['cmake', 'python']
[0.428s] Level 1:colcon.colcon_core.package_identification:_identify(src_backup/person_msgs/include/person_msgs) by extension 'cmake'
[0.428s] Level 1:colcon.colcon_core.package_identification:_identify(src_backup/person_msgs/include/person_msgs) by extension 'python'
[0.428s] Level 1:colcon.colcon_core.package_identification:_identify(src_backup/person_msgs/include/person_msgs) by extensions ['python_setup_py']
[0.428s] Level 1:colcon.colcon_core.package_identification:_identify(src_backup/person_msgs/include/person_msgs) by extension 'python_setup_py'
[0.428s] Level 1:colcon.colcon_core.package_identification:_identify(src_backup/person_msgs/src) by extensions ['ignore', 'ignore_ament_install']
[0.428s] Level 1:colcon.colcon_core.package_identification:_identify(src_backup/person_msgs/src) by extension 'ignore'
[0.428s] Level 1:colcon.colcon_core.package_identification:_identify(src_backup/person_msgs/src) by extension 'ignore_ament_install'
[0.428s] Level 1:colcon.colcon_core.package_identification:_identify(src_backup/person_msgs/src) by extensions ['colcon_pkg']
[0.428s] Level 1:colcon.colcon_core.package_identification:_identify(src_backup/person_msgs/src) by extension 'colcon_pkg'
[0.428s] Level 1:colcon.colcon_core.package_identification:_identify(src_backup/person_msgs/src) by extensions ['colcon_meta']
[0.428s] Level 1:colcon.colcon_core.package_identification:_identify(src_backup/person_msgs/src) by extension 'colcon_meta'
[0.428s] Level 1:colcon.colcon_core.package_identification:_identify(src_backup/person_msgs/src) by extensions ['ros']
[0.428s] Level 1:colcon.colcon_core.package_identification:_identify(src_backup/person_msgs/src) by extension 'ros'
[0.428s] Level 1:colcon.colcon_core.package_identification:_identify(src_backup/person_msgs/src) by extensions ['cmake', 'python']
[0.428s] Level 1:colcon.colcon_core.package_identification:_identify(src_backup/person_msgs/src) by extension 'cmake'
[0.428s] Level 1:colcon.colcon_core.package_identification:_identify(src_backup/person_msgs/src) by extension 'python'
[0.429s] Level 1:colcon.colcon_core.package_identification:_identify(src_backup/person_msgs/src) by extensions ['python_setup_py']
[0.429s] Level 1:colcon.colcon_core.package_identification:_identify(src_backup/person_msgs/src) by extension 'python_setup_py'
[0.429s] Level 1:colcon.colcon_core.package_identification:_identify(src_safe_backup) by extensions ['ignore', 'ignore_ament_install']
[0.429s] Level 1:colcon.colcon_core.package_identification:_identify(src_safe_backup) by extension 'ignore'
[0.429s] Level 1:colcon.colcon_core.package_identification:_identify(src_safe_backup) by extension 'ignore_ament_install'
[0.429s] Level 1:colcon.colcon_core.package_identification:_identify(src_safe_backup) by extensions ['colcon_pkg']
[0.429s] Level 1:colcon.colcon_core.package_identification:_identify(src_safe_backup) by extension 'colcon_pkg'
[0.429s] Level 1:colcon.colcon_core.package_identification:_identify(src_safe_backup) by extensions ['colcon_meta']
[0.429s] Level 1:colcon.colcon_core.package_identification:_identify(src_safe_backup) by extension 'colcon_meta'
[0.429s] Level 1:colcon.colcon_core.package_identification:_identify(src_safe_backup) by extensions ['ros']
[0.429s] Level 1:colcon.colcon_core.package_identification:_identify(src_safe_backup) by extension 'ros'
[0.429s] Level 1:colcon.colcon_core.package_identification:_identify(src_safe_backup) by extensions ['cmake', 'python']
[0.429s] Level 1:colcon.colcon_core.package_identification:_identify(src_safe_backup) by extension 'cmake'
[0.429s] Level 1:colcon.colcon_core.package_identification:_identify(src_safe_backup) by extension 'python'
[0.429s] Level 1:colcon.colcon_core.package_identification:_identify(src_safe_backup) by extensions ['python_setup_py']
[0.429s] Level 1:colcon.colcon_core.package_identification:_identify(src_safe_backup) by extension 'python_setup_py'
[0.430s] Level 1:colcon.colcon_core.package_identification:_identify(src_safe_backup/mypkg) by extensions ['ignore', 'ignore_ament_install']
[0.430s] Level 1:colcon.colcon_core.package_identification:_identify(src_safe_backup/mypkg) by extension 'ignore'
[0.430s] Level 1:colcon.colcon_core.package_identification:_identify(src_safe_backup/mypkg) by extension 'ignore_ament_install'
[0.430s] Level 1:colcon.colcon_core.package_identification:_identify(src_safe_backup/mypkg) by extensions ['colcon_pkg']
[0.430s] Level 1:colcon.colcon_core.package_identification:_identify(src_safe_backup/mypkg) by extension 'colcon_pkg'
[0.430s] Level 1:colcon.colcon_core.package_identification:_identify(src_safe_backup/mypkg) by extensions ['colcon_meta']
[0.430s] Level 1:colcon.colcon_core.package_identification:_identify(src_safe_backup/mypkg) by extension 'colcon_meta'
[0.430s] Level 1:colcon.colcon_core.package_identification:_identify(src_safe_backup/mypkg) by extensions ['ros']
[0.430s] Level 1:colcon.colcon_core.package_identification:_identify(src_safe_backup/mypkg) by extension 'ros'
[0.430s] Level 1:colcon.colcon_core.package_identification:_identify(src_safe_backup/mypkg) by extensions ['cmake', 'python']
[0.430s] Level 1:colcon.colcon_core.package_identification:_identify(src_safe_backup/mypkg) by extension 'cmake'
[0.430s] Level 1:colcon.colcon_core.package_identification:_identify(src_safe_backup/mypkg) by extension 'python'
[0.430s] Level 1:colcon.colcon_core.package_identification:_identify(src_safe_backup/mypkg) by extensions ['python_setup_py']
[0.430s] Level 1:colcon.colcon_core.package_identification:_identify(src_safe_backup/mypkg) by extension 'python_setup_py'
[0.431s] Level 1:colcon.colcon_core.package_identification:_identify(src_safe_backup/mypkg/mypkg) by extensions ['ignore', 'ignore_ament_install']
[0.431s] Level 1:colcon.colcon_core.package_identification:_identify(src_safe_backup/mypkg/mypkg) by extension 'ignore'
[0.431s] Level 1:colcon.colcon_core.package_identification:_identify(src_safe_backup/mypkg/mypkg) by extension 'ignore_ament_install'
[0.431s] Level 1:colcon.colcon_core.package_identification:_identify(src_safe_backup/mypkg/mypkg) by extensions ['colcon_pkg']
[0.431s] Level 1:colcon.colcon_core.package_identification:_identify(src_safe_backup/mypkg/mypkg) by extension 'colcon_pkg'
[0.431s] Level 1:colcon.colcon_core.package_identification:_identify(src_safe_backup/mypkg/mypkg) by extensions ['colcon_meta']
[0.431s] Level 1:colcon.colcon_core.package_identification:_identify(src_safe_backup/mypkg/mypkg) by extension 'colcon_meta'
[0.431s] Level 1:colcon.colcon_core.package_identification:_identify(src_safe_backup/mypkg/mypkg) by extensions ['ros']
[0.431s] Level 1:colcon.colcon_core.package_identification:_identify(src_safe_backup/mypkg/mypkg) by extension 'ros'
[0.431s] Level 1:colcon.colcon_core.package_identification:_identify(src_safe_backup/mypkg/mypkg) by extensions ['cmake', 'python']
[0.431s] Level 1:colcon.colcon_core.package_identification:_identify(src_safe_backup/mypkg/mypkg) by extension 'cmake'
[0.431s] Level 1:colcon.colcon_core.package_identification:_identify(src_safe_backup/mypkg/mypkg) by extension 'python'
[0.431s] Level 1:colcon.colcon_core.package_identification:_identify(src_safe_backup/mypkg/mypkg) by extensions ['python_setup_py']
[0.431s] Level 1:colcon.colcon_core.package_identification:_identify(src_safe_backup/mypkg/mypkg) by extension 'python_setup_py'
[0.432s] Level 1:colcon.colcon_core.package_identification:_identify(src_safe_backup/person_msgs) by extensions ['ignore', 'ignore_ament_install']
[0.432s] Level 1:colcon.colcon_core.package_identification:_identify(src_safe_backup/person_msgs) by extension 'ignore'
[0.432s] Level 1:colcon.colcon_core.package_identification:_identify(src_safe_backup/person_msgs) by extension 'ignore_ament_install'
[0.432s] Level 1:colcon.colcon_core.package_identification:_identify(src_safe_backup/person_msgs) by extensions ['colcon_pkg']
[0.432s] Level 1:colcon.colcon_core.package_identification:_identify(src_safe_backup/person_msgs) by extension 'colcon_pkg'
[0.432s] Level 1:colcon.colcon_core.package_identification:_identify(src_safe_backup/person_msgs) by extensions ['colcon_meta']
[0.432s] Level 1:colcon.colcon_core.package_identification:_identify(src_safe_backup/person_msgs) by extension 'colcon_meta'
[0.432s] Level 1:colcon.colcon_core.package_identification:_identify(src_safe_backup/person_msgs) by extensions ['ros']
[0.432s] Level 1:colcon.colcon_core.package_identification:_identify(src_safe_backup/person_msgs) by extension 'ros'
[0.432s] Level 1:colcon.colcon_core.package_identification:_identify(src_safe_backup/person_msgs) by extensions ['cmake', 'python']
[0.432s] Level 1:colcon.colcon_core.package_identification:_identify(src_safe_backup/person_msgs) by extension 'cmake'
[0.432s] Level 1:colcon.colcon_core.package_identification:_identify(src_safe_backup/person_msgs) by extension 'python'
[0.432s] Level 1:colcon.colcon_core.package_identification:_identify(src_safe_backup/person_msgs) by extensions ['python_setup_py']
[0.432s] Level 1:colcon.colcon_core.package_identification:_identify(src_safe_backup/person_msgs) by extension 'python_setup_py'
[0.433s] Level 1:colcon.colcon_core.package_identification:_identify(src_safe_backup/person_msgs/include) by extensions ['ignore', 'ignore_ament_install']
[0.433s] Level 1:colcon.colcon_core.package_identification:_identify(src_safe_backup/person_msgs/include) by extension 'ignore'
[0.433s] Level 1:colcon.colcon_core.package_identification:_identify(src_safe_backup/person_msgs/include) by extension 'ignore_ament_install'
[0.433s] Level 1:colcon.colcon_core.package_identification:_identify(src_safe_backup/person_msgs/include) by extensions ['colcon_pkg']
[0.433s] Level 1:colcon.colcon_core.package_identification:_identify(src_safe_backup/person_msgs/include) by extension 'colcon_pkg'
[0.433s] Level 1:colcon.colcon_core.package_identification:_identify(src_safe_backup/person_msgs/include) by extensions ['colcon_meta']
[0.433s] Level 1:colcon.colcon_core.package_identification:_identify(src_safe_backup/person_msgs/include) by extension 'colcon_meta'
[0.433s] Level 1:colcon.colcon_core.package_identification:_identify(src_safe_backup/person_msgs/include) by extensions ['ros']
[0.433s] Level 1:colcon.colcon_core.package_identification:_identify(src_safe_backup/person_msgs/include) by extension 'ros'
[0.433s] Level 1:colcon.colcon_core.package_identification:_identify(src_safe_backup/person_msgs/include) by extensions ['cmake', 'python']
[0.433s] Level 1:colcon.colcon_core.package_identification:_identify(src_safe_backup/person_msgs/include) by extension 'cmake'
[0.433s] Level 1:colcon.colcon_core.package_identification:_identify(src_safe_backup/person_msgs/include) by extension 'python'
[0.433s] Level 1:colcon.colcon_core.package_identification:_identify(src_safe_backup/person_msgs/include) by extensions ['python_setup_py']
[0.433s] Level 1:colcon.colcon_core.package_identification:_identify(src_safe_backup/person_msgs/include) by extension 'python_setup_py'
[0.434s] Level 1:colcon.colcon_core.package_identification:_identify(src_safe_backup/person_msgs/include/person_msgs) by extensions ['ignore', 'ignore_ament_install']
[0.434s] Level 1:colcon.colcon_core.package_identification:_identify(src_safe_backup/person_msgs/include/person_msgs) by extension 'ignore'
[0.434s] Level 1:colcon.colcon_core.package_identification:_identify(src_safe_backup/person_msgs/include/person_msgs) by extension 'ignore_ament_install'
[0.434s] Level 1:colcon.colcon_core.package_identification:_identify(src_safe_backup/person_msgs/include/person_msgs) by extensions ['colcon_pkg']
[0.434s] Level 1:colcon.colcon_core.package_identification:_identify(src_safe_backup/person_msgs/include/person_msgs) by extension 'colcon_pkg'
[0.434s] Level 1:colcon.colcon_core.package_identification:_identify(src_safe_backup/person_msgs/include/person_msgs) by extensions ['colcon_meta']
[0.434s] Level 1:colcon.colcon_core.package_identification:_identify(src_safe_backup/person_msgs/include/person_msgs) by extension 'colcon_meta'
[0.434s] Level 1:colcon.colcon_core.package_identification:_identify(src_safe_backup/person_msgs/include/person_msgs) by extensions ['ros']
[0.434s] Level 1:colcon.colcon_core.package_identification:_identify(src_safe_backup/person_msgs/include/person_msgs) by extension 'ros'
[0.434s] Level 1:colcon.colcon_core.package_identification:_identify(src_safe_backup/person_msgs/include/person_msgs) by extensions ['cmake', 'python']
[0.434s] Level 1:colcon.colcon_core.package_identification:_identify(src_safe_backup/person_msgs/include/person_msgs) by extension 'cmake'
[0.434s] Level 1:colcon.colcon_core.package_identification:_identify(src_safe_backup/person_msgs/include/person_msgs) by extension 'python'
[0.434s] Level 1:colcon.colcon_core.package_identification:_identify(src_safe_backup/person_msgs/include/person_msgs) by extensions ['python_setup_py']
[0.434s] Level 1:colcon.colcon_core.package_identification:_identify(src_safe_backup/person_msgs/include/person_msgs) by extension 'python_setup_py'
[0.435s] Level 1:colcon.colcon_core.package_identification:_identify(src_safe_backup/person_msgs/src) by extensions ['ignore', 'ignore_ament_install']
[0.435s] Level 1:colcon.colcon_core.package_identification:_identify(src_safe_backup/person_msgs/src) by extension 'ignore'
[0.435s] Level 1:colcon.colcon_core.package_identification:_identify(src_safe_backup/person_msgs/src) by extension 'ignore_ament_install'
[0.435s] Level 1:colcon.colcon_core.package_identification:_identify(src_safe_backup/person_msgs/src) by extensions ['colcon_pkg']
[0.435s] Level 1:colcon.colcon_core.package_identification:_identify(src_safe_backup/person_msgs/src) by extension 'colcon_pkg'
[0.435s] Level 1:colcon.colcon_core.package_identification:_identify(src_safe_backup/person_msgs/src) by extensions ['colcon_meta']
[0.435s] Level 1:colcon.colcon_core.package_identification:_identify(src_safe_backup/person_msgs/src) by extension 'colcon_meta'
[0.435s] Level 1:colcon.colcon_core.package_identification:_identify(src_safe_backup/person_msgs/src) by extensions ['ros']
[0.435s] Level 1:colcon.colcon_core.package_identification:_identify(src_safe_backup/person_msgs/src) by extension 'ros'
[0.435s] Level 1:colcon.colcon_core.package_identification:_identify(src_safe_backup/person_msgs/src) by extensions ['cmake', 'python']
[0.435s] Level 1:colcon.colcon_core.package_identification:_identify(src_safe_backup/person_msgs/src) by extension 'cmake'
[0.435s] Level 1:colcon.colcon_core.package_identification:_identify(src_safe_backup/person_msgs/src) by extension 'python'
[0.435s] Level 1:colcon.colcon_core.package_identification:_identify(src_safe_backup/person_msgs/src) by extensions ['python_setup_py']
[0.435s] Level 1:colcon.colcon_core.package_identification:_identify(src_safe_backup/person_msgs/src) by extension 'python_setup_py'
[0.435s] Level 1:colcon.colcon_core.package_discovery:discover_packages(recursive) using defaults
[0.435s] Level 1:colcon.colcon_core.package_discovery:discover_packages(ignore) discover
[0.435s] Level 1:colcon.colcon_core.package_discovery:discover_packages(ignore) using defaults
[0.435s] Level 1:colcon.colcon_core.package_discovery:discover_packages(path) discover
[0.435s] Level 1:colcon.colcon_core.package_discovery:discover_packages(path) using defaults
[0.466s] Level 1:colcon.colcon_core.package_discovery:discover_packages(prefix_path) check parameters
[0.466s] Level 1:colcon.colcon_core.package_discovery:discover_packages(prefix_path) discover
[0.469s] WARNING:colcon.colcon_ros.prefix_path.ament:The path '/home/nbalu/ros2_ws/install/person_msgs' in the environment variable AMENT_PREFIX_PATH doesn't exist
[0.469s] WARNING:colcon.colcon_ros.prefix_path.ament:The path '/home/nbalu/ros2_ws/install/mypkg' in the environment variable AMENT_PREFIX_PATH doesn't exist
[0.469s] WARNING:colcon.colcon_ros.prefix_path.catkin:The path '/home/nbalu/ros2_ws/install/person_msgs' in the environment variable CMAKE_PREFIX_PATH doesn't exist
[0.471s] DEBUG:colcon.colcon_installed_package_information.package_discovery:Found 0 installed packages in /home/nbalu/ros2_ws/install
[0.472s] DEBUG:colcon.colcon_installed_package_information.package_discovery:Found 285 installed packages in /opt/ros/jazzy
[0.473s] Level 1:colcon.colcon_core.package_discovery:discover_packages(prefix_path) using defaults
[0.512s] Level 5:colcon.colcon_core.verb:set package 'person_msgs' build argument 'cmake_args' from command line to 'None'
[0.512s] Level 5:colcon.colcon_core.verb:set package 'person_msgs' build argument 'cmake_target' from command line to 'None'
[0.512s] Level 5:colcon.colcon_core.verb:set package 'person_msgs' build argument 'cmake_target_skip_unavailable' from command line to 'False'
[0.512s] Level 5:colcon.colcon_core.verb:set package 'person_msgs' build argument 'cmake_clean_cache' from command line to 'False'
[0.512s] Level 5:colcon.colcon_core.verb:set package 'person_msgs' build argument 'cmake_clean_first' from command line to 'False'
[0.512s] Level 5:colcon.colcon_core.verb:set package 'person_msgs' build argument 'cmake_force_configure' from command line to 'False'
[0.512s] Level 5:colcon.colcon_core.verb:set package 'person_msgs' build argument 'ament_cmake_args' from command line to 'None'
[0.512s] Level 5:colcon.colcon_core.verb:set package 'person_msgs' build argument 'catkin_cmake_args' from command line to 'None'
[0.512s] Level 5:colcon.colcon_core.verb:set package 'person_msgs' build argument 'catkin_skip_building_tests' from command line to 'False'
[0.512s] DEBUG:colcon.colcon_core.verb:Building package 'person_msgs' with the following arguments: {'ament_cmake_args': None, 'build_base': '/home/nbalu/ros2_ws/build/person_msgs', 'catkin_cmake_args': None, 'catkin_skip_building_tests': False, 'cmake_args': None, 'cmake_clean_cache': False, 'cmake_clean_first': False, 'cmake_force_configure': False, 'cmake_target': None, 'cmake_target_skip_unavailable': False, 'install_base': '/home/nbalu/ros2_ws/install/person_msgs', 'merge_install': False, 'path': '/home/nbalu/ros2_ws/src/person_msgs', 'symlink_install': True, 'test_result_base': None}
[0.512s] Level 5:colcon.colcon_core.verb:set package 'mypkg' build argument 'cmake_args' from command line to 'None'
[0.512s] Level 5:colcon.colcon_core.verb:set package 'mypkg' build argument 'cmake_target' from command line to 'None'
[0.513s] Level 5:colcon.colcon_core.verb:set package 'mypkg' build argument 'cmake_target_skip_unavailable' from command line to 'False'
[0.513s] Level 5:colcon.colcon_core.verb:set package 'mypkg' build argument 'cmake_clean_cache' from command line to 'False'
[0.513s] Level 5:colcon.colcon_core.verb:set package 'mypkg' build argument 'cmake_clean_first' from command line to 'False'
[0.513s] Level 5:colcon.colcon_core.verb:set package 'mypkg' build argument 'cmake_force_configure' from command line to 'False'
[0.513s] Level 5:colcon.colcon_core.verb:set package 'mypkg' build argument 'ament_cmake_args' from command line to 'None'
[0.513s] Level 5:colcon.colcon_core.verb:set package 'mypkg' build argument 'catkin_cmake_args' from command line to 'None'
[0.513s] Level 5:colcon.colcon_core.verb:set package 'mypkg' build argument 'catkin_skip_building_tests' from command line to 'False'
[0.513s] DEBUG:colcon.colcon_core.verb:Building package 'mypkg' with the following arguments: {'ament_cmake_args': None, 'build_base': '/home/nbalu/ros2_ws/build/mypkg', 'catkin_cmake_args': None, 'catkin_skip_building_tests': False, 'cmake_args': None, 'cmake_clean_cache': False, 'cmake_clean_first': False, 'cmake_force_configure': False, 'cmake_target': None, 'cmake_target_skip_unavailable': False, 'install_base': '/home/nbalu/ros2_ws/install/mypkg', 'merge_install': False, 'path': '/home/nbalu/ros2_ws/src/mypkg', 'symlink_install': True, 'test_result_base': None}
[0.513s] INFO:colcon.colcon_core.executor:Executing jobs using 'parallel' executor
[0.514s] DEBUG:colcon.colcon_parallel_executor.executor.parallel:run_until_complete
[0.514s] INFO:colcon.colcon_ros.task.ament_cmake.build:Building ROS package in '/home/nbalu/ros2_ws/src/person_msgs' with build type 'ament_cmake'
[0.514s] INFO:colcon.colcon_cmake.task.cmake.build:Building CMake package in '/home/nbalu/ros2_ws/src/person_msgs'
[0.522s] INFO:colcon.colcon_core.plugin_system:Skipping extension 'colcon_core.shell.bat': Not used on non-Windows systems
[0.522s] INFO:colcon.colcon_core.shell:Skip shell extension 'powershell' for command environment: Not usable outside of PowerShell
[0.522s] DEBUG:colcon.colcon_core.shell:Skip shell extension 'dsv' for command environment
[0.534s] DEBUG:colcon.colcon_core.event_handler.log_command:Invoking command in '/home/nbalu/ros2_ws/build/person_msgs': CMAKE_PREFIX_PATH=${CMAKE_PREFIX_PATH}:/home/nbalu/ros2_ws/install/mypkg:/opt/ros/jazzy /usr/bin/cmake /home/nbalu/ros2_ws/src/person_msgs -DAMENT_CMAKE_SYMLINK_INSTALL=1 -DCMAKE_INSTALL_PREFIX=/home/nbalu/ros2_ws/install/person_msgs
[5.969s] DEBUG:colcon.colcon_core.event_handler.log_command:Invoked command in '/home/nbalu/ros2_ws/build/person_msgs' returned '0': CMAKE_PREFIX_PATH=${CMAKE_PREFIX_PATH}:/home/nbalu/ros2_ws/install/mypkg:/opt/ros/jazzy /usr/bin/cmake /home/nbalu/ros2_ws/src/person_msgs -DAMENT_CMAKE_SYMLINK_INSTALL=1 -DCMAKE_INSTALL_PREFIX=/home/nbalu/ros2_ws/install/person_msgs
[5.970s] DEBUG:colcon.colcon_core.event_handler.log_command:Invoking command in '/home/nbalu/ros2_ws/build/person_msgs': CMAKE_PREFIX_PATH=${CMAKE_PREFIX_PATH}:/home/nbalu/ros2_ws/install/mypkg:/opt/ros/jazzy /usr/bin/cmake --build /home/nbalu/ros2_ws/build/person_msgs -- -j16 -l16
[9.274s] DEBUG:colcon.colcon_core.event_handler.log_command:Invoked command in '/home/nbalu/ros2_ws/build/person_msgs' returned '0': CMAKE_PREFIX_PATH=${CMAKE_PREFIX_PATH}:/home/nbalu/ros2_ws/install/mypkg:/opt/ros/jazzy /usr/bin/cmake --build /home/nbalu/ros2_ws/build/person_msgs -- -j16 -l16
[9.284s] DEBUG:colcon.colcon_core.event_handler.log_command:Invoking command in '/home/nbalu/ros2_ws/build/person_msgs': CMAKE_PREFIX_PATH=${CMAKE_PREFIX_PATH}:/home/nbalu/ros2_ws/install/mypkg:/opt/ros/jazzy /usr/bin/cmake --install /home/nbalu/ros2_ws/build/person_msgs
[7.497s] Level 1:colcon.colcon_core.environment:create_environment_scripts_only(person_msgs)
[7.498s] DEBUG:colcon.colcon_core.event_handler.log_command:Invoked command in '/home/nbalu/ros2_ws/build/person_msgs' returned '0': CMAKE_PREFIX_PATH=${CMAKE_PREFIX_PATH}:/home/nbalu/ros2_ws/install/mypkg:/opt/ros/jazzy /usr/bin/cmake --install /home/nbalu/ros2_ws/build/person_msgs
[7.504s] Level 1:colcon.colcon_core.environment:checking '/home/nbalu/ros2_ws/install/person_msgs' for CMake module files
[7.505s] Level 1:colcon.colcon_core.environment:checking '/home/nbalu/ros2_ws/install/person_msgs' for CMake config files
[7.505s] Level 1:colcon.colcon_core.shell:create_environment_hook('person_msgs', 'cmake_prefix_path')
[7.505s] INFO:colcon.colcon_core.shell:Creating environment hook '/home/nbalu/ros2_ws/install/person_msgs/share/person_msgs/hook/cmake_prefix_path.ps1'
[7.507s] INFO:colcon.colcon_core.shell:Creating environment descriptor '/home/nbalu/ros2_ws/install/person_msgs/share/person_msgs/hook/cmake_prefix_path.dsv'
[7.507s] INFO:colcon.colcon_core.shell:Creating environment hook '/home/nbalu/ros2_ws/install/person_msgs/share/person_msgs/hook/cmake_prefix_path.sh'
[7.508s] Level 1:colcon.colcon_core.environment:checking '/home/nbalu/ros2_ws/install/person_msgs/lib'
[7.508s] Level 1:colcon.colcon_core.shell:create_environment_hook('person_msgs', 'ld_library_path_lib')
[7.508s] INFO:colcon.colcon_core.shell:Creating environment hook '/home/nbalu/ros2_ws/install/person_msgs/share/person_msgs/hook/ld_library_path_lib.ps1'
[7.509s] INFO:colcon.colcon_core.shell:Creating environment descriptor '/home/nbalu/ros2_ws/install/person_msgs/share/person_msgs/hook/ld_library_path_lib.dsv'
[7.509s] INFO:colcon.colcon_core.shell:Creating environment hook '/home/nbalu/ros2_ws/install/person_msgs/share/person_msgs/hook/ld_library_path_lib.sh'
[7.509s] Level 1:colcon.colcon_core.environment:checking '/home/nbalu/ros2_ws/install/person_msgs/bin'
[7.509s] Level 1:colcon.colcon_core.environment:checking '/home/nbalu/ros2_ws/install/person_msgs/lib/pkgconfig/person_msgs.pc'
[7.510s] Level 1:colcon.colcon_core.environment:checking '/home/nbalu/ros2_ws/install/person_msgs/lib/python3.12/site-packages'
[7.510s] Level 1:colcon.colcon_core.shell:create_environment_hook('person_msgs', 'pythonpath')
[7.510s] INFO:colcon.colcon_core.shell:Creating environment hook '/home/nbalu/ros2_ws/install/person_msgs/share/person_msgs/hook/pythonpath.ps1'
[7.510s] INFO:colcon.colcon_core.shell:Creating environment descriptor '/home/nbalu/ros2_ws/install/person_msgs/share/person_msgs/hook/pythonpath.dsv'
[7.510s] INFO:colcon.colcon_core.shell:Creating environment hook '/home/nbalu/ros2_ws/install/person_msgs/share/person_msgs/hook/pythonpath.sh'
[7.511s] Level 1:colcon.colcon_core.environment:checking '/home/nbalu/ros2_ws/install/person_msgs/bin'
[7.511s] INFO:colcon.colcon_core.shell:Creating package script '/home/nbalu/ros2_ws/install/person_msgs/share/person_msgs/package.ps1'
[7.512s] INFO:colcon.colcon_core.shell:Creating package descriptor '/home/nbalu/ros2_ws/install/person_msgs/share/person_msgs/package.dsv'
[7.513s] INFO:colcon.colcon_core.shell:Creating package script '/home/nbalu/ros2_ws/install/person_msgs/share/person_msgs/package.sh'
[7.514s] INFO:colcon.colcon_core.shell:Creating package script '/home/nbalu/ros2_ws/install/person_msgs/share/person_msgs/package.bash'
[7.515s] INFO:colcon.colcon_core.shell:Creating package script '/home/nbalu/ros2_ws/install/person_msgs/share/person_msgs/package.zsh'
[7.516s] Level 1:colcon.colcon_core.environment:create_file_with_runtime_dependencies(/home/nbalu/ros2_ws/install/person_msgs/share/colcon-core/packages/person_msgs)
[7.517s] Level 1:colcon.colcon_core.environment:create_environment_scripts_only(person_msgs)
[7.517s] Level 1:colcon.colcon_core.environment:checking '/home/nbalu/ros2_ws/install/person_msgs' for CMake module files
[7.517s] Level 1:colcon.colcon_core.environment:checking '/home/nbalu/ros2_ws/install/person_msgs' for CMake config files
[7.518s] Level 1:colcon.colcon_core.shell:create_environment_hook('person_msgs', 'cmake_prefix_path')
[7.518s] INFO:colcon.colcon_core.shell:Creating environment hook '/home/nbalu/ros2_ws/install/person_msgs/share/person_msgs/hook/cmake_prefix_path.ps1'
[7.519s] INFO:colcon.colcon_core.shell:Creating environment descriptor '/home/nbalu/ros2_ws/install/person_msgs/share/person_msgs/hook/cmake_prefix_path.dsv'
[7.519s] INFO:colcon.colcon_core.shell:Creating environment hook '/home/nbalu/ros2_ws/install/person_msgs/share/person_msgs/hook/cmake_prefix_path.sh'
[7.519s] Level 1:colcon.colcon_core.environment:checking '/home/nbalu/ros2_ws/install/person_msgs/lib'
[7.520s] Level 1:colcon.colcon_core.shell:create_environment_hook('person_msgs', 'ld_library_path_lib')
[7.520s] INFO:colcon.colcon_core.shell:Creating environment hook '/home/nbalu/ros2_ws/install/person_msgs/share/person_msgs/hook/ld_library_path_lib.ps1'
[7.520s] INFO:colcon.colcon_core.shell:Creating environment descriptor '/home/nbalu/ros2_ws/install/person_msgs/share/person_msgs/hook/ld_library_path_lib.dsv'
[7.520s] INFO:colcon.colcon_core.shell:Creating environment hook '/home/nbalu/ros2_ws/install/person_msgs/share/person_msgs/hook/ld_library_path_lib.sh'
[7.521s] Level 1:colcon.colcon_core.environment:checking '/home/nbalu/ros2_ws/install/person_msgs/bin'
[7.521s] Level 1:colcon.colcon_core.environment:checking '/home/nbalu/ros2_ws/install/person_msgs/lib/pkgconfig/person_msgs.pc'
[7.521s] Level 1:colcon.colcon_core.environment:checking '/home/nbalu/ros2_ws/install/person_msgs/lib/python3.12/site-packages'
[7.521s] Level 1:colcon.colcon_core.shell:create_environment_hook('person_msgs', 'pythonpath')
[7.521s] INFO:colcon.colcon_core.shell:Creating environment hook '/home/nbalu/ros2_ws/install/person_msgs/share/person_msgs/hook/pythonpath.ps1'
[7.522s] INFO:colcon.colcon_core.shell:Creating environment descriptor '/home/nbalu/ros2_ws/install/person_msgs/share/person_msgs/hook/pythonpath.dsv'
[7.522s] INFO:colcon.colcon_core.shell:Creating environment hook '/home/nbalu/ros2_ws/install/person_msgs/share/person_msgs/hook/pythonpath.sh'
[7.523s] Level 1:colcon.colcon_core.environment:checking '/home/nbalu/ros2_ws/install/person_msgs/bin'
[7.523s] INFO:colcon.colcon_core.shell:Creating package script '/home/nbalu/ros2_ws/install/person_msgs/share/person_msgs/package.ps1'
[7.523s] INFO:colcon.colcon_core.shell:Creating package descriptor '/home/nbalu/ros2_ws/install/person_msgs/share/person_msgs/package.dsv'
[7.524s] INFO:colcon.colcon_core.shell:Creating package script '/home/nbalu/ros2_ws/install/person_msgs/share/person_msgs/package.sh'
[7.524s] INFO:colcon.colcon_core.shell:Creating package script '/home/nbalu/ros2_ws/install/person_msgs/share/person_msgs/package.bash'
[7.524s] INFO:colcon.colcon_core.shell:Creating package script '/home/nbalu/ros2_ws/install/person_msgs/share/person_msgs/package.zsh'
[7.525s] Level 1:colcon.colcon_core.environment:create_file_with_runtime_dependencies(/home/nbalu/ros2_ws/install/person_msgs/share/colcon-core/packages/person_msgs)
[7.525s] INFO:colcon.colcon_ros.task.ament_python.build:Building ROS package in '/home/nbalu/ros2_ws/src/mypkg' with build type 'ament_python'
[7.525s] Level 1:colcon.colcon_core.shell:create_environment_hook('mypkg', 'ament_prefix_path')
[7.526s] INFO:colcon.colcon_core.shell:Creating environment hook '/home/nbalu/ros2_ws/install/mypkg/share/mypkg/hook/ament_prefix_path.ps1'
[7.527s] INFO:colcon.colcon_core.shell:Creating environment descriptor '/home/nbalu/ros2_ws/install/mypkg/share/mypkg/hook/ament_prefix_path.dsv'
[7.527s] INFO:colcon.colcon_core.shell:Creating environment hook '/home/nbalu/ros2_ws/install/mypkg/share/mypkg/hook/ament_prefix_path.sh'
[7.528s] INFO:colcon.colcon_core.shell:Skip shell extension 'powershell' for command environment: Not usable outside of PowerShell
[7.528s] DEBUG:colcon.colcon_core.shell:Skip shell extension 'dsv' for command environment
[7.949s] INFO:colcon.colcon_core.task.python.build:Building Python package in '/home/nbalu/ros2_ws/src/mypkg'
[7.949s] INFO:colcon.colcon_core.shell:Skip shell extension 'powershell' for command environment: Not usable outside of PowerShell
[7.950s] DEBUG:colcon.colcon_core.shell:Skip shell extension 'dsv' for command environment
[8.920s] DEBUG:colcon.colcon_core.event_handler.log_command:Invoking command in '/home/nbalu/ros2_ws/build/mypkg': PYTHONPATH=/home/nbalu/ros2_ws/build/mypkg/prefix_override:/usr/lib/python3/dist-packages/colcon_core/task/python/colcon_distutils_commands:/home/nbalu/ros2_ws/install/mypkg/lib/python3.12/site-packages:/home/nbalu/ros2_ws/install/person_msgs/lib/python3.12/site-packages:/home/nbalu/ros2_ws/build/mypkg:/home/nbalu/ros2_ws/install/mypkg/lib/python3.12/site-packages:/opt/ros/jazzy/lib/python3.12/site-packages /usr/bin/python3 -W ignore:setup.py install is deprecated -W ignore:easy_install command is deprecated setup.py develop --editable --build-directory /home/nbalu/ros2_ws/build/mypkg/build --no-deps symlink_data
[9.429s] Level 1:colcon.colcon_core.shell:create_environment_hook('mypkg', 'pythonpath_develop')
[9.430s] DEBUG:colcon.colcon_core.event_handler.log_command:Invoked command in '/home/nbalu/ros2_ws/build/mypkg' returned '0': PYTHONPATH=/home/nbalu/ros2_ws/build/mypkg/prefix_override:/usr/lib/python3/dist-packages/colcon_core/task/python/colcon_distutils_commands:/home/nbalu/ros2_ws/install/mypkg/lib/python3.12/site-packages:/home/nbalu/ros2_ws/install/person_msgs/lib/python3.12/site-packages:/home/nbalu/ros2_ws/build/mypkg:/home/nbalu/ros2_ws/install/mypkg/lib/python3.12/site-packages:/opt/ros/jazzy/lib/python3.12/site-packages /usr/bin/python3 -W ignore:setup.py install is deprecated -W ignore:easy_install command is deprecated setup.py develop --editable --build-directory /home/nbalu/ros2_ws/build/mypkg/build --no-deps symlink_data
[9.430s] INFO:colcon.colcon_core.shell:Creating environment hook '/home/nbalu/ros2_ws/build/mypkg/share/mypkg/hook/pythonpath_develop.ps1'
[9.431s] INFO:colcon.colcon_core.shell:Creating environment descriptor '/home/nbalu/ros2_ws/build/mypkg/share/mypkg/hook/pythonpath_develop.dsv'
[9.432s] INFO:colcon.colcon_core.shell:Creating environment hook '/home/nbalu/ros2_ws/build/mypkg/share/mypkg/hook/pythonpath_develop.sh'
[9.432s] Level 1:colcon.colcon_core.environment:checking '/home/nbalu/ros2_ws/install/mypkg' for CMake module files
[9.432s] Level 1:colcon.colcon_core.environment:checking '/home/nbalu/ros2_ws/install/mypkg' for CMake config files
[9.433s] Level 1:colcon.colcon_core.environment:checking '/home/nbalu/ros2_ws/install/mypkg/lib'
[9.433s] Level 1:colcon.colcon_core.environment:checking '/home/nbalu/ros2_ws/install/mypkg/bin'
[9.433s] Level 1:colcon.colcon_core.environment:checking '/home/nbalu/ros2_ws/install/mypkg/lib/pkgconfig/mypkg.pc'
[9.433s] Level 1:colcon.colcon_core.environment:checking '/home/nbalu/ros2_ws/install/mypkg/lib/python3.12/site-packages'
[9.433s] Level 1:colcon.colcon_core.shell:create_environment_hook('mypkg', 'pythonpath')
[9.433s] INFO:colcon.colcon_core.shell:Creating environment hook '/home/nbalu/ros2_ws/install/mypkg/share/mypkg/hook/pythonpath.ps1'
[9.434s] INFO:colcon.colcon_core.shell:Creating environment descriptor '/home/nbalu/ros2_ws/install/mypkg/share/mypkg/hook/pythonpath.dsv'
[9.434s] INFO:colcon.colcon_core.shell:Creating environment hook '/home/nbalu/ros2_ws/install/mypkg/share/mypkg/hook/pythonpath.sh'
[9.434s] Level 1:colcon.colcon_core.environment:checking '/home/nbalu/ros2_ws/install/mypkg/bin'
[9.434s] Level 1:colcon.colcon_core.environment:create_environment_scripts_only(mypkg)
[9.435s] INFO:colcon.colcon_core.shell:Creating package script '/home/nbalu/ros2_ws/install/mypkg/share/mypkg/package.ps1'
[9.435s] INFO:colcon.colcon_core.shell:Creating package descriptor '/home/nbalu/ros2_ws/install/mypkg/share/mypkg/package.dsv'
[9.435s] INFO:colcon.colcon_core.shell:Creating package script '/home/nbalu/ros2_ws/install/mypkg/share/mypkg/package.sh'
[9.436s] INFO:colcon.colcon_core.shell:Creating package script '/home/nbalu/ros2_ws/install/mypkg/share/mypkg/package.bash'
[9.436s] INFO:colcon.colcon_core.shell:Creating package script '/home/nbalu/ros2_ws/install/mypkg/share/mypkg/package.zsh'
[9.436s] Level 1:colcon.colcon_core.environment:create_file_with_runtime_dependencies(/home/nbalu/ros2_ws/install/mypkg/share/colcon-core/packages/mypkg)
[9.437s] DEBUG:colcon.colcon_parallel_executor.executor.parallel:closing loop
[9.437s] DEBUG:colcon.colcon_parallel_executor.executor.parallel:loop closed
[9.437s] DEBUG:colcon.colcon_parallel_executor.executor.parallel:run_until_complete finished with '0'
[9.437s] DEBUG:colcon.colcon_core.event_reactor:joining thread
[9.495s] INFO:colcon.colcon_core.plugin_system:Skipping extension 'colcon_notification.desktop_notification.notify_send': Could not find 'notify-send'
[9.495s] INFO:colcon.colcon_core.plugin_system:Skipping extension 'colcon_notification.desktop_notification.terminal_notifier': Not used on non-Darwin systems
[9.495s] INFO:colcon.colcon_core.plugin_system:Skipping extension 'colcon_notification.desktop_notification.win32': Not used on non-Windows systems
[9.495s] INFO:colcon.colcon_notification.desktop_notification:Sending desktop notification using 'notify2'
[9.498s] DEBUG:colcon.colcon_notification.desktop_notification.notify2:Failed to initialize notify2: org.freedesktop.DBus.Error.ServiceUnknown: The name org.freedesktop.Notifications was not provided by any .service files
[9.498s] DEBUG:colcon.colcon_core.event_reactor:joined thread
[9.498s] INFO:colcon.colcon_core.shell:Creating prefix script '/home/nbalu/ros2_ws/install/local_setup.ps1'
[9.499s] INFO:colcon.colcon_core.shell:Creating prefix util module '/home/nbalu/ros2_ws/install/_local_setup_util_ps1.py'
[9.500s] INFO:colcon.colcon_core.shell:Creating prefix chain script '/home/nbalu/ros2_ws/install/setup.ps1'
[9.501s] INFO:colcon.colcon_core.shell:Creating prefix script '/home/nbalu/ros2_ws/install/local_setup.sh'
[9.502s] INFO:colcon.colcon_core.shell:Creating prefix util module '/home/nbalu/ros2_ws/install/_local_setup_util_sh.py'
[9.503s] INFO:colcon.colcon_core.shell:Creating prefix chain script '/home/nbalu/ros2_ws/install/setup.sh'
[9.504s] INFO:colcon.colcon_core.shell:Creating prefix script '/home/nbalu/ros2_ws/install/local_setup.bash'
[9.505s] INFO:colcon.colcon_core.shell:Creating prefix chain script '/home/nbalu/ros2_ws/install/setup.bash'
[9.505s] INFO:colcon.colcon_core.shell:Creating prefix script '/home/nbalu/ros2_ws/install/local_setup.zsh'
[9.506s] INFO:colcon.colcon_core.shell:Creating prefix chain script '/home/nbalu/ros2_ws/install/setup.zsh'
