-- The C compiler identification is GNU 13.3.0
-- The CXX compiler identification is GNU 13.3.0
-- Detecting C compiler ABI info
-- Detecting C compiler ABI info - done
-- Check for working C compiler: /usr/bin/cc - skipped
-- Detecting C compile features
-- Detecting C compile features - done
-- Detecting CXX compiler ABI info
-- Detecting CXX compiler ABI info - done
-- Check for working CXX compiler: /usr/bin/c++ - skipped
-- Detecting CXX compile features
-- Detecting CXX compile features - done
-- Found ament_cmake: 2.5.4 (/opt/ros/jazzy/share/ament_cmake/cmake)
-- Found Python3: /usr/bin/python3 (found version "3.12.3") found components: Interpreter 
-- Found rosidl_default_generators: 1.6.0 (/opt/ros/jazzy/share/rosidl_default_generators/cmake)
-- Using all available rosidl_typesupport_c: rosidl_typesupport_fastrtps_c;rosidl_typesupport_introspection_c
-- Using all available rosidl_typesupport_cpp: rosidl_typesupport_fastrtps_cpp;rosidl_typesupport_introspection_cpp
-- Found rosidl_adapter: 4.6.6 (/opt/ros/jazzy/share/rosidl_adapter/cmake)
-- Found ament_cmake_ros: 0.12.0 (/opt/ros/jazzy/share/ament_cmake_ros/cmake)
-- Using all available rosidl_typesupport_c: rosidl_typesupport_fastrtps_c;rosidl_typesupport_introspection_c
-- Using all available rosidl_typesupport_cpp: rosidl_typesupport_fastrtps_cpp;rosidl_typesupport_introspection_cpp
-- Found python_cmake_module: 0.11.1 (/opt/ros/jazzy/share/python_cmake_module/cmake)
-- Found PythonExtra: /usr/bin/python3  
-- Found Python3: /usr/bin/python3 (found version "3.12.3") found components: Interpreter Development NumPy Development.Module Development.Embed 
-- Configuring done (5.3s)
-- Generating done (0.1s)
-- Build files have been written to: /home/nbalu/ros2_ws/build/person_msgs
[  2%] [34m[1mGenerating type hashes for ROS interfaces[0m
[  2%] Built target ament_cmake_python_copy_person_msgs
running egg_info
creating person_msgs.egg-info
writing person_msgs.egg-info/PKG-INFO
writing dependency_links to person_msgs.egg-info/dependency_links.txt
writing top-level names to person_msgs.egg-info/top_level.txt
writing manifest file 'person_msgs.egg-info/SOURCES.txt'
[  2%] Built target person_msgs__rosidl_generator_type_description
[  4%] [34m[1mGenerating C code for ROS interfaces[0m
[  6%] [34m[1mGenerating C++ code for ROS interfaces[0m
reading manifest file 'person_msgs.egg-info/SOURCES.txt'
writing manifest file 'person_msgs.egg-info/SOURCES.txt'
[  6%] Built target ament_cmake_python_build_person_msgs_egg
[  6%] Built target person_msgs__cpp
[  9%] [32mBuilding C object CMakeFiles/person_msgs__rosidl_generator_c.dir/rosidl_generator_c/person_msgs/msg/detail/person__description.c.o[0m
[ 11%] [32mBuilding C object CMakeFiles/person_msgs__rosidl_generator_c.dir/rosidl_generator_c/person_msgs/msg/detail/person__functions.c.o[0m
[ 13%] [32mBuilding C object CMakeFiles/person_msgs__rosidl_generator_c.dir/rosidl_generator_c/person_msgs/msg/detail/person__type_support.c.o[0m
[ 15%] [32mBuilding C object CMakeFiles/person_msgs__rosidl_generator_c.dir/rosidl_generator_c/person_msgs/srv/detail/query__functions.c.o[0m
[ 20%] [32mBuilding C object CMakeFiles/person_msgs__rosidl_generator_c.dir/rosidl_generator_c/person_msgs/srv/detail/query__description.c.o[0m
[ 20%] [32mBuilding C object CMakeFiles/person_msgs__rosidl_generator_c.dir/rosidl_generator_c/person_msgs/srv/detail/query__type_support.c.o[0m
[ 22%] [32m[1mLinking C shared library libperson_msgs__rosidl_generator_c.so[0m
[ 22%] Built target person_msgs__rosidl_generator_c
[ 25%] [34m[1mGenerating C introspection for ROS interfaces[0m
[ 27%] [34m[1mGenerating C++ type support dispatch for ROS interfaces[0m
[ 29%] [34m[1mGenerating C type support dispatch for ROS interfaces[0m
[ 31%] [34m[1mGenerating C type support for eProsima Fast-RTPS[0m
[ 34%] [34m[1mGenerating C++ type support for eProsima Fast-RTPS[0m
[ 36%] [34m[1mGenerating C++ introspection for ROS interfaces[0m
[ 38%] [32mBuilding CXX object CMakeFiles/person_msgs__rosidl_typesupport_cpp.dir/rosidl_typesupport_cpp/person_msgs/msg/person__type_support.cpp.o[0m
[ 40%] [32mBuilding CXX object CMakeFiles/person_msgs__rosidl_typesupport_cpp.dir/rosidl_typesupport_cpp/person_msgs/srv/query__type_support.cpp.o[0m
[ 45%] [32mBuilding CXX object CMakeFiles/person_msgs__rosidl_typesupport_c.dir/rosidl_typesupport_c/person_msgs/srv/query__type_support.cpp.o[0m
[ 45%] [32mBuilding CXX object CMakeFiles/person_msgs__rosidl_typesupport_c.dir/rosidl_typesupport_c/person_msgs/msg/person__type_support.cpp.o[0m
[ 47%] [32mBuilding C object CMakeFiles/person_msgs__rosidl_typesupport_introspection_c.dir/rosidl_typesupport_introspection_c/person_msgs/srv/detail/query__type_support.c.o[0m
[ 50%] [32mBuilding C object CMakeFiles/person_msgs__rosidl_typesupport_introspection_c.dir/rosidl_typesupport_introspection_c/person_msgs/msg/detail/person__type_support.c.o[0m
[ 54%] [32mBuilding CXX object CMakeFiles/person_msgs__rosidl_typesupport_introspection_cpp.dir/rosidl_typesupport_introspection_cpp/person_msgs/srv/detail/query__type_support.cpp.o[0m
[ 54%] [32mBuilding CXX object CMakeFiles/person_msgs__rosidl_typesupport_introspection_cpp.dir/rosidl_typesupport_introspection_cpp/person_msgs/msg/detail/person__type_support.cpp.o[0m
[ 56%] [32mBuilding CXX object CMakeFiles/person_msgs__rosidl_typesupport_fastrtps_cpp.dir/rosidl_typesupport_fastrtps_cpp/person_msgs/msg/detail/dds_fastrtps/person__type_support.cpp.o[0m
[ 59%] [32mBuilding CXX object CMakeFiles/person_msgs__rosidl_typesupport_fastrtps_cpp.dir/rosidl_typesupport_fastrtps_cpp/person_msgs/srv/detail/dds_fastrtps/query__type_support.cpp.o[0m
[ 61%] [32m[1mLinking CXX shared library libperson_msgs__rosidl_typesupport_c.so[0m
[ 63%] [32m[1mLinking C shared library libperson_msgs__rosidl_typesupport_introspection_c.so[0m
[ 65%] [32mBuilding CXX object CMakeFiles/person_msgs__rosidl_typesupport_fastrtps_c.dir/rosidl_typesupport_fastrtps_c/person_msgs/msg/detail/person__type_support_c.cpp.o[0m
[ 68%] [32mBuilding CXX object CMakeFiles/person_msgs__rosidl_typesupport_fastrtps_c.dir/rosidl_typesupport_fastrtps_c/person_msgs/srv/detail/query__type_support_c.cpp.o[0m
[ 68%] Built target person_msgs__rosidl_typesupport_introspection_c
[ 68%] Built target person_msgs__rosidl_typesupport_c
[ 70%] [32m[1mLinking CXX shared library libperson_msgs__rosidl_typesupport_cpp.so[0m
[ 72%] [32m[1mLinking CXX shared library libperson_msgs__rosidl_typesupport_introspection_cpp.so[0m
[ 75%] [32m[1mLinking CXX shared library libperson_msgs__rosidl_typesupport_fastrtps_c.so[0m
[ 77%] [32m[1mLinking CXX shared library libperson_msgs__rosidl_typesupport_fastrtps_cpp.so[0m
[ 77%] Built target person_msgs__rosidl_typesupport_cpp
[ 77%] Built target person_msgs__rosidl_typesupport_introspection_cpp
[ 77%] Built target person_msgs__rosidl_typesupport_fastrtps_c
[ 77%] Built target person_msgs__rosidl_typesupport_fastrtps_cpp
[ 77%] Built target person_msgs
[ 79%] [34m[1mGenerating Python code for ROS interfaces[0m
[ 79%] Built target person_msgs__py
[ 81%] [32mBuilding C object CMakeFiles/person_msgs__rosidl_generator_py.dir/rosidl_generator_py/person_msgs/srv/_query_s.c.o[0m
[ 84%] [32mBuilding C object CMakeFiles/person_msgs__rosidl_generator_py.dir/rosidl_generator_py/person_msgs/msg/_person_s.c.o[0m
[ 86%] [32m[1mLinking C shared library libperson_msgs__rosidl_generator_py.so[0m
[ 86%] Built target person_msgs__rosidl_generator_py
[ 88%] [32mBuilding C object CMakeFiles/person_msgs_s__rosidl_typesupport_introspection_c.dir/rosidl_generator_py/person_msgs/_person_msgs_s.ep.rosidl_typesupport_introspection_c.c.o[0m
[ 90%] [32mBuilding C object CMakeFiles/person_msgs_s__rosidl_typesupport_fastrtps_c.dir/rosidl_generator_py/person_msgs/_person_msgs_s.ep.rosidl_typesupport_fastrtps_c.c.o[0m
[ 93%] [32mBuilding C object CMakeFiles/person_msgs_s__rosidl_typesupport_c.dir/rosidl_generator_py/person_msgs/_person_msgs_s.ep.rosidl_typesupport_c.c.o[0m
[ 95%] [32m[1mLinking C shared module rosidl_generator_py/person_msgs/person_msgs_s__rosidl_typesupport_c.so[0m
[ 97%] [32m[1mLinking C shared module rosidl_generator_py/person_msgs/person_msgs_s__rosidl_typesupport_introspection_c.so[0m
[100%] [32m[1mLinking C shared module rosidl_generator_py/person_msgs/person_msgs_s__rosidl_typesupport_fastrtps_c.so[0m
[100%] Built target person_msgs_s__rosidl_typesupport_fastrtps_c
[100%] Built target person_msgs_s__rosidl_typesupport_introspection_c
[100%] Built target person_msgs_s__rosidl_typesupport_c
-- Install configuration: ""
-- Installing: /home/nbalu/ros2_ws/install/person_msgs/share/ament_index/resource_index/rosidl_interfaces/person_msgs
-- Installing: /home/nbalu/ros2_ws/install/person_msgs/share/person_msgs/msg/Person.json
-- Installing: /home/nbalu/ros2_ws/install/person_msgs/share/person_msgs/srv/Query.json
-- Installing: /home/nbalu/ros2_ws/install/person_msgs/include/person_msgs/person_msgs
-- Installing: /home/nbalu/ros2_ws/install/person_msgs/include/person_msgs/person_msgs/msg
-- Installing: /home/nbalu/ros2_ws/install/person_msgs/include/person_msgs/person_msgs/msg/person.h
-- Installing: /home/nbalu/ros2_ws/install/person_msgs/include/person_msgs/person_msgs/msg/detail
-- Installing: /home/nbalu/ros2_ws/install/person_msgs/include/person_msgs/person_msgs/msg/detail/person__type_support.h
-- Installing: /home/nbalu/ros2_ws/install/person_msgs/include/person_msgs/person_msgs/msg/detail/person__description.c
-- Installing: /home/nbalu/ros2_ws/install/person_msgs/include/person_msgs/person_msgs/msg/detail/person__functions.c
-- Installing: /home/nbalu/ros2_ws/install/person_msgs/include/person_msgs/person_msgs/msg/detail/person__functions.h
-- Installing: /home/nbalu/ros2_ws/install/person_msgs/include/person_msgs/person_msgs/msg/detail/person__struct.h
-- Installing: /home/nbalu/ros2_ws/install/person_msgs/include/person_msgs/person_msgs/msg/detail/person__type_support.c
-- Installing: /home/nbalu/ros2_ws/install/person_msgs/include/person_msgs/person_msgs/msg/rosidl_generator_c__visibility_control.h
-- Installing: /home/nbalu/ros2_ws/install/person_msgs/include/person_msgs/person_msgs/srv
-- Installing: /home/nbalu/ros2_ws/install/person_msgs/include/person_msgs/person_msgs/srv/detail
-- Installing: /home/nbalu/ros2_ws/install/person_msgs/include/person_msgs/person_msgs/srv/detail/query__struct.h
-- Installing: /home/nbalu/ros2_ws/install/person_msgs/include/person_msgs/person_msgs/srv/detail/query__functions.c
-- Installing: /home/nbalu/ros2_ws/install/person_msgs/include/person_msgs/person_msgs/srv/detail/query__type_support.h
-- Installing: /home/nbalu/ros2_ws/install/person_msgs/include/person_msgs/person_msgs/srv/detail/query__type_support.c
-- Installing: /home/nbalu/ros2_ws/install/person_msgs/include/person_msgs/person_msgs/srv/detail/query__functions.h
-- Installing: /home/nbalu/ros2_ws/install/person_msgs/include/person_msgs/person_msgs/srv/detail/query__description.c
-- Installing: /home/nbalu/ros2_ws/install/person_msgs/include/person_msgs/person_msgs/srv/query.h
-- Installing: /home/nbalu/ros2_ws/install/person_msgs/share/person_msgs/environment/library_path.sh
-- Installing: /home/nbalu/ros2_ws/install/person_msgs/share/person_msgs/environment/library_path.dsv
-- Installing: /home/nbalu/ros2_ws/install/person_msgs/lib/libperson_msgs__rosidl_generator_c.so
-- Set non-toolchain portion of runtime path of "/home/nbalu/ros2_ws/install/person_msgs/lib/libperson_msgs__rosidl_generator_c.so" to ""
-- Up-to-date: /home/nbalu/ros2_ws/install/person_msgs/include/person_msgs/person_msgs
-- Up-to-date: /home/nbalu/ros2_ws/install/person_msgs/include/person_msgs/person_msgs/msg
-- Up-to-date: /home/nbalu/ros2_ws/install/person_msgs/include/person_msgs/person_msgs/msg/detail
-- Installing: /home/nbalu/ros2_ws/install/person_msgs/include/person_msgs/person_msgs/msg/detail/person__rosidl_typesupport_fastrtps_c.h
-- Installing: /home/nbalu/ros2_ws/install/person_msgs/include/person_msgs/person_msgs/msg/rosidl_typesupport_fastrtps_c__visibility_control.h
-- Up-to-date: /home/nbalu/ros2_ws/install/person_msgs/include/person_msgs/person_msgs/srv
-- Up-to-date: /home/nbalu/ros2_ws/install/person_msgs/include/person_msgs/person_msgs/srv/detail
-- Installing: /home/nbalu/ros2_ws/install/person_msgs/include/person_msgs/person_msgs/srv/detail/query__rosidl_typesupport_fastrtps_c.h
-- Installing: /home/nbalu/ros2_ws/install/person_msgs/lib/libperson_msgs__rosidl_typesupport_fastrtps_c.so
-- Set non-toolchain portion of runtime path of "/home/nbalu/ros2_ws/install/person_msgs/lib/libperson_msgs__rosidl_typesupport_fastrtps_c.so" to ""
-- Up-to-date: /home/nbalu/ros2_ws/install/person_msgs/include/person_msgs/person_msgs
-- Up-to-date: /home/nbalu/ros2_ws/install/person_msgs/include/person_msgs/person_msgs/msg
-- Up-to-date: /home/nbalu/ros2_ws/install/person_msgs/include/person_msgs/person_msgs/msg/detail
-- Installing: /home/nbalu/ros2_ws/install/person_msgs/include/person_msgs/person_msgs/msg/detail/person__rosidl_typesupport_introspection_c.h
-- Up-to-date: /home/nbalu/ros2_ws/install/person_msgs/include/person_msgs/person_msgs/msg/detail/person__type_support.c
-- Installing: /home/nbalu/ros2_ws/install/person_msgs/include/person_msgs/person_msgs/msg/rosidl_typesupport_introspection_c__visibility_control.h
-- Up-to-date: /home/nbalu/ros2_ws/install/person_msgs/include/person_msgs/person_msgs/srv
-- Up-to-date: /home/nbalu/ros2_ws/install/person_msgs/include/person_msgs/person_msgs/srv/detail
-- Up-to-date: /home/nbalu/ros2_ws/install/person_msgs/include/person_msgs/person_msgs/srv/detail/query__type_support.c
-- Installing: /home/nbalu/ros2_ws/install/person_msgs/include/person_msgs/person_msgs/srv/detail/query__rosidl_typesupport_introspection_c.h
-- Installing: /home/nbalu/ros2_ws/install/person_msgs/lib/libperson_msgs__rosidl_typesupport_introspection_c.so
-- Set non-toolchain portion of runtime path of "/home/nbalu/ros2_ws/install/person_msgs/lib/libperson_msgs__rosidl_typesupport_introspection_c.so" to ""
-- Installing: /home/nbalu/ros2_ws/install/person_msgs/lib/libperson_msgs__rosidl_typesupport_c.so
-- Set non-toolchain portion of runtime path of "/home/nbalu/ros2_ws/install/person_msgs/lib/libperson_msgs__rosidl_typesupport_c.so" to ""
-- Up-to-date: /home/nbalu/ros2_ws/install/person_msgs/include/person_msgs/person_msgs
-- Up-to-date: /home/nbalu/ros2_ws/install/person_msgs/include/person_msgs/person_msgs/msg
-- Up-to-date: /home/nbalu/ros2_ws/install/person_msgs/include/person_msgs/person_msgs/msg/detail
-- Installing: /home/nbalu/ros2_ws/install/person_msgs/include/person_msgs/person_msgs/msg/detail/person__traits.hpp
-- Installing: /home/nbalu/ros2_ws/install/person_msgs/include/person_msgs/person_msgs/msg/detail/person__builder.hpp
-- Installing: /home/nbalu/ros2_ws/install/person_msgs/include/person_msgs/person_msgs/msg/detail/person__struct.hpp
-- Installing: /home/nbalu/ros2_ws/install/person_msgs/include/person_msgs/person_msgs/msg/detail/person__type_support.hpp
-- Installing: /home/nbalu/ros2_ws/install/person_msgs/include/person_msgs/person_msgs/msg/person.hpp
-- Installing: /home/nbalu/ros2_ws/install/person_msgs/include/person_msgs/person_msgs/msg/rosidl_generator_cpp__visibility_control.hpp
-- Up-to-date: /home/nbalu/ros2_ws/install/person_msgs/include/person_msgs/person_msgs/srv
-- Installing: /home/nbalu/ros2_ws/install/person_msgs/include/person_msgs/person_msgs/srv/query.hpp
-- Up-to-date: /home/nbalu/ros2_ws/install/person_msgs/include/person_msgs/person_msgs/srv/detail
-- Installing: /home/nbalu/ros2_ws/install/person_msgs/include/person_msgs/person_msgs/srv/detail/query__builder.hpp
-- Installing: /home/nbalu/ros2_ws/install/person_msgs/include/person_msgs/person_msgs/srv/detail/query__type_support.hpp
-- Installing: /home/nbalu/ros2_ws/install/person_msgs/include/person_msgs/person_msgs/srv/detail/query__struct.hpp
-- Installing: /home/nbalu/ros2_ws/install/person_msgs/include/person_msgs/person_msgs/srv/detail/query__traits.hpp
-- Up-to-date: /home/nbalu/ros2_ws/install/person_msgs/include/person_msgs/person_msgs
-- Up-to-date: /home/nbalu/ros2_ws/install/person_msgs/include/person_msgs/person_msgs/msg
-- Up-to-date: /home/nbalu/ros2_ws/install/person_msgs/include/person_msgs/person_msgs/msg/detail
-- Installing: /home/nbalu/ros2_ws/install/person_msgs/include/person_msgs/person_msgs/msg/detail/person__rosidl_typesupport_fastrtps_cpp.hpp
-- Installing: /home/nbalu/ros2_ws/install/person_msgs/include/person_msgs/person_msgs/msg/detail/dds_fastrtps
-- Installing: /home/nbalu/ros2_ws/install/person_msgs/include/person_msgs/person_msgs/msg/rosidl_typesupport_fastrtps_cpp__visibility_control.h
-- Up-to-date: /home/nbalu/ros2_ws/install/person_msgs/include/person_msgs/person_msgs/srv
-- Up-to-date: /home/nbalu/ros2_ws/install/person_msgs/include/person_msgs/person_msgs/srv/detail
-- Installing: /home/nbalu/ros2_ws/install/person_msgs/include/person_msgs/person_msgs/srv/detail/query__rosidl_typesupport_fastrtps_cpp.hpp
-- Installing: /home/nbalu/ros2_ws/install/person_msgs/include/person_msgs/person_msgs/srv/detail/dds_fastrtps
-- Installing: /home/nbalu/ros2_ws/install/person_msgs/lib/libperson_msgs__rosidl_typesupport_fastrtps_cpp.so
-- Set non-toolchain portion of runtime path of "/home/nbalu/ros2_ws/install/person_msgs/lib/libperson_msgs__rosidl_typesupport_fastrtps_cpp.so" to ""
-- Up-to-date: /home/nbalu/ros2_ws/install/person_msgs/include/person_msgs/person_msgs
-- Up-to-date: /home/nbalu/ros2_ws/install/person_msgs/include/person_msgs/person_msgs/msg
-- Up-to-date: /home/nbalu/ros2_ws/install/person_msgs/include/person_msgs/person_msgs/msg/detail
-- Installing: /home/nbalu/ros2_ws/install/person_msgs/include/person_msgs/person_msgs/msg/detail/person__rosidl_typesupport_introspection_cpp.hpp
-- Installing: /home/nbalu/ros2_ws/install/person_msgs/include/person_msgs/person_msgs/msg/detail/person__type_support.cpp
-- Up-to-date: /home/nbalu/ros2_ws/install/person_msgs/include/person_msgs/person_msgs/srv
-- Up-to-date: /home/nbalu/ros2_ws/install/person_msgs/include/person_msgs/person_msgs/srv/detail
-- Installing: /home/nbalu/ros2_ws/install/person_msgs/include/person_msgs/person_msgs/srv/detail/query__rosidl_typesupport_introspection_cpp.hpp
-- Installing: /home/nbalu/ros2_ws/install/person_msgs/include/person_msgs/person_msgs/srv/detail/query__type_support.cpp
-- Installing: /home/nbalu/ros2_ws/install/person_msgs/lib/libperson_msgs__rosidl_typesupport_introspection_cpp.so
-- Set non-toolchain portion of runtime path of "/home/nbalu/ros2_ws/install/person_msgs/lib/libperson_msgs__rosidl_typesupport_introspection_cpp.so" to ""
-- Installing: /home/nbalu/ros2_ws/install/person_msgs/lib/libperson_msgs__rosidl_typesupport_cpp.so
-- Set non-toolchain portion of runtime path of "/home/nbalu/ros2_ws/install/person_msgs/lib/libperson_msgs__rosidl_typesupport_cpp.so" to ""
-- Installing: /home/nbalu/ros2_ws/install/person_msgs/share/person_msgs/environment/pythonpath.sh
-- Installing: /home/nbalu/ros2_ws/install/person_msgs/share/person_msgs/environment/pythonpath.dsv
-- Installing: /home/nbalu/ros2_ws/install/person_msgs/lib/python3.12/site-packages/person_msgs-0.0.0-py3.12.egg-info
-- Installing: /home/nbalu/ros2_ws/install/person_msgs/lib/python3.12/site-packages/person_msgs-0.0.0-py3.12.egg-info/PKG-INFO
-- Installing: /home/nbalu/ros2_ws/install/person_msgs/lib/python3.12/site-packages/person_msgs-0.0.0-py3.12.egg-info/SOURCES.txt
-- Installing: /home/nbalu/ros2_ws/install/person_msgs/lib/python3.12/site-packages/person_msgs-0.0.0-py3.12.egg-info/dependency_links.txt
-- Installing: /home/nbalu/ros2_ws/install/person_msgs/lib/python3.12/site-packages/person_msgs-0.0.0-py3.12.egg-info/top_level.txt
-- Installing: /home/nbalu/ros2_ws/install/person_msgs/lib/python3.12/site-packages/person_msgs
-- Installing: /home/nbalu/ros2_ws/install/person_msgs/lib/python3.12/site-packages/person_msgs/person_msgs_s__rosidl_typesupport_introspection_c.so
-- Installing: /home/nbalu/ros2_ws/install/person_msgs/lib/python3.12/site-packages/person_msgs/person_msgs_s__rosidl_typesupport_fastrtps_c.so
-- Installing: /home/nbalu/ros2_ws/install/person_msgs/lib/python3.12/site-packages/person_msgs/msg
-- Installing: /home/nbalu/ros2_ws/install/person_msgs/lib/python3.12/site-packages/person_msgs/msg/_person_s.c
-- Installing: /home/nbalu/ros2_ws/install/person_msgs/lib/python3.12/site-packages/person_msgs/msg/__init__.py
-- Installing: /home/nbalu/ros2_ws/install/person_msgs/lib/python3.12/site-packages/person_msgs/msg/_person.py
-- Installing: /home/nbalu/ros2_ws/install/person_msgs/lib/python3.12/site-packages/person_msgs/person_msgs_s__rosidl_typesupport_c.so
-- Installing: /home/nbalu/ros2_ws/install/person_msgs/lib/python3.12/site-packages/person_msgs/_person_msgs_s.ep.rosidl_typesupport_fastrtps_c.c
-- Installing: /home/nbalu/ros2_ws/install/person_msgs/lib/python3.12/site-packages/person_msgs/__init__.py
-- Installing: /home/nbalu/ros2_ws/install/person_msgs/lib/python3.12/site-packages/person_msgs/_person_msgs_s.ep.rosidl_typesupport_c.c
-- Installing: /home/nbalu/ros2_ws/install/person_msgs/lib/python3.12/site-packages/person_msgs/srv
-- Installing: /home/nbalu/ros2_ws/install/person_msgs/lib/python3.12/site-packages/person_msgs/srv/_query.py
-- Installing: /home/nbalu/ros2_ws/install/person_msgs/lib/python3.12/site-packages/person_msgs/srv/__init__.py
-- Installing: /home/nbalu/ros2_ws/install/person_msgs/lib/python3.12/site-packages/person_msgs/srv/_query_s.c
-- Installing: /home/nbalu/ros2_ws/install/person_msgs/lib/python3.12/site-packages/person_msgs/_person_msgs_s.ep.rosidl_typesupport_introspection_c.c
Listing '/home/nbalu/ros2_ws/install/person_msgs/lib/python3.12/site-packages/person_msgs'...
Compiling '/home/nbalu/ros2_ws/install/person_msgs/lib/python3.12/site-packages/person_msgs/__init__.py'...
Listing '/home/nbalu/ros2_ws/install/person_msgs/lib/python3.12/site-packages/person_msgs/msg'...
Compiling '/home/nbalu/ros2_ws/install/person_msgs/lib/python3.12/site-packages/person_msgs/msg/__init__.py'...
Compiling '/home/nbalu/ros2_ws/install/person_msgs/lib/python3.12/site-packages/person_msgs/msg/_person.py'...
Listing '/home/nbalu/ros2_ws/install/person_msgs/lib/python3.12/site-packages/person_msgs/srv'...
Compiling '/home/nbalu/ros2_ws/install/person_msgs/lib/python3.12/site-packages/person_msgs/srv/__init__.py'...
Compiling '/home/nbalu/ros2_ws/install/person_msgs/lib/python3.12/site-packages/person_msgs/srv/_query.py'...
-- Installing: /home/nbalu/ros2_ws/install/person_msgs/lib/python3.12/site-packages/person_msgs/person_msgs_s__rosidl_typesupport_fastrtps_c.so
-- Set non-toolchain portion of runtime path of "/home/nbalu/ros2_ws/install/person_msgs/lib/python3.12/site-packages/person_msgs/person_msgs_s__rosidl_typesupport_fastrtps_c.so" to ""
-- Installing: /home/nbalu/ros2_ws/install/person_msgs/lib/python3.12/site-packages/person_msgs/person_msgs_s__rosidl_typesupport_introspection_c.so
-- Set non-toolchain portion of runtime path of "/home/nbalu/ros2_ws/install/person_msgs/lib/python3.12/site-packages/person_msgs/person_msgs_s__rosidl_typesupport_introspection_c.so" to ""
-- Installing: /home/nbalu/ros2_ws/install/person_msgs/lib/python3.12/site-packages/person_msgs/person_msgs_s__rosidl_typesupport_c.so
-- Set non-toolchain portion of runtime path of "/home/nbalu/ros2_ws/install/person_msgs/lib/python3.12/site-packages/person_msgs/person_msgs_s__rosidl_typesupport_c.so" to ""
-- Installing: /home/nbalu/ros2_ws/install/person_msgs/lib/libperson_msgs__rosidl_generator_py.so
-- Set non-toolchain portion of runtime path of "/home/nbalu/ros2_ws/install/person_msgs/lib/libperson_msgs__rosidl_generator_py.so" to ""
-- Installing: /home/nbalu/ros2_ws/install/person_msgs/share/person_msgs/msg/Person.idl
-- Installing: /home/nbalu/ros2_ws/install/person_msgs/share/person_msgs/srv/Query.idl
-- Installing: /home/nbalu/ros2_ws/install/person_msgs/share/person_msgs/msg/Person.msg
-- Installing: /home/nbalu/ros2_ws/install/person_msgs/share/person_msgs/srv/Query.srv
-- Installing: /home/nbalu/ros2_ws/install/person_msgs/share/ament_index/resource_index/package_run_dependencies/person_msgs
-- Installing: /home/nbalu/ros2_ws/install/person_msgs/share/ament_index/resource_index/parent_prefix_path/person_msgs
-- Installing: /home/nbalu/ros2_ws/install/person_msgs/share/person_msgs/environment/ament_prefix_path.sh
-- Installing: /home/nbalu/ros2_ws/install/person_msgs/share/person_msgs/environment/ament_prefix_path.dsv
-- Installing: /home/nbalu/ros2_ws/install/person_msgs/share/person_msgs/environment/path.sh
-- Installing: /home/nbalu/ros2_ws/install/person_msgs/share/person_msgs/environment/path.dsv
-- Installing: /home/nbalu/ros2_ws/install/person_msgs/share/person_msgs/local_setup.bash
-- Installing: /home/nbalu/ros2_ws/install/person_msgs/share/person_msgs/local_setup.sh
-- Installing: /home/nbalu/ros2_ws/install/person_msgs/share/person_msgs/local_setup.zsh
-- Installing: /home/nbalu/ros2_ws/install/person_msgs/share/person_msgs/local_setup.dsv
-- Installing: /home/nbalu/ros2_ws/install/person_msgs/share/person_msgs/package.dsv
-- Installing: /home/nbalu/ros2_ws/install/person_msgs/share/ament_index/resource_index/packages/person_msgs
-- Installing: /home/nbalu/ros2_ws/install/person_msgs/share/person_msgs/cmake/export_person_msgs__rosidl_generator_cExport.cmake
-- Installing: /home/nbalu/ros2_ws/install/person_msgs/share/person_msgs/cmake/export_person_msgs__rosidl_generator_cExport-noconfig.cmake
-- Installing: /home/nbalu/ros2_ws/install/person_msgs/share/person_msgs/cmake/export_person_msgs__rosidl_typesupport_fastrtps_cExport.cmake
-- Installing: /home/nbalu/ros2_ws/install/person_msgs/share/person_msgs/cmake/export_person_msgs__rosidl_typesupport_fastrtps_cExport-noconfig.cmake
-- Installing: /home/nbalu/ros2_ws/install/person_msgs/share/person_msgs/cmake/person_msgs__rosidl_typesupport_introspection_cExport.cmake
-- Installing: /home/nbalu/ros2_ws/install/person_msgs/share/person_msgs/cmake/person_msgs__rosidl_typesupport_introspection_cExport-noconfig.cmake
-- Installing: /home/nbalu/ros2_ws/install/person_msgs/share/person_msgs/cmake/person_msgs__rosidl_typesupport_cExport.cmake
-- Installing: /home/nbalu/ros2_ws/install/person_msgs/share/person_msgs/cmake/person_msgs__rosidl_typesupport_cExport-noconfig.cmake
-- Installing: /home/nbalu/ros2_ws/install/person_msgs/share/person_msgs/cmake/export_person_msgs__rosidl_generator_cppExport.cmake
-- Installing: /home/nbalu/ros2_ws/install/person_msgs/share/person_msgs/cmake/export_person_msgs__rosidl_typesupport_fastrtps_cppExport.cmake
-- Installing: /home/nbalu/ros2_ws/install/person_msgs/share/person_msgs/cmake/export_person_msgs__rosidl_typesupport_fastrtps_cppExport-noconfig.cmake
-- Installing: /home/nbalu/ros2_ws/install/person_msgs/share/person_msgs/cmake/person_msgs__rosidl_typesupport_introspection_cppExport.cmake
-- Installing: /home/nbalu/ros2_ws/install/person_msgs/share/person_msgs/cmake/person_msgs__rosidl_typesupport_introspection_cppExport-noconfig.cmake
-- Installing: /home/nbalu/ros2_ws/install/person_msgs/share/person_msgs/cmake/person_msgs__rosidl_typesupport_cppExport.cmake
-- Installing: /home/nbalu/ros2_ws/install/person_msgs/share/person_msgs/cmake/person_msgs__rosidl_typesupport_cppExport-noconfig.cmake
-- Installing: /home/nbalu/ros2_ws/install/person_msgs/share/person_msgs/cmake/export_person_msgs__rosidl_generator_pyExport.cmake
-- Installing: /home/nbalu/ros2_ws/install/person_msgs/share/person_msgs/cmake/export_person_msgs__rosidl_generator_pyExport-noconfig.cmake
-- Installing: /home/nbalu/ros2_ws/install/person_msgs/share/person_msgs/cmake/rosidl_cmake-extras.cmake
-- Installing: /home/nbalu/ros2_ws/install/person_msgs/share/person_msgs/cmake/ament_cmake_export_dependencies-extras.cmake
-- Installing: /home/nbalu/ros2_ws/install/person_msgs/share/person_msgs/cmake/ament_cmake_export_include_directories-extras.cmake
-- Installing: /home/nbalu/ros2_ws/install/person_msgs/share/person_msgs/cmake/ament_cmake_export_libraries-extras.cmake
-- Installing: /home/nbalu/ros2_ws/install/person_msgs/share/person_msgs/cmake/ament_cmake_export_targets-extras.cmake
-- Installing: /home/nbalu/ros2_ws/install/person_msgs/share/person_msgs/cmake/rosidl_cmake_export_typesupport_targets-extras.cmake
-- Installing: /home/nbalu/ros2_ws/install/person_msgs/share/person_msgs/cmake/rosidl_cmake_export_typesupport_libraries-extras.cmake
-- Installing: /home/nbalu/ros2_ws/install/person_msgs/share/person_msgs/cmake/person_msgsConfig.cmake
-- Installing: /home/nbalu/ros2_ws/install/person_msgs/share/person_msgs/cmake/person_msgsConfig-version.cmake
-- Installing: /home/nbalu/ros2_ws/install/person_msgs/share/person_msgs/package.xml
