[0.015s] Invoking command in '/home/nbalu/ros2_ws/build/person_msgs': CMAKE_PREFIX_PATH=${CMAKE_PREFIX_PATH}:/home/nbalu/ros2_ws/install/mypkg:/opt/ros/jazzy /usr/bin/cmake /home/nbalu/ros2_ws/src/person_msgs -DCMAKE_INSTALL_PREFIX=/home/nbalu/ros2_ws/install/person_msgs
[0.560s] -- The C compiler identification is GNU 13.3.0
[1.189s] -- The CXX compiler identification is GNU 13.3.0
[1.619s] -- Detecting C compiler ABI info
[1.894s] -- Detecting C compiler ABI info - done
[1.902s] -- Check for working C compiler: /usr/bin/cc - skipped
[1.902s] -- Detecting C compile features
[1.903s] -- Detecting C compile features - done
[1.976s] -- Detecting CXX compiler ABI info
[2.224s] -- Detecting CXX compiler ABI info - done
[2.233s] -- Check for working CXX compiler: /usr/bin/c++ - skipped
[2.233s] -- Detecting CXX compile features
[2.233s] -- Detecting CXX compile features - done
[2.245s] -- Found ament_cmake: 2.5.4 (/opt/ros/jazzy/share/ament_cmake/cmake)
[2.394s] -- Found Python3: /usr/bin/python3 (found version "3.12.3") found components: Interpreter 
[2.561s] -- Found rosidl_default_generators: 1.6.0 (/opt/ros/jazzy/share/rosidl_default_generators/cmake)
[2.575s] -- Using all available rosidl_typesupport_c: rosidl_typesupport_fastrtps_c;rosidl_typesupport_introspection_c
[2.746s] -- Using all available rosidl_typesupport_cpp: rosidl_typesupport_fastrtps_cpp;rosidl_typesupport_introspection_cpp
[2.801s] -- Found rosidl_adapter: 4.6.6 (/opt/ros/jazzy/share/rosidl_adapter/cmake)
[3.495s] -- Found ament_cmake_ros: 0.12.0 (/opt/ros/jazzy/share/ament_cmake_ros/cmake)
[3.993s] -- Using all available rosidl_typesupport_c: rosidl_typesupport_fastrtps_c;rosidl_typesupport_introspection_c
[4.663s] -- Using all available rosidl_typesupport_cpp: rosidl_typesupport_fastrtps_cpp;rosidl_typesupport_introspection_cpp
[4.670s] -- Found python_cmake_module: 0.11.1 (/opt/ros/jazzy/share/python_cmake_module/cmake)
[4.813s] -- Found PythonExtra: /usr/bin/python3  
[5.387s] -- Found Python3: /usr/bin/python3 (found version "3.12.3") found components: Interpreter Development NumPy Development.Module Development.Embed 
[5.455s] -- Configuring done (5.3s)
[5.518s] -- Generating done (0.1s)
[5.530s] -- Build files have been written to: /home/nbalu/ros2_ws/build/person_msgs
[5.539s] Invoked command in '/home/nbalu/ros2_ws/build/person_msgs' returned '0': CMAKE_PREFIX_PATH=${CMAKE_PREFIX_PATH}:/home/nbalu/ros2_ws/install/mypkg:/opt/ros/jazzy /usr/bin/cmake /home/nbalu/ros2_ws/src/person_msgs -DCMAKE_INSTALL_PREFIX=/home/nbalu/ros2_ws/install/person_msgs
[5.540s] Invoking command in '/home/nbalu/ros2_ws/build/person_msgs': CMAKE_PREFIX_PATH=${CMAKE_PREFIX_PATH}:/home/nbalu/ros2_ws/install/mypkg:/opt/ros/jazzy /usr/bin/cmake --build /home/nbalu/ros2_ws/build/person_msgs -- -j16 -l16
[5.588s] [  2%] [34m[1mGenerating type hashes for ROS interfaces[0m
[5.598s] [  2%] Built target ament_cmake_python_copy_person_msgs
[5.776s] running egg_info
[5.777s] creating person_msgs.egg-info
[5.792s] writing person_msgs.egg-info/PKG-INFO
[5.792s] writing dependency_links to person_msgs.egg-info/dependency_links.txt
[5.792s] writing top-level names to person_msgs.egg-info/top_level.txt
[5.792s] writing manifest file 'person_msgs.egg-info/SOURCES.txt'
[5.794s] [  2%] Built target person_msgs__rosidl_generator_type_description
[5.803s] [  4%] [34m[1mGenerating C code for ROS interfaces[0m
[5.813s] [  6%] [34m[1mGenerating C++ code for ROS interfaces[0m
[5.838s] reading manifest file 'person_msgs.egg-info/SOURCES.txt'
[5.839s] writing manifest file 'person_msgs.egg-info/SOURCES.txt'
[5.864s] [  6%] Built target ament_cmake_python_build_person_msgs_egg
[6.078s] [  6%] Built target person_msgs__cpp
[6.111s] [  9%] [32mBuilding C object CMakeFiles/person_msgs__rosidl_generator_c.dir/rosidl_generator_c/person_msgs/msg/detail/person__description.c.o[0m
[6.111s] [ 11%] [32mBuilding C object CMakeFiles/person_msgs__rosidl_generator_c.dir/rosidl_generator_c/person_msgs/msg/detail/person__functions.c.o[0m
[6.111s] [ 13%] [32mBuilding C object CMakeFiles/person_msgs__rosidl_generator_c.dir/rosidl_generator_c/person_msgs/msg/detail/person__type_support.c.o[0m
[6.111s] [ 15%] [32mBuilding C object CMakeFiles/person_msgs__rosidl_generator_c.dir/rosidl_generator_c/person_msgs/srv/detail/query__functions.c.o[0m
[6.115s] [ 20%] [32mBuilding C object CMakeFiles/person_msgs__rosidl_generator_c.dir/rosidl_generator_c/person_msgs/srv/detail/query__description.c.o[0m
[6.116s] [ 20%] [32mBuilding C object CMakeFiles/person_msgs__rosidl_generator_c.dir/rosidl_generator_c/person_msgs/srv/detail/query__type_support.c.o[0m
[6.210s] [ 22%] [32m[1mLinking C shared library libperson_msgs__rosidl_generator_c.so[0m
[6.342s] [ 22%] Built target person_msgs__rosidl_generator_c
[6.352s] [ 25%] [34m[1mGenerating C introspection for ROS interfaces[0m
[6.353s] [ 27%] [34m[1mGenerating C++ type support dispatch for ROS interfaces[0m
[6.353s] [ 29%] [34m[1mGenerating C type support dispatch for ROS interfaces[0m
[6.356s] [ 31%] [34m[1mGenerating C type support for eProsima Fast-RTPS[0m
[6.356s] [ 34%] [34m[1mGenerating C++ type support for eProsima Fast-RTPS[0m
[6.360s] [ 36%] [34m[1mGenerating C++ introspection for ROS interfaces[0m
[6.625s] [ 38%] [32mBuilding CXX object CMakeFiles/person_msgs__rosidl_typesupport_cpp.dir/rosidl_typesupport_cpp/person_msgs/msg/person__type_support.cpp.o[0m
[6.628s] [ 40%] [32mBuilding CXX object CMakeFiles/person_msgs__rosidl_typesupport_cpp.dir/rosidl_typesupport_cpp/person_msgs/srv/query__type_support.cpp.o[0m
[6.639s] [ 45%] [32mBuilding CXX object CMakeFiles/person_msgs__rosidl_typesupport_c.dir/rosidl_typesupport_c/person_msgs/srv/query__type_support.cpp.o[0m
[6.640s] [ 45%] [32mBuilding CXX object CMakeFiles/person_msgs__rosidl_typesupport_c.dir/rosidl_typesupport_c/person_msgs/msg/person__type_support.cpp.o[0m
[6.646s] [ 47%] [32mBuilding C object CMakeFiles/person_msgs__rosidl_typesupport_introspection_c.dir/rosidl_typesupport_introspection_c/person_msgs/srv/detail/query__type_support.c.o[0m
[6.646s] [ 50%] [32mBuilding C object CMakeFiles/person_msgs__rosidl_typesupport_introspection_c.dir/rosidl_typesupport_introspection_c/person_msgs/msg/detail/person__type_support.c.o[0m
[6.665s] [ 54%] [32mBuilding CXX object CMakeFiles/person_msgs__rosidl_typesupport_introspection_cpp.dir/rosidl_typesupport_introspection_cpp/person_msgs/srv/detail/query__type_support.cpp.o[0m
[6.665s] [ 54%] [32mBuilding CXX object CMakeFiles/person_msgs__rosidl_typesupport_introspection_cpp.dir/rosidl_typesupport_introspection_cpp/person_msgs/msg/detail/person__type_support.cpp.o[0m
[6.688s] [ 56%] [32mBuilding CXX object CMakeFiles/person_msgs__rosidl_typesupport_fastrtps_cpp.dir/rosidl_typesupport_fastrtps_cpp/person_msgs/msg/detail/dds_fastrtps/person__type_support.cpp.o[0m
[6.689s] [ 59%] [32mBuilding CXX object CMakeFiles/person_msgs__rosidl_typesupport_fastrtps_cpp.dir/rosidl_typesupport_fastrtps_cpp/person_msgs/srv/detail/dds_fastrtps/query__type_support.cpp.o[0m
[6.701s] [ 61%] [32m[1mLinking CXX shared library libperson_msgs__rosidl_typesupport_c.so[0m
[6.705s] [ 63%] [32m[1mLinking C shared library libperson_msgs__rosidl_typesupport_introspection_c.so[0m
[6.728s] [ 65%] [32mBuilding CXX object CMakeFiles/person_msgs__rosidl_typesupport_fastrtps_c.dir/rosidl_typesupport_fastrtps_c/person_msgs/msg/detail/person__type_support_c.cpp.o[0m
[6.730s] [ 68%] [32mBuilding CXX object CMakeFiles/person_msgs__rosidl_typesupport_fastrtps_c.dir/rosidl_typesupport_fastrtps_c/person_msgs/srv/detail/query__type_support_c.cpp.o[0m
[6.849s] [ 68%] Built target person_msgs__rosidl_typesupport_introspection_c
[6.859s] [ 68%] Built target person_msgs__rosidl_typesupport_c
[7.221s] [ 70%] [32m[1mLinking CXX shared library libperson_msgs__rosidl_typesupport_cpp.so[0m
[7.245s] [ 72%] [32m[1mLinking CXX shared library libperson_msgs__rosidl_typesupport_introspection_cpp.so[0m
[7.320s] [ 75%] [32m[1mLinking CXX shared library libperson_msgs__rosidl_typesupport_fastrtps_c.so[0m
[7.388s] [ 77%] [32m[1mLinking CXX shared library libperson_msgs__rosidl_typesupport_fastrtps_cpp.so[0m
[7.425s] [ 77%] Built target person_msgs__rosidl_typesupport_cpp
[7.441s] [ 77%] Built target person_msgs__rosidl_typesupport_introspection_cpp
[7.493s] [ 77%] Built target person_msgs__rosidl_typesupport_fastrtps_c
[7.577s] [ 77%] Built target person_msgs__rosidl_typesupport_fastrtps_cpp
[7.603s] [ 77%] Built target person_msgs
[7.636s] [ 79%] [34m[1mGenerating Python code for ROS interfaces[0m
[8.087s] [ 79%] Built target person_msgs__py
[8.108s] [ 81%] [32mBuilding C object CMakeFiles/person_msgs__rosidl_generator_py.dir/rosidl_generator_py/person_msgs/srv/_query_s.c.o[0m
[8.108s] [ 84%] [32mBuilding C object CMakeFiles/person_msgs__rosidl_generator_py.dir/rosidl_generator_py/person_msgs/msg/_person_s.c.o[0m
[8.296s] [ 86%] [32m[1mLinking C shared library libperson_msgs__rosidl_generator_py.so[0m
[8.427s] [ 86%] Built target person_msgs__rosidl_generator_py
[8.444s] [ 88%] [32mBuilding C object CMakeFiles/person_msgs_s__rosidl_typesupport_introspection_c.dir/rosidl_generator_py/person_msgs/_person_msgs_s.ep.rosidl_typesupport_introspection_c.c.o[0m
[8.445s] [ 90%] [32mBuilding C object CMakeFiles/person_msgs_s__rosidl_typesupport_fastrtps_c.dir/rosidl_generator_py/person_msgs/_person_msgs_s.ep.rosidl_typesupport_fastrtps_c.c.o[0m
[8.445s] [ 93%] [32mBuilding C object CMakeFiles/person_msgs_s__rosidl_typesupport_c.dir/rosidl_generator_py/person_msgs/_person_msgs_s.ep.rosidl_typesupport_c.c.o[0m
[8.536s] [ 95%] [32m[1mLinking C shared module rosidl_generator_py/person_msgs/person_msgs_s__rosidl_typesupport_c.so[0m
[8.537s] [ 97%] [32m[1mLinking C shared module rosidl_generator_py/person_msgs/person_msgs_s__rosidl_typesupport_introspection_c.so[0m
[8.537s] [100%] [32m[1mLinking C shared module rosidl_generator_py/person_msgs/person_msgs_s__rosidl_typesupport_fastrtps_c.so[0m
[8.648s] [100%] Built target person_msgs_s__rosidl_typesupport_fastrtps_c
[8.649s] [100%] Built target person_msgs_s__rosidl_typesupport_introspection_c
[8.704s] [100%] Built target person_msgs_s__rosidl_typesupport_c
[8.722s] Invoked command in '/home/nbalu/ros2_ws/build/person_msgs' returned '0': CMAKE_PREFIX_PATH=${CMAKE_PREFIX_PATH}:/home/nbalu/ros2_ws/install/mypkg:/opt/ros/jazzy /usr/bin/cmake --build /home/nbalu/ros2_ws/build/person_msgs -- -j16 -l16
[8.736s] Invoking command in '/home/nbalu/ros2_ws/build/person_msgs': CMAKE_PREFIX_PATH=${CMAKE_PREFIX_PATH}:/home/nbalu/ros2_ws/install/mypkg:/opt/ros/jazzy /usr/bin/cmake --install /home/nbalu/ros2_ws/build/person_msgs
[8.746s] -- Install configuration: ""
[8.747s] -- Installing: /home/nbalu/ros2_ws/install/person_msgs/share/ament_index/resource_index/rosidl_interfaces/person_msgs
[8.747s] -- Installing: /home/nbalu/ros2_ws/install/person_msgs/share/person_msgs/msg/Person.json
[8.748s] -- Installing: /home/nbalu/ros2_ws/install/person_msgs/share/person_msgs/srv/Query.json
[8.748s] -- Installing: /home/nbalu/ros2_ws/install/person_msgs/include/person_msgs/person_msgs
[8.748s] -- Installing: /home/nbalu/ros2_ws/install/person_msgs/include/person_msgs/person_msgs/msg
[8.748s] -- Installing: /home/nbalu/ros2_ws/install/person_msgs/include/person_msgs/person_msgs/msg/person.h
[8.749s] -- Installing: /home/nbalu/ros2_ws/install/person_msgs/include/person_msgs/person_msgs/msg/detail
[8.749s] -- Installing: /home/nbalu/ros2_ws/install/person_msgs/include/person_msgs/person_msgs/msg/detail/person__type_support.h
[8.749s] -- Installing: /home/nbalu/ros2_ws/install/person_msgs/include/person_msgs/person_msgs/msg/detail/person__description.c
[8.749s] -- Installing: /home/nbalu/ros2_ws/install/person_msgs/include/person_msgs/person_msgs/msg/detail/person__functions.c
[8.749s] -- Installing: /home/nbalu/ros2_ws/install/person_msgs/include/person_msgs/person_msgs/msg/detail/person__functions.h
[8.749s] -- Installing: /home/nbalu/ros2_ws/install/person_msgs/include/person_msgs/person_msgs/msg/detail/person__struct.h
[8.750s] -- Installing: /home/nbalu/ros2_ws/install/person_msgs/include/person_msgs/person_msgs/msg/detail/person__type_support.c
[8.750s] -- Installing: /home/nbalu/ros2_ws/install/person_msgs/include/person_msgs/person_msgs/msg/rosidl_generator_c__visibility_control.h
[8.750s] -- Installing: /home/nbalu/ros2_ws/install/person_msgs/include/person_msgs/person_msgs/srv
[8.750s] -- Installing: /home/nbalu/ros2_ws/install/person_msgs/include/person_msgs/person_msgs/srv/detail
[8.750s] -- Installing: /home/nbalu/ros2_ws/install/person_msgs/include/person_msgs/person_msgs/srv/detail/query__struct.h
[8.750s] -- Installing: /home/nbalu/ros2_ws/install/person_msgs/include/person_msgs/person_msgs/srv/detail/query__functions.c
[8.750s] -- Installing: /home/nbalu/ros2_ws/install/person_msgs/include/person_msgs/person_msgs/srv/detail/query__type_support.h
[8.751s] -- Installing: /home/nbalu/ros2_ws/install/person_msgs/include/person_msgs/person_msgs/srv/detail/query__type_support.c
[8.751s] -- Installing: /home/nbalu/ros2_ws/install/person_msgs/include/person_msgs/person_msgs/srv/detail/query__functions.h
[8.751s] -- Installing: /home/nbalu/ros2_ws/install/person_msgs/include/person_msgs/person_msgs/srv/detail/query__description.c
[8.751s] -- Installing: /home/nbalu/ros2_ws/install/person_msgs/include/person_msgs/person_msgs/srv/query.h
[8.751s] -- Installing: /home/nbalu/ros2_ws/install/person_msgs/share/person_msgs/environment/library_path.sh
[8.751s] -- Installing: /home/nbalu/ros2_ws/install/person_msgs/share/person_msgs/environment/library_path.dsv
[8.751s] -- Installing: /home/nbalu/ros2_ws/install/person_msgs/lib/libperson_msgs__rosidl_generator_c.so
[8.751s] -- Set non-toolchain portion of runtime path of "/home/nbalu/ros2_ws/install/person_msgs/lib/libperson_msgs__rosidl_generator_c.so" to ""
[8.752s] -- Up-to-date: /home/nbalu/ros2_ws/install/person_msgs/include/person_msgs/person_msgs
[8.752s] -- Up-to-date: /home/nbalu/ros2_ws/install/person_msgs/include/person_msgs/person_msgs/msg
[8.752s] -- Up-to-date: /home/nbalu/ros2_ws/install/person_msgs/include/person_msgs/person_msgs/msg/detail
[8.752s] -- Installing: /home/nbalu/ros2_ws/install/person_msgs/include/person_msgs/person_msgs/msg/detail/person__rosidl_typesupport_fastrtps_c.h
[8.752s] -- Installing: /home/nbalu/ros2_ws/install/person_msgs/include/person_msgs/person_msgs/msg/rosidl_typesupport_fastrtps_c__visibility_control.h
[8.752s] -- Up-to-date: /home/nbalu/ros2_ws/install/person_msgs/include/person_msgs/person_msgs/srv
[8.752s] -- Up-to-date: /home/nbalu/ros2_ws/install/person_msgs/include/person_msgs/person_msgs/srv/detail
[8.753s] -- Installing: /home/nbalu/ros2_ws/install/person_msgs/include/person_msgs/person_msgs/srv/detail/query__rosidl_typesupport_fastrtps_c.h
[8.753s] -- Installing: /home/nbalu/ros2_ws/install/person_msgs/lib/libperson_msgs__rosidl_typesupport_fastrtps_c.so
[8.753s] -- Set non-toolchain portion of runtime path of "/home/nbalu/ros2_ws/install/person_msgs/lib/libperson_msgs__rosidl_typesupport_fastrtps_c.so" to ""
[8.753s] -- Up-to-date: /home/nbalu/ros2_ws/install/person_msgs/include/person_msgs/person_msgs
[8.753s] -- Up-to-date: /home/nbalu/ros2_ws/install/person_msgs/include/person_msgs/person_msgs/msg
[8.753s] -- Up-to-date: /home/nbalu/ros2_ws/install/person_msgs/include/person_msgs/person_msgs/msg/detail
[8.753s] -- Installing: /home/nbalu/ros2_ws/install/person_msgs/include/person_msgs/person_msgs/msg/detail/person__rosidl_typesupport_introspection_c.h
[8.753s] -- Up-to-date: /home/nbalu/ros2_ws/install/person_msgs/include/person_msgs/person_msgs/msg/detail/person__type_support.c
[8.754s] -- Installing: /home/nbalu/ros2_ws/install/person_msgs/include/person_msgs/person_msgs/msg/rosidl_typesupport_introspection_c__visibility_control.h
[8.754s] -- Up-to-date: /home/nbalu/ros2_ws/install/person_msgs/include/person_msgs/person_msgs/srv
[8.754s] -- Up-to-date: /home/nbalu/ros2_ws/install/person_msgs/include/person_msgs/person_msgs/srv/detail
[8.754s] -- Up-to-date: /home/nbalu/ros2_ws/install/person_msgs/include/person_msgs/person_msgs/srv/detail/query__type_support.c
[8.754s] -- Installing: /home/nbalu/ros2_ws/install/person_msgs/include/person_msgs/person_msgs/srv/detail/query__rosidl_typesupport_introspection_c.h
[8.754s] -- Installing: /home/nbalu/ros2_ws/install/person_msgs/lib/libperson_msgs__rosidl_typesupport_introspection_c.so
[8.754s] -- Set non-toolchain portion of runtime path of "/home/nbalu/ros2_ws/install/person_msgs/lib/libperson_msgs__rosidl_typesupport_introspection_c.so" to ""
[8.754s] -- Installing: /home/nbalu/ros2_ws/install/person_msgs/lib/libperson_msgs__rosidl_typesupport_c.so
[8.755s] -- Set non-toolchain portion of runtime path of "/home/nbalu/ros2_ws/install/person_msgs/lib/libperson_msgs__rosidl_typesupport_c.so" to ""
[8.755s] -- Up-to-date: /home/nbalu/ros2_ws/install/person_msgs/include/person_msgs/person_msgs
[8.755s] -- Up-to-date: /home/nbalu/ros2_ws/install/person_msgs/include/person_msgs/person_msgs/msg
[8.755s] -- Up-to-date: /home/nbalu/ros2_ws/install/person_msgs/include/person_msgs/person_msgs/msg/detail
[8.755s] -- Installing: /home/nbalu/ros2_ws/install/person_msgs/include/person_msgs/person_msgs/msg/detail/person__traits.hpp
[8.755s] -- Installing: /home/nbalu/ros2_ws/install/person_msgs/include/person_msgs/person_msgs/msg/detail/person__builder.hpp
[8.756s] -- Installing: /home/nbalu/ros2_ws/install/person_msgs/include/person_msgs/person_msgs/msg/detail/person__struct.hpp
[8.756s] -- Installing: /home/nbalu/ros2_ws/install/person_msgs/include/person_msgs/person_msgs/msg/detail/person__type_support.hpp
[8.756s] -- Installing: /home/nbalu/ros2_ws/install/person_msgs/include/person_msgs/person_msgs/msg/person.hpp
[8.756s] -- Installing: /home/nbalu/ros2_ws/install/person_msgs/include/person_msgs/person_msgs/msg/rosidl_generator_cpp__visibility_control.hpp
[8.756s] -- Up-to-date: /home/nbalu/ros2_ws/install/person_msgs/include/person_msgs/person_msgs/srv
[8.756s] -- Installing: /home/nbalu/ros2_ws/install/person_msgs/include/person_msgs/person_msgs/srv/query.hpp
[8.756s] -- Up-to-date: /home/nbalu/ros2_ws/install/person_msgs/include/person_msgs/person_msgs/srv/detail
[8.756s] -- Installing: /home/nbalu/ros2_ws/install/person_msgs/include/person_msgs/person_msgs/srv/detail/query__builder.hpp
[8.757s] -- Installing: /home/nbalu/ros2_ws/install/person_msgs/include/person_msgs/person_msgs/srv/detail/query__type_support.hpp
[8.757s] -- Installing: /home/nbalu/ros2_ws/install/person_msgs/include/person_msgs/person_msgs/srv/detail/query__struct.hpp
[8.757s] -- Installing: /home/nbalu/ros2_ws/install/person_msgs/include/person_msgs/person_msgs/srv/detail/query__traits.hpp
[8.757s] -- Up-to-date: /home/nbalu/ros2_ws/install/person_msgs/include/person_msgs/person_msgs
[8.757s] -- Up-to-date: /home/nbalu/ros2_ws/install/person_msgs/include/person_msgs/person_msgs/msg
[8.757s] -- Up-to-date: /home/nbalu/ros2_ws/install/person_msgs/include/person_msgs/person_msgs/msg/detail
[8.757s] -- Installing: /home/nbalu/ros2_ws/install/person_msgs/include/person_msgs/person_msgs/msg/detail/person__rosidl_typesupport_fastrtps_cpp.hpp
[8.757s] -- Installing: /home/nbalu/ros2_ws/install/person_msgs/include/person_msgs/person_msgs/msg/detail/dds_fastrtps
[8.758s] -- Installing: /home/nbalu/ros2_ws/install/person_msgs/include/person_msgs/person_msgs/msg/rosidl_typesupport_fastrtps_cpp__visibility_control.h
[8.758s] -- Up-to-date: /home/nbalu/ros2_ws/install/person_msgs/include/person_msgs/person_msgs/srv
[8.758s] -- Up-to-date: /home/nbalu/ros2_ws/install/person_msgs/include/person_msgs/person_msgs/srv/detail
[8.758s] -- Installing: /home/nbalu/ros2_ws/install/person_msgs/include/person_msgs/person_msgs/srv/detail/query__rosidl_typesupport_fastrtps_cpp.hpp
[8.758s] -- Installing: /home/nbalu/ros2_ws/install/person_msgs/include/person_msgs/person_msgs/srv/detail/dds_fastrtps
[8.758s] -- Installing: /home/nbalu/ros2_ws/install/person_msgs/lib/libperson_msgs__rosidl_typesupport_fastrtps_cpp.so
[8.758s] -- Set non-toolchain portion of runtime path of "/home/nbalu/ros2_ws/install/person_msgs/lib/libperson_msgs__rosidl_typesupport_fastrtps_cpp.so" to ""
[8.759s] -- Up-to-date: /home/nbalu/ros2_ws/install/person_msgs/include/person_msgs/person_msgs
[8.759s] -- Up-to-date: /home/nbalu/ros2_ws/install/person_msgs/include/person_msgs/person_msgs/msg
[8.759s] -- Up-to-date: /home/nbalu/ros2_ws/install/person_msgs/include/person_msgs/person_msgs/msg/detail
[8.759s] -- Installing: /home/nbalu/ros2_ws/install/person_msgs/include/person_msgs/person_msgs/msg/detail/person__rosidl_typesupport_introspection_cpp.hpp
[8.759s] -- Installing: /home/nbalu/ros2_ws/install/person_msgs/include/person_msgs/person_msgs/msg/detail/person__type_support.cpp
[8.759s] -- Up-to-date: /home/nbalu/ros2_ws/install/person_msgs/include/person_msgs/person_msgs/srv
[8.759s] -- Up-to-date: /home/nbalu/ros2_ws/install/person_msgs/include/person_msgs/person_msgs/srv/detail
[8.759s] -- Installing: /home/nbalu/ros2_ws/install/person_msgs/include/person_msgs/person_msgs/srv/detail/query__rosidl_typesupport_introspection_cpp.hpp
[8.760s] -- Installing: /home/nbalu/ros2_ws/install/person_msgs/include/person_msgs/person_msgs/srv/detail/query__type_support.cpp
[8.760s] -- Installing: /home/nbalu/ros2_ws/install/person_msgs/lib/libperson_msgs__rosidl_typesupport_introspection_cpp.so
[8.760s] -- Set non-toolchain portion of runtime path of "/home/nbalu/ros2_ws/install/person_msgs/lib/libperson_msgs__rosidl_typesupport_introspection_cpp.so" to ""
[8.760s] -- Installing: /home/nbalu/ros2_ws/install/person_msgs/lib/libperson_msgs__rosidl_typesupport_cpp.so
[8.760s] -- Set non-toolchain portion of runtime path of "/home/nbalu/ros2_ws/install/person_msgs/lib/libperson_msgs__rosidl_typesupport_cpp.so" to ""
[8.760s] -- Installing: /home/nbalu/ros2_ws/install/person_msgs/share/person_msgs/environment/pythonpath.sh
[8.760s] -- Installing: /home/nbalu/ros2_ws/install/person_msgs/share/person_msgs/environment/pythonpath.dsv
[8.760s] -- Installing: /home/nbalu/ros2_ws/install/person_msgs/lib/python3.12/site-packages/person_msgs-0.0.0-py3.12.egg-info
[8.761s] -- Installing: /home/nbalu/ros2_ws/install/person_msgs/lib/python3.12/site-packages/person_msgs-0.0.0-py3.12.egg-info/PKG-INFO
[8.761s] -- Installing: /home/nbalu/ros2_ws/install/person_msgs/lib/python3.12/site-packages/person_msgs-0.0.0-py3.12.egg-info/SOURCES.txt
[8.761s] -- Installing: /home/nbalu/ros2_ws/install/person_msgs/lib/python3.12/site-packages/person_msgs-0.0.0-py3.12.egg-info/dependency_links.txt
[8.761s] -- Installing: /home/nbalu/ros2_ws/install/person_msgs/lib/python3.12/site-packages/person_msgs-0.0.0-py3.12.egg-info/top_level.txt
[8.761s] -- Installing: /home/nbalu/ros2_ws/install/person_msgs/lib/python3.12/site-packages/person_msgs
[8.761s] -- Installing: /home/nbalu/ros2_ws/install/person_msgs/lib/python3.12/site-packages/person_msgs/person_msgs_s__rosidl_typesupport_introspection_c.so
[8.761s] -- Installing: /home/nbalu/ros2_ws/install/person_msgs/lib/python3.12/site-packages/person_msgs/person_msgs_s__rosidl_typesupport_fastrtps_c.so
[8.761s] -- Installing: /home/nbalu/ros2_ws/install/person_msgs/lib/python3.12/site-packages/person_msgs/msg
[8.761s] -- Installing: /home/nbalu/ros2_ws/install/person_msgs/lib/python3.12/site-packages/person_msgs/msg/_person_s.c
[8.762s] -- Installing: /home/nbalu/ros2_ws/install/person_msgs/lib/python3.12/site-packages/person_msgs/msg/__init__.py
[8.762s] -- Installing: /home/nbalu/ros2_ws/install/person_msgs/lib/python3.12/site-packages/person_msgs/msg/_person.py
[8.762s] -- Installing: /home/nbalu/ros2_ws/install/person_msgs/lib/python3.12/site-packages/person_msgs/person_msgs_s__rosidl_typesupport_c.so
[8.762s] -- Installing: /home/nbalu/ros2_ws/install/person_msgs/lib/python3.12/site-packages/person_msgs/_person_msgs_s.ep.rosidl_typesupport_fastrtps_c.c
[8.762s] -- Installing: /home/nbalu/ros2_ws/install/person_msgs/lib/python3.12/site-packages/person_msgs/__init__.py
[8.762s] -- Installing: /home/nbalu/ros2_ws/install/person_msgs/lib/python3.12/site-packages/person_msgs/_person_msgs_s.ep.rosidl_typesupport_c.c
[8.762s] -- Installing: /home/nbalu/ros2_ws/install/person_msgs/lib/python3.12/site-packages/person_msgs/srv
[8.762s] -- Installing: /home/nbalu/ros2_ws/install/person_msgs/lib/python3.12/site-packages/person_msgs/srv/_query.py
[8.762s] -- Installing: /home/nbalu/ros2_ws/install/person_msgs/lib/python3.12/site-packages/person_msgs/srv/__init__.py
[8.762s] -- Installing: /home/nbalu/ros2_ws/install/person_msgs/lib/python3.12/site-packages/person_msgs/srv/_query_s.c
[8.762s] -- Installing: /home/nbalu/ros2_ws/install/person_msgs/lib/python3.12/site-packages/person_msgs/_person_msgs_s.ep.rosidl_typesupport_introspection_c.c
[8.808s] Listing '/home/nbalu/ros2_ws/install/person_msgs/lib/python3.12/site-packages/person_msgs'...
[8.808s] Compiling '/home/nbalu/ros2_ws/install/person_msgs/lib/python3.12/site-packages/person_msgs/__init__.py'...
[8.808s] Listing '/home/nbalu/ros2_ws/install/person_msgs/lib/python3.12/site-packages/person_msgs/msg'...
[8.808s] Compiling '/home/nbalu/ros2_ws/install/person_msgs/lib/python3.12/site-packages/person_msgs/msg/__init__.py'...
[8.808s] Compiling '/home/nbalu/ros2_ws/install/person_msgs/lib/python3.12/site-packages/person_msgs/msg/_person.py'...
[8.808s] Listing '/home/nbalu/ros2_ws/install/person_msgs/lib/python3.12/site-packages/person_msgs/srv'...
[8.808s] Compiling '/home/nbalu/ros2_ws/install/person_msgs/lib/python3.12/site-packages/person_msgs/srv/__init__.py'...
[8.808s] Compiling '/home/nbalu/ros2_ws/install/person_msgs/lib/python3.12/site-packages/person_msgs/srv/_query.py'...
[8.817s] -- Installing: /home/nbalu/ros2_ws/install/person_msgs/lib/python3.12/site-packages/person_msgs/person_msgs_s__rosidl_typesupport_fastrtps_c.so
[8.818s] -- Set non-toolchain portion of runtime path of "/home/nbalu/ros2_ws/install/person_msgs/lib/python3.12/site-packages/person_msgs/person_msgs_s__rosidl_typesupport_fastrtps_c.so" to ""
[8.818s] -- Installing: /home/nbalu/ros2_ws/install/person_msgs/lib/python3.12/site-packages/person_msgs/person_msgs_s__rosidl_typesupport_introspection_c.so
[8.818s] -- Set non-toolchain portion of runtime path of "/home/nbalu/ros2_ws/install/person_msgs/lib/python3.12/site-packages/person_msgs/person_msgs_s__rosidl_typesupport_introspection_c.so" to ""
[8.818s] -- Installing: /home/nbalu/ros2_ws/install/person_msgs/lib/python3.12/site-packages/person_msgs/person_msgs_s__rosidl_typesupport_c.so
[8.819s] -- Set non-toolchain portion of runtime path of "/home/nbalu/ros2_ws/install/person_msgs/lib/python3.12/site-packages/person_msgs/person_msgs_s__rosidl_typesupport_c.so" to ""
[8.819s] -- Installing: /home/nbalu/ros2_ws/install/person_msgs/lib/libperson_msgs__rosidl_generator_py.so
[8.819s] -- Set non-toolchain portion of runtime path of "/home/nbalu/ros2_ws/install/person_msgs/lib/libperson_msgs__rosidl_generator_py.so" to ""
[8.820s] -- Installing: /home/nbalu/ros2_ws/install/person_msgs/share/person_msgs/msg/Person.idl
[8.820s] -- Installing: /home/nbalu/ros2_ws/install/person_msgs/share/person_msgs/srv/Query.idl
[8.820s] -- Installing: /home/nbalu/ros2_ws/install/person_msgs/share/person_msgs/msg/Person.msg
[8.820s] -- Installing: /home/nbalu/ros2_ws/install/person_msgs/share/person_msgs/srv/Query.srv
[8.820s] -- Installing: /home/nbalu/ros2_ws/install/person_msgs/share/ament_index/resource_index/package_run_dependencies/person_msgs
[8.821s] -- Installing: /home/nbalu/ros2_ws/install/person_msgs/share/ament_index/resource_index/parent_prefix_path/person_msgs
[8.821s] -- Installing: /home/nbalu/ros2_ws/install/person_msgs/share/person_msgs/environment/ament_prefix_path.sh
[8.821s] -- Installing: /home/nbalu/ros2_ws/install/person_msgs/share/person_msgs/environment/ament_prefix_path.dsv
[8.821s] -- Installing: /home/nbalu/ros2_ws/install/person_msgs/share/person_msgs/environment/path.sh
[8.821s] -- Installing: /home/nbalu/ros2_ws/install/person_msgs/share/person_msgs/environment/path.dsv
[8.822s] -- Installing: /home/nbalu/ros2_ws/install/person_msgs/share/person_msgs/local_setup.bash
[8.822s] -- Installing: /home/nbalu/ros2_ws/install/person_msgs/share/person_msgs/local_setup.sh
[8.822s] -- Installing: /home/nbalu/ros2_ws/install/person_msgs/share/person_msgs/local_setup.zsh
[8.822s] -- Installing: /home/nbalu/ros2_ws/install/person_msgs/share/person_msgs/local_setup.dsv
[8.823s] -- Installing: /home/nbalu/ros2_ws/install/person_msgs/share/person_msgs/package.dsv
[8.823s] -- Installing: /home/nbalu/ros2_ws/install/person_msgs/share/ament_index/resource_index/packages/person_msgs
[8.823s] -- Installing: /home/nbalu/ros2_ws/install/person_msgs/share/person_msgs/cmake/export_person_msgs__rosidl_generator_cExport.cmake
[8.824s] -- Installing: /home/nbalu/ros2_ws/install/person_msgs/share/person_msgs/cmake/export_person_msgs__rosidl_generator_cExport-noconfig.cmake
[8.824s] -- Installing: /home/nbalu/ros2_ws/install/person_msgs/share/person_msgs/cmake/export_person_msgs__rosidl_typesupport_fastrtps_cExport.cmake
[8.824s] -- Installing: /home/nbalu/ros2_ws/install/person_msgs/share/person_msgs/cmake/export_person_msgs__rosidl_typesupport_fastrtps_cExport-noconfig.cmake
[8.824s] -- Installing: /home/nbalu/ros2_ws/install/person_msgs/share/person_msgs/cmake/person_msgs__rosidl_typesupport_introspection_cExport.cmake
[8.825s] -- Installing: /home/nbalu/ros2_ws/install/person_msgs/share/person_msgs/cmake/person_msgs__rosidl_typesupport_introspection_cExport-noconfig.cmake
[8.825s] -- Installing: /home/nbalu/ros2_ws/install/person_msgs/share/person_msgs/cmake/person_msgs__rosidl_typesupport_cExport.cmake
[8.825s] -- Installing: /home/nbalu/ros2_ws/install/person_msgs/share/person_msgs/cmake/person_msgs__rosidl_typesupport_cExport-noconfig.cmake
[8.825s] -- Installing: /home/nbalu/ros2_ws/install/person_msgs/share/person_msgs/cmake/export_person_msgs__rosidl_generator_cppExport.cmake
[8.826s] -- Installing: /home/nbalu/ros2_ws/install/person_msgs/share/person_msgs/cmake/export_person_msgs__rosidl_typesupport_fastrtps_cppExport.cmake
[8.826s] -- Installing: /home/nbalu/ros2_ws/install/person_msgs/share/person_msgs/cmake/export_person_msgs__rosidl_typesupport_fastrtps_cppExport-noconfig.cmake
[8.826s] -- Installing: /home/nbalu/ros2_ws/install/person_msgs/share/person_msgs/cmake/person_msgs__rosidl_typesupport_introspection_cppExport.cmake
[8.826s] -- Installing: /home/nbalu/ros2_ws/install/person_msgs/share/person_msgs/cmake/person_msgs__rosidl_typesupport_introspection_cppExport-noconfig.cmake
[8.827s] -- Installing: /home/nbalu/ros2_ws/install/person_msgs/share/person_msgs/cmake/person_msgs__rosidl_typesupport_cppExport.cmake
[8.827s] -- Installing: /home/nbalu/ros2_ws/install/person_msgs/share/person_msgs/cmake/person_msgs__rosidl_typesupport_cppExport-noconfig.cmake
[8.827s] -- Installing: /home/nbalu/ros2_ws/install/person_msgs/share/person_msgs/cmake/export_person_msgs__rosidl_generator_pyExport.cmake
[8.828s] -- Installing: /home/nbalu/ros2_ws/install/person_msgs/share/person_msgs/cmake/export_person_msgs__rosidl_generator_pyExport-noconfig.cmake
[8.828s] -- Installing: /home/nbalu/ros2_ws/install/person_msgs/share/person_msgs/cmake/rosidl_cmake-extras.cmake
[8.828s] -- Installing: /home/nbalu/ros2_ws/install/person_msgs/share/person_msgs/cmake/ament_cmake_export_dependencies-extras.cmake
[8.828s] -- Installing: /home/nbalu/ros2_ws/install/person_msgs/share/person_msgs/cmake/ament_cmake_export_include_directories-extras.cmake
[8.829s] -- Installing: /home/nbalu/ros2_ws/install/person_msgs/share/person_msgs/cmake/ament_cmake_export_libraries-extras.cmake
[8.829s] -- Installing: /home/nbalu/ros2_ws/install/person_msgs/share/person_msgs/cmake/ament_cmake_export_targets-extras.cmake
[8.829s] -- Installing: /home/nbalu/ros2_ws/install/person_msgs/share/person_msgs/cmake/rosidl_cmake_export_typesupport_targets-extras.cmake
[8.829s] -- Installing: /home/nbalu/ros2_ws/install/person_msgs/share/person_msgs/cmake/rosidl_cmake_export_typesupport_libraries-extras.cmake
[8.829s] -- Installing: /home/nbalu/ros2_ws/install/person_msgs/share/person_msgs/cmake/person_msgsConfig.cmake
[8.829s] -- Installing: /home/nbalu/ros2_ws/install/person_msgs/share/person_msgs/cmake/person_msgsConfig-version.cmake
[8.829s] -- Installing: /home/nbalu/ros2_ws/install/person_msgs/share/person_msgs/package.xml
[8.832s] Invoked command in '/home/nbalu/ros2_ws/build/person_msgs' returned '0': CMAKE_PREFIX_PATH=${CMAKE_PREFIX_PATH}:/home/nbalu/ros2_ws/install/mypkg:/opt/ros/jazzy /usr/bin/cmake --install /home/nbalu/ros2_ws/build/person_msgs
