[1.587s] Invoking command in '/home/nbalu/ros2_ws/src/mypkg': PYTHONPATH=/home/nbalu/ros2_ws/build/mypkg/prefix_override:/usr/lib/python3/dist-packages/colcon_core/task/python/colcon_distutils_commands:/home/nbalu/ros2_ws/install/mypkg/lib/python3.12/site-packages:/home/nbalu/ros2_ws/install/person_msgs/lib/python3.12/site-packages:/home/nbalu/ros2_ws/build/mypkg:/home/nbalu/ros2_ws/install/mypkg/lib/python3.12/site-packages:/opt/ros/jazzy/lib/python3.12/site-packages /usr/bin/python3 -W ignore:setup.py install is deprecated -W ignore:easy_install command is deprecated setup.py egg_info --egg-base ../../build/mypkg build --build-base /home/nbalu/ros2_ws/build/mypkg/build install --record /home/nbalu/ros2_ws/build/mypkg/install.log --single-version-externally-managed install_data
[1.853s] running egg_info
[1.875s] writing ../../build/mypkg/mypkg.egg-info/PKG-INFO
[1.876s] writing dependency_links to ../../build/mypkg/mypkg.egg-info/dependency_links.txt
[1.876s] writing entry points to ../../build/mypkg/mypkg.egg-info/entry_points.txt
[1.876s] writing requirements to ../../build/mypkg/mypkg.egg-info/requires.txt
[1.876s] writing top-level names to ../../build/mypkg/mypkg.egg-info/top_level.txt
[1.915s] reading manifest file '../../build/mypkg/mypkg.egg-info/SOURCES.txt'
[1.916s] writing manifest file '../../build/mypkg/mypkg.egg-info/SOURCES.txt'
[1.916s] running build
[1.916s] running build_py
[1.916s] copying mypkg/listener.py -> /home/nbalu/ros2_ws/build/mypkg/build/lib/mypkg
[1.917s] running install
[1.923s] running install_lib
[1.944s] copying /home/nbalu/ros2_ws/build/mypkg/build/lib/mypkg/listener.py -> /home/nbalu/ros2_ws/install/mypkg/lib/python3.12/site-packages/mypkg
[1.946s] byte-compiling /home/nbalu/ros2_ws/install/mypkg/lib/python3.12/site-packages/mypkg/listener.py to listener.cpython-312.pyc
[1.947s] running install_data
[1.947s] running install_egg_info
[1.972s] removing '/home/nbalu/ros2_ws/install/mypkg/lib/python3.12/site-packages/mypkg-0.0.0-py3.12.egg-info' (and everything under it)
[1.973s] Copying ../../build/mypkg/mypkg.egg-info to /home/nbalu/ros2_ws/install/mypkg/lib/python3.12/site-packages/mypkg-0.0.0-py3.12.egg-info
[1.975s] running install_scripts
[2.104s] Installing listener script to /home/nbalu/ros2_ws/install/mypkg/lib/mypkg
[2.105s] Installing talker script to /home/nbalu/ros2_ws/install/mypkg/lib/mypkg
[2.105s] writing list of installed files to '/home/nbalu/ros2_ws/build/mypkg/install.log'
[2.141s] Invoked command in '/home/nbalu/ros2_ws/src/mypkg' returned '0': PYTHONPATH=/home/nbalu/ros2_ws/build/mypkg/prefix_override:/usr/lib/python3/dist-packages/colcon_core/task/python/colcon_distutils_commands:/home/nbalu/ros2_ws/install/mypkg/lib/python3.12/site-packages:/home/nbalu/ros2_ws/install/person_msgs/lib/python3.12/site-packages:/home/nbalu/ros2_ws/build/mypkg:/home/nbalu/ros2_ws/install/mypkg/lib/python3.12/site-packages:/opt/ros/jazzy/lib/python3.12/site-packages /usr/bin/python3 -W ignore:setup.py install is deprecated -W ignore:easy_install command is deprecated setup.py egg_info --egg-base ../../build/mypkg build --build-base /home/nbalu/ros2_ws/build/mypkg/build install --record /home/nbalu/ros2_ws/build/mypkg/install.log --single-version-externally-managed install_data
