[1.763s] Invoking command in '/home/nbalu/ros2_ws/src/mypkg': PYTHONPATH=/home/nbalu/ros2_ws/build/mypkg/prefix_override:/usr/lib/python3/dist-packages/colcon_core/task/python/colcon_distutils_commands:/home/nbalu/ros2_ws/install/mypkg/lib/python3.12/site-packages:/home/nbalu/ros2_ws/install/person_msgs/lib/python3.12/site-packages:/home/nbalu/ros2_ws/build/mypkg:/home/nbalu/ros2_ws/install/mypkg/lib/python3.12/site-packages:/opt/ros/jazzy/lib/python3.12/site-packages /usr/bin/python3 -W ignore:setup.py install is deprecated -W ignore:easy_install command is deprecated setup.py egg_info --egg-base ../../build/mypkg build --build-base /home/nbalu/ros2_ws/build/mypkg/build install --record /home/nbalu/ros2_ws/build/mypkg/install.log --single-version-externally-managed install_data
[1.973s] running egg_info
[1.973s] creating ../../build/mypkg/mypkg.egg-info
[1.994s] writing ../../build/mypkg/mypkg.egg-info/PKG-INFO
[1.995s] writing dependency_links to ../../build/mypkg/mypkg.egg-info/dependency_links.txt
[1.995s] writing entry points to ../../build/mypkg/mypkg.egg-info/entry_points.txt
[1.995s] writing requirements to ../../build/mypkg/mypkg.egg-info/requires.txt
[1.995s] writing top-level names to ../../build/mypkg/mypkg.egg-info/top_level.txt
[1.995s] writing manifest file '../../build/mypkg/mypkg.egg-info/SOURCES.txt'
[2.031s] reading manifest file '../../build/mypkg/mypkg.egg-info/SOURCES.txt'
[2.031s] writing manifest file '../../build/mypkg/mypkg.egg-info/SOURCES.txt'
[2.032s] running build
[2.032s] running build_py
[2.032s] creating /home/nbalu/ros2_ws/build/mypkg/build
[2.032s] creating /home/nbalu/ros2_ws/build/mypkg/build/lib
[2.032s] creating /home/nbalu/ros2_ws/build/mypkg/build/lib/mypkg
[2.033s] copying mypkg/talker.py -> /home/nbalu/ros2_ws/build/mypkg/build/lib/mypkg
[2.035s] copying mypkg/listener.py -> /home/nbalu/ros2_ws/build/mypkg/build/lib/mypkg
[2.036s] copying mypkg/__init__.py -> /home/nbalu/ros2_ws/build/mypkg/build/lib/mypkg
[2.036s] running install
[2.041s] running install_lib
[2.055s] creating /home/nbalu/ros2_ws/install/mypkg/lib/python3.12/site-packages/mypkg
[2.055s] copying /home/nbalu/ros2_ws/build/mypkg/build/lib/mypkg/talker.py -> /home/nbalu/ros2_ws/install/mypkg/lib/python3.12/site-packages/mypkg
[2.056s] copying /home/nbalu/ros2_ws/build/mypkg/build/lib/mypkg/listener.py -> /home/nbalu/ros2_ws/install/mypkg/lib/python3.12/site-packages/mypkg
[2.056s] copying /home/nbalu/ros2_ws/build/mypkg/build/lib/mypkg/__init__.py -> /home/nbalu/ros2_ws/install/mypkg/lib/python3.12/site-packages/mypkg
[2.057s] byte-compiling /home/nbalu/ros2_ws/install/mypkg/lib/python3.12/site-packages/mypkg/talker.py to talker.cpython-312.pyc
[2.058s] byte-compiling /home/nbalu/ros2_ws/install/mypkg/lib/python3.12/site-packages/mypkg/listener.py to listener.cpython-312.pyc
[2.059s] byte-compiling /home/nbalu/ros2_ws/install/mypkg/lib/python3.12/site-packages/mypkg/__init__.py to __init__.cpython-312.pyc
[2.059s] running install_data
[2.059s] creating /home/nbalu/ros2_ws/install/mypkg/share/ament_index
[2.059s] creating /home/nbalu/ros2_ws/install/mypkg/share/ament_index/resource_index
[2.059s] creating /home/nbalu/ros2_ws/install/mypkg/share/ament_index/resource_index/packages
[2.060s] copying resource/mypkg -> /home/nbalu/ros2_ws/install/mypkg/share/ament_index/resource_index/packages
[2.060s] copying package.xml -> /home/nbalu/ros2_ws/install/mypkg/share/mypkg
[2.060s] copying launch/talk_listen.launch.py -> /home/nbalu/ros2_ws/install/mypkg/share/mypkg
[2.061s] running install_egg_info
[2.079s] Copying ../../build/mypkg/mypkg.egg-info to /home/nbalu/ros2_ws/install/mypkg/lib/python3.12/site-packages/mypkg-0.0.0-py3.12.egg-info
[2.080s] running install_scripts
[2.199s] Installing listener script to /home/nbalu/ros2_ws/install/mypkg/lib/mypkg
[2.200s] Installing talker script to /home/nbalu/ros2_ws/install/mypkg/lib/mypkg
[2.200s] writing list of installed files to '/home/nbalu/ros2_ws/build/mypkg/install.log'
[2.234s] Invoked command in '/home/nbalu/ros2_ws/src/mypkg' returned '0': PYTHONPATH=/home/nbalu/ros2_ws/build/mypkg/prefix_override:/usr/lib/python3/dist-packages/colcon_core/task/python/colcon_distutils_commands:/home/nbalu/ros2_ws/install/mypkg/lib/python3.12/site-packages:/home/nbalu/ros2_ws/install/person_msgs/lib/python3.12/site-packages:/home/nbalu/ros2_ws/build/mypkg:/home/nbalu/ros2_ws/install/mypkg/lib/python3.12/site-packages:/opt/ros/jazzy/lib/python3.12/site-packages /usr/bin/python3 -W ignore:setup.py install is deprecated -W ignore:easy_install command is deprecated setup.py egg_info --egg-base ../../build/mypkg build --build-base /home/nbalu/ros2_ws/build/mypkg/build install --record /home/nbalu/ros2_ws/build/mypkg/install.log --single-version-externally-managed install_data
