[1.393s] Invoking command in '/home/nbalu/ros2_ws/build/mypkg': PYTHONPATH=/home/nbalu/ros2_ws/build/mypkg/prefix_override:/usr/lib/python3/dist-packages/colcon_core/task/python/colcon_distutils_commands:/home/nbalu/ros2_ws/install/mypkg/lib/python3.12/site-packages:/home/nbalu/ros2_ws/install/person_msgs/lib/python3.12/site-packages:/home/nbalu/ros2_ws/build/mypkg:/home/nbalu/ros2_ws/install/mypkg/lib/python3.12/site-packages:/opt/ros/jazzy/lib/python3.12/site-packages /usr/bin/python3 -W ignore:setup.py install is deprecated -W ignore:easy_install command is deprecated setup.py develop --editable --build-directory /home/nbalu/ros2_ws/build/mypkg/build --no-deps symlink_data
[1.661s] running develop
[1.808s] running egg_info
[1.808s] creating mypkg.egg-info
[1.822s] writing mypkg.egg-info/PKG-INFO
[1.823s] writing dependency_links to mypkg.egg-info/dependency_links.txt
[1.823s] writing entry points to mypkg.egg-info/entry_points.txt
[1.823s] writing requirements to mypkg.egg-info/requires.txt
[1.823s] writing top-level names to mypkg.egg-info/top_level.txt
[1.823s] writing manifest file 'mypkg.egg-info/SOURCES.txt'
[1.854s] reading manifest file 'mypkg.egg-info/SOURCES.txt'
[1.854s] writing manifest file 'mypkg.egg-info/SOURCES.txt'
[1.870s] running build_ext
[1.871s] Creating /home/nbalu/ros2_ws/install/mypkg/lib/python3.12/site-packages/mypkg.egg-link (link to .)
[1.871s] Installing listener script to /home/nbalu/ros2_ws/install/mypkg/lib/mypkg
[1.872s] Installing talker script to /home/nbalu/ros2_ws/install/mypkg/lib/mypkg
[1.872s] 
[1.872s] Installed /home/nbalu/ros2_ws/build/mypkg
[1.873s] running symlink_data
[1.873s] creating /home/nbalu/ros2_ws/install/mypkg/share/ament_index
[1.873s] creating /home/nbalu/ros2_ws/install/mypkg/share/ament_index/resource_index
[1.873s] creating /home/nbalu/ros2_ws/install/mypkg/share/ament_index/resource_index/packages
[1.874s] symbolically linking /home/nbalu/ros2_ws/build/mypkg/resource/mypkg -> /home/nbalu/ros2_ws/install/mypkg/share/ament_index/resource_index/packages
[1.874s] symbolically linking /home/nbalu/ros2_ws/build/mypkg/package.xml -> /home/nbalu/ros2_ws/install/mypkg/share/mypkg
[1.874s] symbolically linking /home/nbalu/ros2_ws/build/mypkg/launch/talk_listen.launch.py -> /home/nbalu/ros2_ws/install/mypkg/share/mypkg
[1.903s] Invoked command in '/home/nbalu/ros2_ws/build/mypkg' returned '0': PYTHONPATH=/home/nbalu/ros2_ws/build/mypkg/prefix_override:/usr/lib/python3/dist-packages/colcon_core/task/python/colcon_distutils_commands:/home/nbalu/ros2_ws/install/mypkg/lib/python3.12/site-packages:/home/nbalu/ros2_ws/install/person_msgs/lib/python3.12/site-packages:/home/nbalu/ros2_ws/build/mypkg:/home/nbalu/ros2_ws/install/mypkg/lib/python3.12/site-packages:/opt/ros/jazzy/lib/python3.12/site-packages /usr/bin/python3 -W ignore:setup.py install is deprecated -W ignore:easy_install command is deprecated setup.py develop --editable --build-directory /home/nbalu/ros2_ws/build/mypkg/build --no-deps symlink_data
