[0.494s] DEBUG:colcon:Command line arguments: ['/usr/bin/colcon', 'build']
[0.494s] DEBUG:colcon:Parsed command line arguments: Namespace(log_base=None, log_level=None, verb_name='build', build_base='build', install_base='install', merge_install=False, symlink_install=False, test_result_base=None, continue_on_error=False, executor='parallel', parallel_workers=16, event_handlers=None, ignore_user_meta=False, metas=['./colcon.meta'], base_paths=['.'], packages_ignore=None, packages_ignore_regex=None, paths=None, packages_up_to=None, packages_up_to_regex=None, packages_above=None, packages_above_and_dependencies=None, packages_above_depth=None, packages_select_by_dep=None, packages_skip_by_dep=None, packages_skip_up_to=None, packages_select_build_failed=False, packages_skip_build_finished=False, packages_select_test_failures=False, packages_skip_test_passed=False, packages_select=None, packages_skip=None, packages_select_regex=None, packages_skip_regex=None, packages_start=None, packages_end=None, allow_overriding=[], cmake_args=None, cmake_target=None, cmake_target_skip_unavailable=False, cmake_clean_cache=False, cmake_clean_first=False, cmake_force_configure=False, ament_cmake_args=None, catkin_cmake_args=None, catkin_skip_building_tests=False, verb_parser=<colcon_defaults.argument_parser.defaults.DefaultArgumentsDecorator object at 0x7e695b35ab70>, verb_extension=<colcon_core.verb.build.BuildVerb object at 0x7e695b476e40>, main=<bound method BuildVerb.main of <colcon_core.verb.build.BuildVerb object at 0x7e695b476e40>>)
[0.609s] Level 1:colcon.colcon_core.package_discovery:discover_packages(colcon_meta) check parameters
[0.609s] Level 1:colcon.colcon_core.package_discovery:discover_packages(recursive) check parameters
[0.609s] Level 1:colcon.colcon_core.package_discovery:discover_packages(ignore) check parameters
[0.609s] Level 1:colcon.colcon_core.package_discovery:discover_packages(path) check parameters
[0.609s] Level 1:colcon.colcon_core.package_discovery:discover_packages(colcon_meta) discover
[0.610s] Level 1:colcon.colcon_core.package_discovery:discover_packages(recursive) discover
[0.610s] INFO:colcon.colcon_core.package_discovery:Crawling recursively for packages in '/home/nbalu/ros2_ws'
[0.610s] Level 1:colcon.colcon_core.package_identification:_identify(.) by extensions ['ignore', 'ignore_ament_install']
[0.610s] Level 1:colcon.colcon_core.package_identification:_identify(.) by extension 'ignore'
[0.610s] Level 1:colcon.colcon_core.package_identification:_identify(.) by extension 'ignore_ament_install'
[0.610s] Level 1:colcon.colcon_core.package_identification:_identify(.) by extensions ['colcon_pkg']
[0.610s] Level 1:colcon.colcon_core.package_identification:_identify(.) by extension 'colcon_pkg'
[0.610s] Level 1:colcon.colcon_core.package_identification:_identify(.) by extensions ['colcon_meta']
[0.610s] Level 1:colcon.colcon_core.package_identification:_identify(.) by extension 'colcon_meta'
[0.610s] Level 1:colcon.colcon_core.package_identification:_identify(.) by extensions ['ros']
[0.610s] Level 1:colcon.colcon_core.package_identification:_identify(.) by extension 'ros'
[0.670s] Level 1:colcon.colcon_core.package_identification:_identify(.) by extensions ['cmake', 'python']
[0.670s] Level 1:colcon.colcon_core.package_identification:_identify(.) by extension 'cmake'
[0.670s] Level 1:colcon.colcon_core.package_identification:_identify(.) by extension 'python'
[0.670s] Level 1:colcon.colcon_core.package_identification:_identify(.) by extensions ['python_setup_py']
[0.670s] Level 1:colcon.colcon_core.package_identification:_identify(.) by extension 'python_setup_py'
[0.670s] Level 1:colcon.colcon_core.package_identification:_identify(build) by extensions ['ignore', 'ignore_ament_install']
[0.670s] Level 1:colcon.colcon_core.package_identification:_identify(build) by extension 'ignore'
[0.670s] Level 1:colcon.colcon_core.package_identification:_identify(build) ignored
[0.670s] Level 1:colcon.colcon_core.package_identification:_identify(install) by extensions ['ignore', 'ignore_ament_install']
[0.670s] Level 1:colcon.colcon_core.package_identification:_identify(install) by extension 'ignore'
[0.670s] Level 1:colcon.colcon_core.package_identification:_identify(install) ignored
[0.671s] Level 1:colcon.colcon_core.package_identification:_identify(log) by extensions ['ignore', 'ignore_ament_install']
[0.671s] Level 1:colcon.colcon_core.package_identification:_identify(log) by extension 'ignore'
[0.671s] Level 1:colcon.colcon_core.package_identification:_identify(log) ignored
[0.671s] Level 1:colcon.colcon_core.package_identification:_identify(resource) by extensions ['ignore', 'ignore_ament_install']
[0.671s] Level 1:colcon.colcon_core.package_identification:_identify(resource) by extension 'ignore'
[0.672s] Level 1:colcon.colcon_core.package_identification:_identify(resource) by extension 'ignore_ament_install'
[0.672s] Level 1:colcon.colcon_core.package_identification:_identify(resource) by extensions ['colcon_pkg']
[0.672s] Level 1:colcon.colcon_core.package_identification:_identify(resource) by extension 'colcon_pkg'
[0.672s] Level 1:colcon.colcon_core.package_identification:_identify(resource) by extensions ['colcon_meta']
[0.672s] Level 1:colcon.colcon_core.package_identification:_identify(resource) by extension 'colcon_meta'
[0.672s] Level 1:colcon.colcon_core.package_identification:_identify(resource) by extensions ['ros']
[0.672s] Level 1:colcon.colcon_core.package_identification:_identify(resource) by extension 'ros'
[0.672s] Level 1:colcon.colcon_core.package_identification:_identify(resource) by extensions ['cmake', 'python']
[0.672s] Level 1:colcon.colcon_core.package_identification:_identify(resource) by extension 'cmake'
[0.672s] Level 1:colcon.colcon_core.package_identification:_identify(resource) by extension 'python'
[0.672s] Level 1:colcon.colcon_core.package_identification:_identify(resource) by extensions ['python_setup_py']
[0.672s] Level 1:colcon.colcon_core.package_identification:_identify(resource) by extension 'python_setup_py'
[0.673s] Level 1:colcon.colcon_core.package_identification:_identify(ros2env) by extensions ['ignore', 'ignore_ament_install']
[0.673s] Level 1:colcon.colcon_core.package_identification:_identify(ros2env) by extension 'ignore'
[0.673s] Level 1:colcon.colcon_core.package_identification:_identify(ros2env) by extension 'ignore_ament_install'
[0.673s] Level 1:colcon.colcon_core.package_identification:_identify(ros2env) by extensions ['colcon_pkg']
[0.673s] Level 1:colcon.colcon_core.package_identification:_identify(ros2env) by extension 'colcon_pkg'
[0.673s] Level 1:colcon.colcon_core.package_identification:_identify(ros2env) by extensions ['colcon_meta']
[0.673s] Level 1:colcon.colcon_core.package_identification:_identify(ros2env) by extension 'colcon_meta'
[0.673s] Level 1:colcon.colcon_core.package_identification:_identify(ros2env) by extensions ['ros']
[0.673s] Level 1:colcon.colcon_core.package_identification:_identify(ros2env) by extension 'ros'
[0.673s] Level 1:colcon.colcon_core.package_identification:_identify(ros2env) by extensions ['cmake', 'python']
[0.673s] Level 1:colcon.colcon_core.package_identification:_identify(ros2env) by extension 'cmake'
[0.673s] Level 1:colcon.colcon_core.package_identification:_identify(ros2env) by extension 'python'
[0.674s] Level 1:colcon.colcon_core.package_identification:_identify(ros2env) by extensions ['python_setup_py']
[0.674s] Level 1:colcon.colcon_core.package_identification:_identify(ros2env) by extension 'python_setup_py'
[0.674s] Level 1:colcon.colcon_core.package_identification:_identify(ros2env/include) by extensions ['ignore', 'ignore_ament_install']
[0.674s] Level 1:colcon.colcon_core.package_identification:_identify(ros2env/include) by extension 'ignore'
[0.674s] Level 1:colcon.colcon_core.package_identification:_identify(ros2env/include) by extension 'ignore_ament_install'
[0.674s] Level 1:colcon.colcon_core.package_identification:_identify(ros2env/include) by extensions ['colcon_pkg']
[0.674s] Level 1:colcon.colcon_core.package_identification:_identify(ros2env/include) by extension 'colcon_pkg'
[0.674s] Level 1:colcon.colcon_core.package_identification:_identify(ros2env/include) by extensions ['colcon_meta']
[0.674s] Level 1:colcon.colcon_core.package_identification:_identify(ros2env/include) by extension 'colcon_meta'
[0.675s] Level 1:colcon.colcon_core.package_identification:_identify(ros2env/include) by extensions ['ros']
[0.675s] Level 1:colcon.colcon_core.package_identification:_identify(ros2env/include) by extension 'ros'
[0.675s] Level 1:colcon.colcon_core.package_identification:_identify(ros2env/include) by extensions ['cmake', 'python']
[0.675s] Level 1:colcon.colcon_core.package_identification:_identify(ros2env/include) by extension 'cmake'
[0.675s] Level 1:colcon.colcon_core.package_identification:_identify(ros2env/include) by extension 'python'
[0.675s] Level 1:colcon.colcon_core.package_identification:_identify(ros2env/include) by extensions ['python_setup_py']
[0.675s] Level 1:colcon.colcon_core.package_identification:_identify(ros2env/include) by extension 'python_setup_py'
[0.675s] Level 1:colcon.colcon_core.package_identification:_identify(src) by extensions ['ignore', 'ignore_ament_install']
[0.675s] Level 1:colcon.colcon_core.package_identification:_identify(src) by extension 'ignore'
[0.676s] Level 1:colcon.colcon_core.package_identification:_identify(src) by extension 'ignore_ament_install'
[0.676s] Level 1:colcon.colcon_core.package_identification:_identify(src) by extensions ['colcon_pkg']
[0.676s] Level 1:colcon.colcon_core.package_identification:_identify(src) by extension 'colcon_pkg'
[0.676s] Level 1:colcon.colcon_core.package_identification:_identify(src) by extensions ['colcon_meta']
[0.676s] Level 1:colcon.colcon_core.package_identification:_identify(src) by extension 'colcon_meta'
[0.676s] Level 1:colcon.colcon_core.package_identification:_identify(src) by extensions ['ros']
[0.676s] Level 1:colcon.colcon_core.package_identification:_identify(src) by extension 'ros'
[0.676s] Level 1:colcon.colcon_core.package_identification:_identify(src) by extensions ['cmake', 'python']
[0.676s] Level 1:colcon.colcon_core.package_identification:_identify(src) by extension 'cmake'
[0.676s] Level 1:colcon.colcon_core.package_identification:_identify(src) by extension 'python'
[0.676s] Level 1:colcon.colcon_core.package_identification:_identify(src) by extensions ['python_setup_py']
[0.676s] Level 1:colcon.colcon_core.package_identification:_identify(src) by extension 'python_setup_py'
[0.676s] Level 1:colcon.colcon_core.package_identification:_identify(src/mypkg) by extensions ['ignore', 'ignore_ament_install']
[0.677s] Level 1:colcon.colcon_core.package_identification:_identify(src/mypkg) by extension 'ignore'
[0.677s] Level 1:colcon.colcon_core.package_identification:_identify(src/mypkg) by extension 'ignore_ament_install'
[0.677s] Level 1:colcon.colcon_core.package_identification:_identify(src/mypkg) by extensions ['colcon_pkg']
[0.677s] Level 1:colcon.colcon_core.package_identification:_identify(src/mypkg) by extension 'colcon_pkg'
[0.677s] Level 1:colcon.colcon_core.package_identification:_identify(src/mypkg) by extensions ['colcon_meta']
[0.677s] Level 1:colcon.colcon_core.package_identification:_identify(src/mypkg) by extension 'colcon_meta'
[0.677s] Level 1:colcon.colcon_core.package_identification:_identify(src/mypkg) by extensions ['ros']
[0.677s] Level 1:colcon.colcon_core.package_identification:_identify(src/mypkg) by extension 'ros'
[0.684s] DEBUG:colcon.colcon_core.package_identification:Package 'src/mypkg' with type 'ros.ament_python' and name 'mypkg'
[0.685s] Level 1:colcon.colcon_core.package_identification:_identify(src/person_msgs) by extensions ['ignore', 'ignore_ament_install']
[0.685s] Level 1:colcon.colcon_core.package_identification:_identify(src/person_msgs) by extension 'ignore'
[0.685s] Level 1:colcon.colcon_core.package_identification:_identify(src/person_msgs) by extension 'ignore_ament_install'
[0.686s] Level 1:colcon.colcon_core.package_identification:_identify(src/person_msgs) by extensions ['colcon_pkg']
[0.686s] Level 1:colcon.colcon_core.package_identification:_identify(src/person_msgs) by extension 'colcon_pkg'
[0.686s] Level 1:colcon.colcon_core.package_identification:_identify(src/person_msgs) by extensions ['colcon_meta']
[0.686s] Level 1:colcon.colcon_core.package_identification:_identify(src/person_msgs) by extension 'colcon_meta'
[0.686s] Level 1:colcon.colcon_core.package_identification:_identify(src/person_msgs) by extensions ['ros']
[0.686s] Level 1:colcon.colcon_core.package_identification:_identify(src/person_msgs) by extension 'ros'
[0.687s] DEBUG:colcon.colcon_core.package_identification:Package 'src/person_msgs' with type 'ros.ament_cmake' and name 'person_msgs'
[0.689s] Level 1:colcon.colcon_core.package_identification:_identify(src_backup) by extensions ['ignore', 'ignore_ament_install']
[0.689s] Level 1:colcon.colcon_core.package_identification:_identify(src_backup) by extension 'ignore'
[0.689s] Level 1:colcon.colcon_core.package_identification:_identify(src_backup) by extension 'ignore_ament_install'
[0.689s] Level 1:colcon.colcon_core.package_identification:_identify(src_backup) by extensions ['colcon_pkg']
[0.689s] Level 1:colcon.colcon_core.package_identification:_identify(src_backup) by extension 'colcon_pkg'
[0.689s] Level 1:colcon.colcon_core.package_identification:_identify(src_backup) by extensions ['colcon_meta']
[0.689s] Level 1:colcon.colcon_core.package_identification:_identify(src_backup) by extension 'colcon_meta'
[0.689s] Level 1:colcon.colcon_core.package_identification:_identify(src_backup) by extensions ['ros']
[0.689s] Level 1:colcon.colcon_core.package_identification:_identify(src_backup) by extension 'ros'
[0.689s] Level 1:colcon.colcon_core.package_identification:_identify(src_backup) by extensions ['cmake', 'python']
[0.689s] Level 1:colcon.colcon_core.package_identification:_identify(src_backup) by extension 'cmake'
[0.689s] Level 1:colcon.colcon_core.package_identification:_identify(src_backup) by extension 'python'
[0.689s] Level 1:colcon.colcon_core.package_identification:_identify(src_backup) by extensions ['python_setup_py']
[0.689s] Level 1:colcon.colcon_core.package_identification:_identify(src_backup) by extension 'python_setup_py'
[0.690s] Level 1:colcon.colcon_core.package_identification:_identify(src_backup/mypkg) by extensions ['ignore', 'ignore_ament_install']
[0.690s] Level 1:colcon.colcon_core.package_identification:_identify(src_backup/mypkg) by extension 'ignore'
[0.690s] Level 1:colcon.colcon_core.package_identification:_identify(src_backup/mypkg) by extension 'ignore_ament_install'
[0.690s] Level 1:colcon.colcon_core.package_identification:_identify(src_backup/mypkg) by extensions ['colcon_pkg']
[0.690s] Level 1:colcon.colcon_core.package_identification:_identify(src_backup/mypkg) by extension 'colcon_pkg'
[0.690s] Level 1:colcon.colcon_core.package_identification:_identify(src_backup/mypkg) by extensions ['colcon_meta']
[0.691s] Level 1:colcon.colcon_core.package_identification:_identify(src_backup/mypkg) by extension 'colcon_meta'
[0.691s] Level 1:colcon.colcon_core.package_identification:_identify(src_backup/mypkg) by extensions ['ros']
[0.691s] Level 1:colcon.colcon_core.package_identification:_identify(src_backup/mypkg) by extension 'ros'
[0.691s] Level 1:colcon.colcon_core.package_identification:_identify(src_backup/mypkg) by extensions ['cmake', 'python']
[0.691s] Level 1:colcon.colcon_core.package_identification:_identify(src_backup/mypkg) by extension 'cmake'
[0.691s] Level 1:colcon.colcon_core.package_identification:_identify(src_backup/mypkg) by extension 'python'
[0.691s] Level 1:colcon.colcon_core.package_identification:_identify(src_backup/mypkg) by extensions ['python_setup_py']
[0.691s] Level 1:colcon.colcon_core.package_identification:_identify(src_backup/mypkg) by extension 'python_setup_py'
[0.691s] Level 1:colcon.colcon_core.package_identification:_identify(src_backup/mypkg/mypkg) by extensions ['ignore', 'ignore_ament_install']
[0.692s] Level 1:colcon.colcon_core.package_identification:_identify(src_backup/mypkg/mypkg) by extension 'ignore'
[0.692s] Level 1:colcon.colcon_core.package_identification:_identify(src_backup/mypkg/mypkg) by extension 'ignore_ament_install'
[0.692s] Level 1:colcon.colcon_core.package_identification:_identify(src_backup/mypkg/mypkg) by extensions ['colcon_pkg']
[0.692s] Level 1:colcon.colcon_core.package_identification:_identify(src_backup/mypkg/mypkg) by extension 'colcon_pkg'
[0.692s] Level 1:colcon.colcon_core.package_identification:_identify(src_backup/mypkg/mypkg) by extensions ['colcon_meta']
[0.692s] Level 1:colcon.colcon_core.package_identification:_identify(src_backup/mypkg/mypkg) by extension 'colcon_meta'
[0.692s] Level 1:colcon.colcon_core.package_identification:_identify(src_backup/mypkg/mypkg) by extensions ['ros']
[0.692s] Level 1:colcon.colcon_core.package_identification:_identify(src_backup/mypkg/mypkg) by extension 'ros'
[0.692s] Level 1:colcon.colcon_core.package_identification:_identify(src_backup/mypkg/mypkg) by extensions ['cmake', 'python']
[0.692s] Level 1:colcon.colcon_core.package_identification:_identify(src_backup/mypkg/mypkg) by extension 'cmake'
[0.692s] Level 1:colcon.colcon_core.package_identification:_identify(src_backup/mypkg/mypkg) by extension 'python'
[0.692s] Level 1:colcon.colcon_core.package_identification:_identify(src_backup/mypkg/mypkg) by extensions ['python_setup_py']
[0.692s] Level 1:colcon.colcon_core.package_identification:_identify(src_backup/mypkg/mypkg) by extension 'python_setup_py'
[0.693s] Level 1:colcon.colcon_core.package_identification:_identify(src_backup/person_msgs) by extensions ['ignore', 'ignore_ament_install']
[0.693s] Level 1:colcon.colcon_core.package_identification:_identify(src_backup/person_msgs) by extension 'ignore'
[0.693s] Level 1:colcon.colcon_core.package_identification:_identify(src_backup/person_msgs) by extension 'ignore_ament_install'
[0.693s] Level 1:colcon.colcon_core.package_identification:_identify(src_backup/person_msgs) by extensions ['colcon_pkg']
[0.693s] Level 1:colcon.colcon_core.package_identification:_identify(src_backup/person_msgs) by extension 'colcon_pkg'
[0.693s] Level 1:colcon.colcon_core.package_identification:_identify(src_backup/person_msgs) by extensions ['colcon_meta']
[0.693s] Level 1:colcon.colcon_core.package_identification:_identify(src_backup/person_msgs) by extension 'colcon_meta'
[0.693s] Level 1:colcon.colcon_core.package_identification:_identify(src_backup/person_msgs) by extensions ['ros']
[0.693s] Level 1:colcon.colcon_core.package_identification:_identify(src_backup/person_msgs) by extension 'ros'
[0.693s] Level 1:colcon.colcon_core.package_identification:_identify(src_backup/person_msgs) by extensions ['cmake', 'python']
[0.693s] Level 1:colcon.colcon_core.package_identification:_identify(src_backup/person_msgs) by extension 'cmake'
[0.693s] Level 1:colcon.colcon_core.package_identification:_identify(src_backup/person_msgs) by extension 'python'
[0.693s] Level 1:colcon.colcon_core.package_identification:_identify(src_backup/person_msgs) by extensions ['python_setup_py']
[0.694s] Level 1:colcon.colcon_core.package_identification:_identify(src_backup/person_msgs) by extension 'python_setup_py'
[0.694s] Level 1:colcon.colcon_core.package_identification:_identify(src_backup/person_msgs/include) by extensions ['ignore', 'ignore_ament_install']
[0.694s] Level 1:colcon.colcon_core.package_identification:_identify(src_backup/person_msgs/include) by extension 'ignore'
[0.694s] Level 1:colcon.colcon_core.package_identification:_identify(src_backup/person_msgs/include) by extension 'ignore_ament_install'
[0.694s] Level 1:colcon.colcon_core.package_identification:_identify(src_backup/person_msgs/include) by extensions ['colcon_pkg']
[0.694s] Level 1:colcon.colcon_core.package_identification:_identify(src_backup/person_msgs/include) by extension 'colcon_pkg'
[0.694s] Level 1:colcon.colcon_core.package_identification:_identify(src_backup/person_msgs/include) by extensions ['colcon_meta']
[0.694s] Level 1:colcon.colcon_core.package_identification:_identify(src_backup/person_msgs/include) by extension 'colcon_meta'
[0.695s] Level 1:colcon.colcon_core.package_identification:_identify(src_backup/person_msgs/include) by extensions ['ros']
[0.695s] Level 1:colcon.colcon_core.package_identification:_identify(src_backup/person_msgs/include) by extension 'ros'
[0.695s] Level 1:colcon.colcon_core.package_identification:_identify(src_backup/person_msgs/include) by extensions ['cmake', 'python']
[0.695s] Level 1:colcon.colcon_core.package_identification:_identify(src_backup/person_msgs/include) by extension 'cmake'
[0.695s] Level 1:colcon.colcon_core.package_identification:_identify(src_backup/person_msgs/include) by extension 'python'
[0.695s] Level 1:colcon.colcon_core.package_identification:_identify(src_backup/person_msgs/include) by extensions ['python_setup_py']
[0.695s] Level 1:colcon.colcon_core.package_identification:_identify(src_backup/person_msgs/include) by extension 'python_setup_py'
[0.695s] Level 1:colcon.colcon_core.package_identification:_identify(src_backup/person_msgs/include/person_msgs) by extensions ['ignore', 'ignore_ament_install']
[0.695s] Level 1:colcon.colcon_core.package_identification:_identify(src_backup/person_msgs/include/person_msgs) by extension 'ignore'
[0.695s] Level 1:colcon.colcon_core.package_identification:_identify(src_backup/person_msgs/include/person_msgs) by extension 'ignore_ament_install'
[0.695s] Level 1:colcon.colcon_core.package_identification:_identify(src_backup/person_msgs/include/person_msgs) by extensions ['colcon_pkg']
[0.696s] Level 1:colcon.colcon_core.package_identification:_identify(src_backup/person_msgs/include/person_msgs) by extension 'colcon_pkg'
[0.696s] Level 1:colcon.colcon_core.package_identification:_identify(src_backup/person_msgs/include/person_msgs) by extensions ['colcon_meta']
[0.696s] Level 1:colcon.colcon_core.package_identification:_identify(src_backup/person_msgs/include/person_msgs) by extension 'colcon_meta'
[0.696s] Level 1:colcon.colcon_core.package_identification:_identify(src_backup/person_msgs/include/person_msgs) by extensions ['ros']
[0.696s] Level 1:colcon.colcon_core.package_identification:_identify(src_backup/person_msgs/include/person_msgs) by extension 'ros'
[0.696s] Level 1:colcon.colcon_core.package_identification:_identify(src_backup/person_msgs/include/person_msgs) by extensions ['cmake', 'python']
[0.696s] Level 1:colcon.colcon_core.package_identification:_identify(src_backup/person_msgs/include/person_msgs) by extension 'cmake'
[0.696s] Level 1:colcon.colcon_core.package_identification:_identify(src_backup/person_msgs/include/person_msgs) by extension 'python'
[0.696s] Level 1:colcon.colcon_core.package_identification:_identify(src_backup/person_msgs/include/person_msgs) by extensions ['python_setup_py']
[0.696s] Level 1:colcon.colcon_core.package_identification:_identify(src_backup/person_msgs/include/person_msgs) by extension 'python_setup_py'
[0.696s] Level 1:colcon.colcon_core.package_identification:_identify(src_backup/person_msgs/src) by extensions ['ignore', 'ignore_ament_install']
[0.696s] Level 1:colcon.colcon_core.package_identification:_identify(src_backup/person_msgs/src) by extension 'ignore'
[0.697s] Level 1:colcon.colcon_core.package_identification:_identify(src_backup/person_msgs/src) by extension 'ignore_ament_install'
[0.697s] Level 1:colcon.colcon_core.package_identification:_identify(src_backup/person_msgs/src) by extensions ['colcon_pkg']
[0.697s] Level 1:colcon.colcon_core.package_identification:_identify(src_backup/person_msgs/src) by extension 'colcon_pkg'
[0.697s] Level 1:colcon.colcon_core.package_identification:_identify(src_backup/person_msgs/src) by extensions ['colcon_meta']
[0.697s] Level 1:colcon.colcon_core.package_identification:_identify(src_backup/person_msgs/src) by extension 'colcon_meta'
[0.697s] Level 1:colcon.colcon_core.package_identification:_identify(src_backup/person_msgs/src) by extensions ['ros']
[0.697s] Level 1:colcon.colcon_core.package_identification:_identify(src_backup/person_msgs/src) by extension 'ros'
[0.697s] Level 1:colcon.colcon_core.package_identification:_identify(src_backup/person_msgs/src) by extensions ['cmake', 'python']
[0.697s] Level 1:colcon.colcon_core.package_identification:_identify(src_backup/person_msgs/src) by extension 'cmake'
[0.697s] Level 1:colcon.colcon_core.package_identification:_identify(src_backup/person_msgs/src) by extension 'python'
[0.697s] Level 1:colcon.colcon_core.package_identification:_identify(src_backup/person_msgs/src) by extensions ['python_setup_py']
[0.697s] Level 1:colcon.colcon_core.package_identification:_identify(src_backup/person_msgs/src) by extension 'python_setup_py'
[0.697s] Level 1:colcon.colcon_core.package_identification:_identify(src_safe_backup) by extensions ['ignore', 'ignore_ament_install']
[0.698s] Level 1:colcon.colcon_core.package_identification:_identify(src_safe_backup) by extension 'ignore'
[0.698s] Level 1:colcon.colcon_core.package_identification:_identify(src_safe_backup) by extension 'ignore_ament_install'
[0.698s] Level 1:colcon.colcon_core.package_identification:_identify(src_safe_backup) by extensions ['colcon_pkg']
[0.698s] Level 1:colcon.colcon_core.package_identification:_identify(src_safe_backup) by extension 'colcon_pkg'
[0.698s] Level 1:colcon.colcon_core.package_identification:_identify(src_safe_backup) by extensions ['colcon_meta']
[0.698s] Level 1:colcon.colcon_core.package_identification:_identify(src_safe_backup) by extension 'colcon_meta'
[0.698s] Level 1:colcon.colcon_core.package_identification:_identify(src_safe_backup) by extensions ['ros']
[0.698s] Level 1:colcon.colcon_core.package_identification:_identify(src_safe_backup) by extension 'ros'
[0.698s] Level 1:colcon.colcon_core.package_identification:_identify(src_safe_backup) by extensions ['cmake', 'python']
[0.698s] Level 1:colcon.colcon_core.package_identification:_identify(src_safe_backup) by extension 'cmake'
[0.698s] Level 1:colcon.colcon_core.package_identification:_identify(src_safe_backup) by extension 'python'
[0.698s] Level 1:colcon.colcon_core.package_identification:_identify(src_safe_backup) by extensions ['python_setup_py']
[0.698s] Level 1:colcon.colcon_core.package_identification:_identify(src_safe_backup) by extension 'python_setup_py'
[0.698s] Level 1:colcon.colcon_core.package_identification:_identify(src_safe_backup/mypkg) by extensions ['ignore', 'ignore_ament_install']
[0.698s] Level 1:colcon.colcon_core.package_identification:_identify(src_safe_backup/mypkg) by extension 'ignore'
[0.699s] Level 1:colcon.colcon_core.package_identification:_identify(src_safe_backup/mypkg) by extension 'ignore_ament_install'
[0.699s] Level 1:colcon.colcon_core.package_identification:_identify(src_safe_backup/mypkg) by extensions ['colcon_pkg']
[0.699s] Level 1:colcon.colcon_core.package_identification:_identify(src_safe_backup/mypkg) by extension 'colcon_pkg'
[0.699s] Level 1:colcon.colcon_core.package_identification:_identify(src_safe_backup/mypkg) by extensions ['colcon_meta']
[0.699s] Level 1:colcon.colcon_core.package_identification:_identify(src_safe_backup/mypkg) by extension 'colcon_meta'
[0.699s] Level 1:colcon.colcon_core.package_identification:_identify(src_safe_backup/mypkg) by extensions ['ros']
[0.699s] Level 1:colcon.colcon_core.package_identification:_identify(src_safe_backup/mypkg) by extension 'ros'
[0.699s] Level 1:colcon.colcon_core.package_identification:_identify(src_safe_backup/mypkg) by extensions ['cmake', 'python']
[0.699s] Level 1:colcon.colcon_core.package_identification:_identify(src_safe_backup/mypkg) by extension 'cmake'
[0.699s] Level 1:colcon.colcon_core.package_identification:_identify(src_safe_backup/mypkg) by extension 'python'
[0.699s] Level 1:colcon.colcon_core.package_identification:_identify(src_safe_backup/mypkg) by extensions ['python_setup_py']
[0.699s] Level 1:colcon.colcon_core.package_identification:_identify(src_safe_backup/mypkg) by extension 'python_setup_py'
[0.699s] Level 1:colcon.colcon_core.package_identification:_identify(src_safe_backup/mypkg/mypkg) by extensions ['ignore', 'ignore_ament_install']
[0.699s] Level 1:colcon.colcon_core.package_identification:_identify(src_safe_backup/mypkg/mypkg) by extension 'ignore'
[0.700s] Level 1:colcon.colcon_core.package_identification:_identify(src_safe_backup/mypkg/mypkg) by extension 'ignore_ament_install'
[0.700s] Level 1:colcon.colcon_core.package_identification:_identify(src_safe_backup/mypkg/mypkg) by extensions ['colcon_pkg']
[0.700s] Level 1:colcon.colcon_core.package_identification:_identify(src_safe_backup/mypkg/mypkg) by extension 'colcon_pkg'
[0.700s] Level 1:colcon.colcon_core.package_identification:_identify(src_safe_backup/mypkg/mypkg) by extensions ['colcon_meta']
[0.700s] Level 1:colcon.colcon_core.package_identification:_identify(src_safe_backup/mypkg/mypkg) by extension 'colcon_meta'
[0.700s] Level 1:colcon.colcon_core.package_identification:_identify(src_safe_backup/mypkg/mypkg) by extensions ['ros']
[0.700s] Level 1:colcon.colcon_core.package_identification:_identify(src_safe_backup/mypkg/mypkg) by extension 'ros'
[0.700s] Level 1:colcon.colcon_core.package_identification:_identify(src_safe_backup/mypkg/mypkg) by extensions ['cmake', 'python']
[0.700s] Level 1:colcon.colcon_core.package_identification:_identify(src_safe_backup/mypkg/mypkg) by extension 'cmake'
[0.700s] Level 1:colcon.colcon_core.package_identification:_identify(src_safe_backup/mypkg/mypkg) by extension 'python'
[0.700s] Level 1:colcon.colcon_core.package_identification:_identify(src_safe_backup/mypkg/mypkg) by extensions ['python_setup_py']
[0.700s] Level 1:colcon.colcon_core.package_identification:_identify(src_safe_backup/mypkg/mypkg) by extension 'python_setup_py'
[0.701s] Level 1:colcon.colcon_core.package_identification:_identify(src_safe_backup/person_msgs) by extensions ['ignore', 'ignore_ament_install']
[0.701s] Level 1:colcon.colcon_core.package_identification:_identify(src_safe_backup/person_msgs) by extension 'ignore'
[0.701s] Level 1:colcon.colcon_core.package_identification:_identify(src_safe_backup/person_msgs) by extension 'ignore_ament_install'
[0.701s] Level 1:colcon.colcon_core.package_identification:_identify(src_safe_backup/person_msgs) by extensions ['colcon_pkg']
[0.701s] Level 1:colcon.colcon_core.package_identification:_identify(src_safe_backup/person_msgs) by extension 'colcon_pkg'
[0.701s] Level 1:colcon.colcon_core.package_identification:_identify(src_safe_backup/person_msgs) by extensions ['colcon_meta']
[0.701s] Level 1:colcon.colcon_core.package_identification:_identify(src_safe_backup/person_msgs) by extension 'colcon_meta'
[0.701s] Level 1:colcon.colcon_core.package_identification:_identify(src_safe_backup/person_msgs) by extensions ['ros']
[0.701s] Level 1:colcon.colcon_core.package_identification:_identify(src_safe_backup/person_msgs) by extension 'ros'
[0.701s] Level 1:colcon.colcon_core.package_identification:_identify(src_safe_backup/person_msgs) by extensions ['cmake', 'python']
[0.701s] Level 1:colcon.colcon_core.package_identification:_identify(src_safe_backup/person_msgs) by extension 'cmake'
[0.701s] Level 1:colcon.colcon_core.package_identification:_identify(src_safe_backup/person_msgs) by extension 'python'
[0.701s] Level 1:colcon.colcon_core.package_identification:_identify(src_safe_backup/person_msgs) by extensions ['python_setup_py']
[0.701s] Level 1:colcon.colcon_core.package_identification:_identify(src_safe_backup/person_msgs) by extension 'python_setup_py'
[0.701s] Level 1:colcon.colcon_core.package_identification:_identify(src_safe_backup/person_msgs/include) by extensions ['ignore', 'ignore_ament_install']
[0.702s] Level 1:colcon.colcon_core.package_identification:_identify(src_safe_backup/person_msgs/include) by extension 'ignore'
[0.702s] Level 1:colcon.colcon_core.package_identification:_identify(src_safe_backup/person_msgs/include) by extension 'ignore_ament_install'
[0.702s] Level 1:colcon.colcon_core.package_identification:_identify(src_safe_backup/person_msgs/include) by extensions ['colcon_pkg']
[0.702s] Level 1:colcon.colcon_core.package_identification:_identify(src_safe_backup/person_msgs/include) by extension 'colcon_pkg'
[0.702s] Level 1:colcon.colcon_core.package_identification:_identify(src_safe_backup/person_msgs/include) by extensions ['colcon_meta']
[0.702s] Level 1:colcon.colcon_core.package_identification:_identify(src_safe_backup/person_msgs/include) by extension 'colcon_meta'
[0.702s] Level 1:colcon.colcon_core.package_identification:_identify(src_safe_backup/person_msgs/include) by extensions ['ros']
[0.702s] Level 1:colcon.colcon_core.package_identification:_identify(src_safe_backup/person_msgs/include) by extension 'ros'
[0.702s] Level 1:colcon.colcon_core.package_identification:_identify(src_safe_backup/person_msgs/include) by extensions ['cmake', 'python']
[0.702s] Level 1:colcon.colcon_core.package_identification:_identify(src_safe_backup/person_msgs/include) by extension 'cmake'
[0.702s] Level 1:colcon.colcon_core.package_identification:_identify(src_safe_backup/person_msgs/include) by extension 'python'
[0.702s] Level 1:colcon.colcon_core.package_identification:_identify(src_safe_backup/person_msgs/include) by extensions ['python_setup_py']
[0.702s] Level 1:colcon.colcon_core.package_identification:_identify(src_safe_backup/person_msgs/include) by extension 'python_setup_py'
[0.703s] Level 1:colcon.colcon_core.package_identification:_identify(src_safe_backup/person_msgs/include/person_msgs) by extensions ['ignore', 'ignore_ament_install']
[0.703s] Level 1:colcon.colcon_core.package_identification:_identify(src_safe_backup/person_msgs/include/person_msgs) by extension 'ignore'
[0.703s] Level 1:colcon.colcon_core.package_identification:_identify(src_safe_backup/person_msgs/include/person_msgs) by extension 'ignore_ament_install'
[0.703s] Level 1:colcon.colcon_core.package_identification:_identify(src_safe_backup/person_msgs/include/person_msgs) by extensions ['colcon_pkg']
[0.703s] Level 1:colcon.colcon_core.package_identification:_identify(src_safe_backup/person_msgs/include/person_msgs) by extension 'colcon_pkg'
[0.703s] Level 1:colcon.colcon_core.package_identification:_identify(src_safe_backup/person_msgs/include/person_msgs) by extensions ['colcon_meta']
[0.703s] Level 1:colcon.colcon_core.package_identification:_identify(src_safe_backup/person_msgs/include/person_msgs) by extension 'colcon_meta'
[0.703s] Level 1:colcon.colcon_core.package_identification:_identify(src_safe_backup/person_msgs/include/person_msgs) by extensions ['ros']
[0.703s] Level 1:colcon.colcon_core.package_identification:_identify(src_safe_backup/person_msgs/include/person_msgs) by extension 'ros'
[0.703s] Level 1:colcon.colcon_core.package_identification:_identify(src_safe_backup/person_msgs/include/person_msgs) by extensions ['cmake', 'python']
[0.703s] Level 1:colcon.colcon_core.package_identification:_identify(src_safe_backup/person_msgs/include/person_msgs) by extension 'cmake'
[0.703s] Level 1:colcon.colcon_core.package_identification:_identify(src_safe_backup/person_msgs/include/person_msgs) by extension 'python'
[0.703s] Level 1:colcon.colcon_core.package_identification:_identify(src_safe_backup/person_msgs/include/person_msgs) by extensions ['python_setup_py']
[0.703s] Level 1:colcon.colcon_core.package_identification:_identify(src_safe_backup/person_msgs/include/person_msgs) by extension 'python_setup_py'
[0.704s] Level 1:colcon.colcon_core.package_identification:_identify(src_safe_backup/person_msgs/src) by extensions ['ignore', 'ignore_ament_install']
[0.704s] Level 1:colcon.colcon_core.package_identification:_identify(src_safe_backup/person_msgs/src) by extension 'ignore'
[0.704s] Level 1:colcon.colcon_core.package_identification:_identify(src_safe_backup/person_msgs/src) by extension 'ignore_ament_install'
[0.704s] Level 1:colcon.colcon_core.package_identification:_identify(src_safe_backup/person_msgs/src) by extensions ['colcon_pkg']
[0.704s] Level 1:colcon.colcon_core.package_identification:_identify(src_safe_backup/person_msgs/src) by extension 'colcon_pkg'
[0.704s] Level 1:colcon.colcon_core.package_identification:_identify(src_safe_backup/person_msgs/src) by extensions ['colcon_meta']
[0.704s] Level 1:colcon.colcon_core.package_identification:_identify(src_safe_backup/person_msgs/src) by extension 'colcon_meta'
[0.704s] Level 1:colcon.colcon_core.package_identification:_identify(src_safe_backup/person_msgs/src) by extensions ['ros']
[0.704s] Level 1:colcon.colcon_core.package_identification:_identify(src_safe_backup/person_msgs/src) by extension 'ros'
[0.704s] Level 1:colcon.colcon_core.package_identification:_identify(src_safe_backup/person_msgs/src) by extensions ['cmake', 'python']
[0.704s] Level 1:colcon.colcon_core.package_identification:_identify(src_safe_backup/person_msgs/src) by extension 'cmake'
[0.704s] Level 1:colcon.colcon_core.package_identification:_identify(src_safe_backup/person_msgs/src) by extension 'python'
[0.704s] Level 1:colcon.colcon_core.package_identification:_identify(src_safe_backup/person_msgs/src) by extensions ['python_setup_py']
[0.704s] Level 1:colcon.colcon_core.package_identification:_identify(src_safe_backup/person_msgs/src) by extension 'python_setup_py'
[0.704s] Level 1:colcon.colcon_core.package_discovery:discover_packages(recursive) using defaults
[0.705s] Level 1:colcon.colcon_core.package_discovery:discover_packages(ignore) discover
[0.705s] Level 1:colcon.colcon_core.package_discovery:discover_packages(ignore) using defaults
[0.705s] Level 1:colcon.colcon_core.package_discovery:discover_packages(path) discover
[0.705s] Level 1:colcon.colcon_core.package_discovery:discover_packages(path) using defaults
[0.758s] Level 1:colcon.colcon_core.package_discovery:discover_packages(prefix_path) check parameters
[0.758s] Level 1:colcon.colcon_core.package_discovery:discover_packages(prefix_path) discover
[0.762s] WARNING:colcon.colcon_ros.prefix_path.ament:The path '/home/nbalu/ros2_ws/install/mypkg' in the environment variable AMENT_PREFIX_PATH doesn't exist
[0.762s] WARNING:colcon.colcon_ros.prefix_path.ament:The path '/home/nbalu/ros2_ws/install/person_msgs' in the environment variable AMENT_PREFIX_PATH doesn't exist
[0.763s] WARNING:colcon.colcon_ros.prefix_path.catkin:The path '/home/nbalu/ros2_ws/install/person_msgs' in the environment variable CMAKE_PREFIX_PATH doesn't exist
[0.766s] DEBUG:colcon.colcon_installed_package_information.package_discovery:Found 0 installed packages in /home/nbalu/ros2_ws/install
[0.769s] DEBUG:colcon.colcon_installed_package_information.package_discovery:Found 285 installed packages in /opt/ros/jazzy
[0.771s] Level 1:colcon.colcon_core.package_discovery:discover_packages(prefix_path) using defaults
[0.912s] Level 5:colcon.colcon_core.verb:set package 'person_msgs' build argument 'cmake_args' from command line to 'None'
[0.912s] Level 5:colcon.colcon_core.verb:set package 'person_msgs' build argument 'cmake_target' from command line to 'None'
[0.912s] Level 5:colcon.colcon_core.verb:set package 'person_msgs' build argument 'cmake_target_skip_unavailable' from command line to 'False'
[0.912s] Level 5:colcon.colcon_core.verb:set package 'person_msgs' build argument 'cmake_clean_cache' from command line to 'False'
[0.912s] Level 5:colcon.colcon_core.verb:set package 'person_msgs' build argument 'cmake_clean_first' from command line to 'False'
[0.912s] Level 5:colcon.colcon_core.verb:set package 'person_msgs' build argument 'cmake_force_configure' from command line to 'False'
[0.912s] Level 5:colcon.colcon_core.verb:set package 'person_msgs' build argument 'ament_cmake_args' from command line to 'None'
[0.912s] Level 5:colcon.colcon_core.verb:set package 'person_msgs' build argument 'catkin_cmake_args' from command line to 'None'
[0.912s] Level 5:colcon.colcon_core.verb:set package 'person_msgs' build argument 'catkin_skip_building_tests' from command line to 'False'
[0.912s] DEBUG:colcon.colcon_core.verb:Building package 'person_msgs' with the following arguments: {'ament_cmake_args': None, 'build_base': '/home/nbalu/ros2_ws/build/person_msgs', 'catkin_cmake_args': None, 'catkin_skip_building_tests': False, 'cmake_args': None, 'cmake_clean_cache': False, 'cmake_clean_first': False, 'cmake_force_configure': False, 'cmake_target': None, 'cmake_target_skip_unavailable': False, 'install_base': '/home/nbalu/ros2_ws/install/person_msgs', 'merge_install': False, 'path': '/home/nbalu/ros2_ws/src/person_msgs', 'symlink_install': False, 'test_result_base': None}
[0.913s] Level 5:colcon.colcon_core.verb:set package 'mypkg' build argument 'cmake_args' from command line to 'None'
[0.913s] Level 5:colcon.colcon_core.verb:set package 'mypkg' build argument 'cmake_target' from command line to 'None'
[0.913s] Level 5:colcon.colcon_core.verb:set package 'mypkg' build argument 'cmake_target_skip_unavailable' from command line to 'False'
[0.913s] Level 5:colcon.colcon_core.verb:set package 'mypkg' build argument 'cmake_clean_cache' from command line to 'False'
[0.913s] Level 5:colcon.colcon_core.verb:set package 'mypkg' build argument 'cmake_clean_first' from command line to 'False'
[0.913s] Level 5:colcon.colcon_core.verb:set package 'mypkg' build argument 'cmake_force_configure' from command line to 'False'
[0.913s] Level 5:colcon.colcon_core.verb:set package 'mypkg' build argument 'ament_cmake_args' from command line to 'None'
[0.913s] Level 5:colcon.colcon_core.verb:set package 'mypkg' build argument 'catkin_cmake_args' from command line to 'None'
[0.913s] Level 5:colcon.colcon_core.verb:set package 'mypkg' build argument 'catkin_skip_building_tests' from command line to 'False'
[0.913s] DEBUG:colcon.colcon_core.verb:Building package 'mypkg' with the following arguments: {'ament_cmake_args': None, 'build_base': '/home/nbalu/ros2_ws/build/mypkg', 'catkin_cmake_args': None, 'catkin_skip_building_tests': False, 'cmake_args': None, 'cmake_clean_cache': False, 'cmake_clean_first': False, 'cmake_force_configure': False, 'cmake_target': None, 'cmake_target_skip_unavailable': False, 'install_base': '/home/nbalu/ros2_ws/install/mypkg', 'merge_install': False, 'path': '/home/nbalu/ros2_ws/src/mypkg', 'symlink_install': False, 'test_result_base': None}
[0.913s] INFO:colcon.colcon_core.executor:Executing jobs using 'parallel' executor
[0.914s] DEBUG:colcon.colcon_parallel_executor.executor.parallel:run_until_complete
[0.914s] INFO:colcon.colcon_ros.task.ament_cmake.build:Building ROS package in '/home/nbalu/ros2_ws/src/person_msgs' with build type 'ament_cmake'
[0.915s] INFO:colcon.colcon_cmake.task.cmake.build:Building CMake package in '/home/nbalu/ros2_ws/src/person_msgs'
[0.920s] INFO:colcon.colcon_core.plugin_system:Skipping extension 'colcon_core.shell.bat': Not used on non-Windows systems
[0.920s] INFO:colcon.colcon_core.shell:Skip shell extension 'powershell' for command environment: Not usable outside of PowerShell
[0.920s] DEBUG:colcon.colcon_core.shell:Skip shell extension 'dsv' for command environment
[0.930s] DEBUG:colcon.colcon_core.event_handler.log_command:Invoking command in '/home/nbalu/ros2_ws/build/person_msgs': CMAKE_PREFIX_PATH=${CMAKE_PREFIX_PATH}:/home/nbalu/ros2_ws/install/mypkg:/opt/ros/jazzy /usr/bin/cmake /home/nbalu/ros2_ws/src/person_msgs -DCMAKE_INSTALL_PREFIX=/home/nbalu/ros2_ws/install/person_msgs
[6.454s] DEBUG:colcon.colcon_core.event_handler.log_command:Invoked command in '/home/nbalu/ros2_ws/build/person_msgs' returned '0': CMAKE_PREFIX_PATH=${CMAKE_PREFIX_PATH}:/home/nbalu/ros2_ws/install/mypkg:/opt/ros/jazzy /usr/bin/cmake /home/nbalu/ros2_ws/src/person_msgs -DCMAKE_INSTALL_PREFIX=/home/nbalu/ros2_ws/install/person_msgs
[6.454s] DEBUG:colcon.colcon_core.event_handler.log_command:Invoking command in '/home/nbalu/ros2_ws/build/person_msgs': CMAKE_PREFIX_PATH=${CMAKE_PREFIX_PATH}:/home/nbalu/ros2_ws/install/mypkg:/opt/ros/jazzy /usr/bin/cmake --build /home/nbalu/ros2_ws/build/person_msgs -- -j16 -l16
[9.637s] DEBUG:colcon.colcon_core.event_handler.log_command:Invoked command in '/home/nbalu/ros2_ws/build/person_msgs' returned '0': CMAKE_PREFIX_PATH=${CMAKE_PREFIX_PATH}:/home/nbalu/ros2_ws/install/mypkg:/opt/ros/jazzy /usr/bin/cmake --build /home/nbalu/ros2_ws/build/person_msgs -- -j16 -l16
[9.651s] DEBUG:colcon.colcon_core.event_handler.log_command:Invoking command in '/home/nbalu/ros2_ws/build/person_msgs': CMAKE_PREFIX_PATH=${CMAKE_PREFIX_PATH}:/home/nbalu/ros2_ws/install/mypkg:/opt/ros/jazzy /usr/bin/cmake --install /home/nbalu/ros2_ws/build/person_msgs
[9.747s] Level 1:colcon.colcon_core.environment:create_environment_scripts_only(person_msgs)
[9.748s] DEBUG:colcon.colcon_core.event_handler.log_command:Invoked command in '/home/nbalu/ros2_ws/build/person_msgs' returned '0': CMAKE_PREFIX_PATH=${CMAKE_PREFIX_PATH}:/home/nbalu/ros2_ws/install/mypkg:/opt/ros/jazzy /usr/bin/cmake --install /home/nbalu/ros2_ws/build/person_msgs
[9.758s] Level 1:colcon.colcon_core.environment:checking '/home/nbalu/ros2_ws/install/person_msgs' for CMake module files
[9.760s] Level 1:colcon.colcon_core.environment:checking '/home/nbalu/ros2_ws/install/person_msgs' for CMake config files
[9.760s] Level 1:colcon.colcon_core.shell:create_environment_hook('person_msgs', 'cmake_prefix_path')
[9.761s] INFO:colcon.colcon_core.shell:Creating environment hook '/home/nbalu/ros2_ws/install/person_msgs/share/person_msgs/hook/cmake_prefix_path.ps1'
[9.766s] INFO:colcon.colcon_core.shell:Creating environment descriptor '/home/nbalu/ros2_ws/install/person_msgs/share/person_msgs/hook/cmake_prefix_path.dsv'
[9.769s] INFO:colcon.colcon_core.shell:Creating environment hook '/home/nbalu/ros2_ws/install/person_msgs/share/person_msgs/hook/cmake_prefix_path.sh'
[9.772s] Level 1:colcon.colcon_core.environment:checking '/home/nbalu/ros2_ws/install/person_msgs/lib'
[9.772s] Level 1:colcon.colcon_core.shell:create_environment_hook('person_msgs', 'ld_library_path_lib')
[9.773s] INFO:colcon.colcon_core.shell:Creating environment hook '/home/nbalu/ros2_ws/install/person_msgs/share/person_msgs/hook/ld_library_path_lib.ps1'
[9.773s] INFO:colcon.colcon_core.shell:Creating environment descriptor '/home/nbalu/ros2_ws/install/person_msgs/share/person_msgs/hook/ld_library_path_lib.dsv'
[9.774s] INFO:colcon.colcon_core.shell:Creating environment hook '/home/nbalu/ros2_ws/install/person_msgs/share/person_msgs/hook/ld_library_path_lib.sh'
[9.775s] Level 1:colcon.colcon_core.environment:checking '/home/nbalu/ros2_ws/install/person_msgs/bin'
[9.775s] Level 1:colcon.colcon_core.environment:checking '/home/nbalu/ros2_ws/install/person_msgs/lib/pkgconfig/person_msgs.pc'
[9.775s] Level 1:colcon.colcon_core.environment:checking '/home/nbalu/ros2_ws/install/person_msgs/lib/python3.12/site-packages'
[9.775s] Level 1:colcon.colcon_core.shell:create_environment_hook('person_msgs', 'pythonpath')
[9.775s] INFO:colcon.colcon_core.shell:Creating environment hook '/home/nbalu/ros2_ws/install/person_msgs/share/person_msgs/hook/pythonpath.ps1'
[9.776s] INFO:colcon.colcon_core.shell:Creating environment descriptor '/home/nbalu/ros2_ws/install/person_msgs/share/person_msgs/hook/pythonpath.dsv'
[9.776s] INFO:colcon.colcon_core.shell:Creating environment hook '/home/nbalu/ros2_ws/install/person_msgs/share/person_msgs/hook/pythonpath.sh'
[9.777s] Level 1:colcon.colcon_core.environment:checking '/home/nbalu/ros2_ws/install/person_msgs/bin'
[9.778s] INFO:colcon.colcon_core.shell:Creating package script '/home/nbalu/ros2_ws/install/person_msgs/share/person_msgs/package.ps1'
[9.780s] INFO:colcon.colcon_core.shell:Creating package descriptor '/home/nbalu/ros2_ws/install/person_msgs/share/person_msgs/package.dsv'
[9.781s] INFO:colcon.colcon_core.shell:Creating package script '/home/nbalu/ros2_ws/install/person_msgs/share/person_msgs/package.sh'
[9.783s] INFO:colcon.colcon_core.shell:Creating package script '/home/nbalu/ros2_ws/install/person_msgs/share/person_msgs/package.bash'
[9.784s] INFO:colcon.colcon_core.shell:Creating package script '/home/nbalu/ros2_ws/install/person_msgs/share/person_msgs/package.zsh'
[9.786s] Level 1:colcon.colcon_core.environment:create_file_with_runtime_dependencies(/home/nbalu/ros2_ws/install/person_msgs/share/colcon-core/packages/person_msgs)
[9.787s] Level 1:colcon.colcon_core.environment:create_environment_scripts_only(person_msgs)
[9.787s] Level 1:colcon.colcon_core.environment:checking '/home/nbalu/ros2_ws/install/person_msgs' for CMake module files
[9.788s] Level 1:colcon.colcon_core.environment:checking '/home/nbalu/ros2_ws/install/person_msgs' for CMake config files
[9.789s] Level 1:colcon.colcon_core.shell:create_environment_hook('person_msgs', 'cmake_prefix_path')
[9.789s] INFO:colcon.colcon_core.shell:Creating environment hook '/home/nbalu/ros2_ws/install/person_msgs/share/person_msgs/hook/cmake_prefix_path.ps1'
[9.790s] INFO:colcon.colcon_core.shell:Creating environment descriptor '/home/nbalu/ros2_ws/install/person_msgs/share/person_msgs/hook/cmake_prefix_path.dsv'
[9.790s] INFO:colcon.colcon_core.shell:Creating environment hook '/home/nbalu/ros2_ws/install/person_msgs/share/person_msgs/hook/cmake_prefix_path.sh'
[9.791s] Level 1:colcon.colcon_core.environment:checking '/home/nbalu/ros2_ws/install/person_msgs/lib'
[9.791s] Level 1:colcon.colcon_core.shell:create_environment_hook('person_msgs', 'ld_library_path_lib')
[9.791s] INFO:colcon.colcon_core.shell:Creating environment hook '/home/nbalu/ros2_ws/install/person_msgs/share/person_msgs/hook/ld_library_path_lib.ps1'
[9.792s] INFO:colcon.colcon_core.shell:Creating environment descriptor '/home/nbalu/ros2_ws/install/person_msgs/share/person_msgs/hook/ld_library_path_lib.dsv'
[9.792s] INFO:colcon.colcon_core.shell:Creating environment hook '/home/nbalu/ros2_ws/install/person_msgs/share/person_msgs/hook/ld_library_path_lib.sh'
[9.793s] Level 1:colcon.colcon_core.environment:checking '/home/nbalu/ros2_ws/install/person_msgs/bin'
[9.793s] Level 1:colcon.colcon_core.environment:checking '/home/nbalu/ros2_ws/install/person_msgs/lib/pkgconfig/person_msgs.pc'
[9.793s] Level 1:colcon.colcon_core.environment:checking '/home/nbalu/ros2_ws/install/person_msgs/lib/python3.12/site-packages'
[9.793s] Level 1:colcon.colcon_core.shell:create_environment_hook('person_msgs', 'pythonpath')
[9.793s] INFO:colcon.colcon_core.shell:Creating environment hook '/home/nbalu/ros2_ws/install/person_msgs/share/person_msgs/hook/pythonpath.ps1'
[9.794s] INFO:colcon.colcon_core.shell:Creating environment descriptor '/home/nbalu/ros2_ws/install/person_msgs/share/person_msgs/hook/pythonpath.dsv'
[9.794s] INFO:colcon.colcon_core.shell:Creating environment hook '/home/nbalu/ros2_ws/install/person_msgs/share/person_msgs/hook/pythonpath.sh'
[9.795s] Level 1:colcon.colcon_core.environment:checking '/home/nbalu/ros2_ws/install/person_msgs/bin'
[9.796s] INFO:colcon.colcon_core.shell:Creating package script '/home/nbalu/ros2_ws/install/person_msgs/share/person_msgs/package.ps1'
[9.796s] INFO:colcon.colcon_core.shell:Creating package descriptor '/home/nbalu/ros2_ws/install/person_msgs/share/person_msgs/package.dsv'
[9.797s] INFO:colcon.colcon_core.shell:Creating package script '/home/nbalu/ros2_ws/install/person_msgs/share/person_msgs/package.sh'
[9.797s] INFO:colcon.colcon_core.shell:Creating package script '/home/nbalu/ros2_ws/install/person_msgs/share/person_msgs/package.bash'
[9.798s] INFO:colcon.colcon_core.shell:Creating package script '/home/nbalu/ros2_ws/install/person_msgs/share/person_msgs/package.zsh'
[9.798s] Level 1:colcon.colcon_core.environment:create_file_with_runtime_dependencies(/home/nbalu/ros2_ws/install/person_msgs/share/colcon-core/packages/person_msgs)
[9.799s] INFO:colcon.colcon_ros.task.ament_python.build:Building ROS package in '/home/nbalu/ros2_ws/src/mypkg' with build type 'ament_python'
[9.799s] Level 1:colcon.colcon_core.shell:create_environment_hook('mypkg', 'ament_prefix_path')
[9.799s] INFO:colcon.colcon_core.shell:Creating environment hook '/home/nbalu/ros2_ws/install/mypkg/share/mypkg/hook/ament_prefix_path.ps1'
[9.801s] INFO:colcon.colcon_core.shell:Creating environment descriptor '/home/nbalu/ros2_ws/install/mypkg/share/mypkg/hook/ament_prefix_path.dsv'
[9.802s] INFO:colcon.colcon_core.shell:Creating environment hook '/home/nbalu/ros2_ws/install/mypkg/share/mypkg/hook/ament_prefix_path.sh'
[9.803s] INFO:colcon.colcon_core.shell:Skip shell extension 'powershell' for command environment: Not usable outside of PowerShell
[9.803s] DEBUG:colcon.colcon_core.shell:Skip shell extension 'dsv' for command environment
[10.186s] INFO:colcon.colcon_core.task.python.build:Building Python package in '/home/nbalu/ros2_ws/src/mypkg'
[10.186s] INFO:colcon.colcon_core.shell:Skip shell extension 'powershell' for command environment: Not usable outside of PowerShell
[10.186s] DEBUG:colcon.colcon_core.shell:Skip shell extension 'dsv' for command environment
[11.563s] DEBUG:colcon.colcon_core.event_handler.log_command:Invoking command in '/home/nbalu/ros2_ws/src/mypkg': PYTHONPATH=/home/nbalu/ros2_ws/build/mypkg/prefix_override:/usr/lib/python3/dist-packages/colcon_core/task/python/colcon_distutils_commands:/home/nbalu/ros2_ws/install/mypkg/lib/python3.12/site-packages:/home/nbalu/ros2_ws/install/person_msgs/lib/python3.12/site-packages:/home/nbalu/ros2_ws/build/mypkg:/home/nbalu/ros2_ws/install/mypkg/lib/python3.12/site-packages:/opt/ros/jazzy/lib/python3.12/site-packages /usr/bin/python3 -W ignore:setup.py install is deprecated -W ignore:easy_install command is deprecated setup.py egg_info --egg-base ../../build/mypkg build --build-base /home/nbalu/ros2_ws/build/mypkg/build install --record /home/nbalu/ros2_ws/build/mypkg/install.log --single-version-externally-managed install_data
[12.033s] Level 1:colcon.colcon_core.environment:checking '/home/nbalu/ros2_ws/install/mypkg' for CMake module files
[12.034s] Level 1:colcon.colcon_core.environment:checking '/home/nbalu/ros2_ws/install/mypkg' for CMake config files
[12.034s] DEBUG:colcon.colcon_core.event_handler.log_command:Invoked command in '/home/nbalu/ros2_ws/src/mypkg' returned '0': PYTHONPATH=/home/nbalu/ros2_ws/build/mypkg/prefix_override:/usr/lib/python3/dist-packages/colcon_core/task/python/colcon_distutils_commands:/home/nbalu/ros2_ws/install/mypkg/lib/python3.12/site-packages:/home/nbalu/ros2_ws/install/person_msgs/lib/python3.12/site-packages:/home/nbalu/ros2_ws/build/mypkg:/home/nbalu/ros2_ws/install/mypkg/lib/python3.12/site-packages:/opt/ros/jazzy/lib/python3.12/site-packages /usr/bin/python3 -W ignore:setup.py install is deprecated -W ignore:easy_install command is deprecated setup.py egg_info --egg-base ../../build/mypkg build --build-base /home/nbalu/ros2_ws/build/mypkg/build install --record /home/nbalu/ros2_ws/build/mypkg/install.log --single-version-externally-managed install_data
[12.035s] Level 1:colcon.colcon_core.environment:checking '/home/nbalu/ros2_ws/install/mypkg/lib'
[12.035s] Level 1:colcon.colcon_core.environment:checking '/home/nbalu/ros2_ws/install/mypkg/bin'
[12.035s] Level 1:colcon.colcon_core.environment:checking '/home/nbalu/ros2_ws/install/mypkg/lib/pkgconfig/mypkg.pc'
[12.036s] Level 1:colcon.colcon_core.environment:checking '/home/nbalu/ros2_ws/install/mypkg/lib/python3.12/site-packages'
[12.036s] Level 1:colcon.colcon_core.shell:create_environment_hook('mypkg', 'pythonpath')
[12.036s] INFO:colcon.colcon_core.shell:Creating environment hook '/home/nbalu/ros2_ws/install/mypkg/share/mypkg/hook/pythonpath.ps1'
[12.037s] INFO:colcon.colcon_core.shell:Creating environment descriptor '/home/nbalu/ros2_ws/install/mypkg/share/mypkg/hook/pythonpath.dsv'
[12.037s] INFO:colcon.colcon_core.shell:Creating environment hook '/home/nbalu/ros2_ws/install/mypkg/share/mypkg/hook/pythonpath.sh'
[12.038s] Level 1:colcon.colcon_core.environment:checking '/home/nbalu/ros2_ws/install/mypkg/bin'
[12.038s] Level 1:colcon.colcon_core.environment:create_environment_scripts_only(mypkg)
[12.038s] INFO:colcon.colcon_core.shell:Creating package script '/home/nbalu/ros2_ws/install/mypkg/share/mypkg/package.ps1'
[12.039s] INFO:colcon.colcon_core.shell:Creating package descriptor '/home/nbalu/ros2_ws/install/mypkg/share/mypkg/package.dsv'
[12.040s] INFO:colcon.colcon_core.shell:Creating package script '/home/nbalu/ros2_ws/install/mypkg/share/mypkg/package.sh'
[12.040s] INFO:colcon.colcon_core.shell:Creating package script '/home/nbalu/ros2_ws/install/mypkg/share/mypkg/package.bash'
[12.040s] INFO:colcon.colcon_core.shell:Creating package script '/home/nbalu/ros2_ws/install/mypkg/share/mypkg/package.zsh'
[12.041s] Level 1:colcon.colcon_core.environment:create_file_with_runtime_dependencies(/home/nbalu/ros2_ws/install/mypkg/share/colcon-core/packages/mypkg)
[12.041s] DEBUG:colcon.colcon_parallel_executor.executor.parallel:closing loop
[12.042s] DEBUG:colcon.colcon_parallel_executor.executor.parallel:loop closed
[12.042s] DEBUG:colcon.colcon_parallel_executor.executor.parallel:run_until_complete finished with '0'
[12.042s] DEBUG:colcon.colcon_core.event_reactor:joining thread
[12.118s] INFO:colcon.colcon_core.plugin_system:Skipping extension 'colcon_notification.desktop_notification.notify_send': Could not find 'notify-send'
[12.118s] INFO:colcon.colcon_core.plugin_system:Skipping extension 'colcon_notification.desktop_notification.terminal_notifier': Not used on non-Darwin systems
[12.118s] INFO:colcon.colcon_core.plugin_system:Skipping extension 'colcon_notification.desktop_notification.win32': Not used on non-Windows systems
[12.118s] INFO:colcon.colcon_notification.desktop_notification:Sending desktop notification using 'notify2'
[12.120s] DEBUG:colcon.colcon_notification.desktop_notification.notify2:Failed to initialize notify2: org.freedesktop.DBus.Error.ServiceUnknown: The name org.freedesktop.Notifications was not provided by any .service files
[12.120s] DEBUG:colcon.colcon_core.event_reactor:joined thread
[12.120s] INFO:colcon.colcon_core.shell:Creating prefix script '/home/nbalu/ros2_ws/install/local_setup.ps1'
[12.121s] INFO:colcon.colcon_core.shell:Creating prefix util module '/home/nbalu/ros2_ws/install/_local_setup_util_ps1.py'
[12.122s] INFO:colcon.colcon_core.shell:Creating prefix chain script '/home/nbalu/ros2_ws/install/setup.ps1'
[12.124s] INFO:colcon.colcon_core.shell:Creating prefix script '/home/nbalu/ros2_ws/install/local_setup.sh'
[12.125s] INFO:colcon.colcon_core.shell:Creating prefix util module '/home/nbalu/ros2_ws/install/_local_setup_util_sh.py'
[12.126s] INFO:colcon.colcon_core.shell:Creating prefix chain script '/home/nbalu/ros2_ws/install/setup.sh'
[12.127s] INFO:colcon.colcon_core.shell:Creating prefix script '/home/nbalu/ros2_ws/install/local_setup.bash'
[12.128s] INFO:colcon.colcon_core.shell:Creating prefix chain script '/home/nbalu/ros2_ws/install/setup.bash'
[12.129s] INFO:colcon.colcon_core.shell:Creating prefix script '/home/nbalu/ros2_ws/install/local_setup.zsh'
[12.129s] INFO:colcon.colcon_core.shell:Creating prefix chain script '/home/nbalu/ros2_ws/install/setup.zsh'
