[0.337s] DEBUG:colcon:Command line arguments: ['/usr/bin/colcon', 'build', '--symlink-install']
[0.338s] DEBUG:colcon:Parsed command line arguments: Namespace(log_base=None, log_level=None, verb_name='build', build_base='build', install_base='install', merge_install=False, symlink_install=True, test_result_base=None, continue_on_error=False, executor='parallel', parallel_workers=16, event_handlers=None, ignore_user_meta=False, metas=['./colcon.meta'], base_paths=['.'], packages_ignore=None, packages_ignore_regex=None, paths=None, packages_up_to=None, packages_up_to_regex=None, packages_above=None, packages_above_and_dependencies=None, packages_above_depth=None, packages_select_by_dep=None, packages_skip_by_dep=None, packages_skip_up_to=None, packages_select_build_failed=False, packages_skip_build_finished=False, packages_select_test_failures=False, packages_skip_test_passed=False, packages_select=None, packages_skip=None, packages_select_regex=None, packages_skip_regex=None, packages_start=None, packages_end=None, allow_overriding=[], cmake_args=None, cmake_target=None, cmake_target_skip_unavailable=False, cmake_clean_cache=False, cmake_clean_first=False, cmake_force_configure=False, ament_cmake_args=None, catkin_cmake_args=None, catkin_skip_building_tests=False, verb_parser=<colcon_defaults.argument_parser.defaults.DefaultArgumentsDecorator object at 0x707a0d066e70>, verb_extension=<colcon_core.verb.build.BuildVerb object at 0x707a0d17af00>, main=<bound method BuildVerb.main of <colcon_core.verb.build.BuildVerb object at 0x707a0d17af00>>)
[0.424s] Level 1:colcon.colcon_core.package_discovery:discover_packages(colcon_meta) check parameters
[0.424s] Level 1:colcon.colcon_core.package_discovery:discover_packages(recursive) check parameters
[0.424s] Level 1:colcon.colcon_core.package_discovery:discover_packages(ignore) check parameters
[0.424s] Level 1:colcon.colcon_core.package_discovery:discover_packages(path) check parameters
[0.424s] Level 1:colcon.colcon_core.package_discovery:discover_packages(colcon_meta) discover
[0.424s] Level 1:colcon.colcon_core.package_discovery:discover_packages(recursive) discover
[0.424s] INFO:colcon.colcon_core.package_discovery:Crawling recursively for packages in '/home/nbalu/ros2_ws'
[0.424s] Level 1:colcon.colcon_core.package_identification:_identify(.) by extensions ['ignore', 'ignore_ament_install']
[0.425s] Level 1:colcon.colcon_core.package_identification:_identify(.) by extension 'ignore'
[0.425s] Level 1:colcon.colcon_core.package_identification:_identify(.) by extension 'ignore_ament_install'
[0.425s] Level 1:colcon.colcon_core.package_identification:_identify(.) by extensions ['colcon_pkg']
[0.425s] Level 1:colcon.colcon_core.package_identification:_identify(.) by extension 'colcon_pkg'
[0.425s] Level 1:colcon.colcon_core.package_identification:_identify(.) by extensions ['colcon_meta']
[0.425s] Level 1:colcon.colcon_core.package_identification:_identify(.) by extension 'colcon_meta'
[0.425s] Level 1:colcon.colcon_core.package_identification:_identify(.) by extensions ['ros']
[0.425s] Level 1:colcon.colcon_core.package_identification:_identify(.) by extension 'ros'
[0.466s] Level 1:colcon.colcon_core.package_identification:_identify(.) by extensions ['cmake', 'python']
[0.466s] Level 1:colcon.colcon_core.package_identification:_identify(.) by extension 'cmake'
[0.466s] Level 1:colcon.colcon_core.package_identification:_identify(.) by extension 'python'
[0.467s] Level 1:colcon.colcon_core.package_identification:_identify(.) by extensions ['python_setup_py']
[0.467s] Level 1:colcon.colcon_core.package_identification:_identify(.) by extension 'python_setup_py'
[0.467s] Level 1:colcon.colcon_core.package_identification:_identify(build) by extensions ['ignore', 'ignore_ament_install']
[0.467s] Level 1:colcon.colcon_core.package_identification:_identify(build) by extension 'ignore'
[0.467s] Level 1:colcon.colcon_core.package_identification:_identify(build) ignored
[0.468s] Level 1:colcon.colcon_core.package_identification:_identify(install) by extensions ['ignore', 'ignore_ament_install']
[0.468s] Level 1:colcon.colcon_core.package_identification:_identify(install) by extension 'ignore'
[0.468s] Level 1:colcon.colcon_core.package_identification:_identify(install) ignored
[0.468s] Level 1:colcon.colcon_core.package_identification:_identify(log) by extensions ['ignore', 'ignore_ament_install']
[0.468s] Level 1:colcon.colcon_core.package_identification:_identify(log) by extension 'ignore'
[0.468s] Level 1:colcon.colcon_core.package_identification:_identify(log) ignored
[0.469s] Level 1:colcon.colcon_core.package_identification:_identify(resource) by extensions ['ignore', 'ignore_ament_install']
[0.469s] Level 1:colcon.colcon_core.package_identification:_identify(resource) by extension 'ignore'
[0.469s] Level 1:colcon.colcon_core.package_identification:_identify(resource) by extension 'ignore_ament_install'
[0.469s] Level 1:colcon.colcon_core.package_identification:_identify(resource) by extensions ['colcon_pkg']
[0.469s] Level 1:colcon.colcon_core.package_identification:_identify(resource) by extension 'colcon_pkg'
[0.469s] Level 1:colcon.colcon_core.package_identification:_identify(resource) by extensions ['colcon_meta']
[0.469s] Level 1:colcon.colcon_core.package_identification:_identify(resource) by extension 'colcon_meta'
[0.469s] Level 1:colcon.colcon_core.package_identification:_identify(resource) by extensions ['ros']
[0.469s] Level 1:colcon.colcon_core.package_identification:_identify(resource) by extension 'ros'
[0.469s] Level 1:colcon.colcon_core.package_identification:_identify(resource) by extensions ['cmake', 'python']
[0.469s] Level 1:colcon.colcon_core.package_identification:_identify(resource) by extension 'cmake'
[0.469s] Level 1:colcon.colcon_core.package_identification:_identify(resource) by extension 'python'
[0.469s] Level 1:colcon.colcon_core.package_identification:_identify(resource) by extensions ['python_setup_py']
[0.469s] Level 1:colcon.colcon_core.package_identification:_identify(resource) by extension 'python_setup_py'
[0.470s] Level 1:colcon.colcon_core.package_identification:_identify(ros2env) by extensions ['ignore', 'ignore_ament_install']
[0.470s] Level 1:colcon.colcon_core.package_identification:_identify(ros2env) by extension 'ignore'
[0.470s] Level 1:colcon.colcon_core.package_identification:_identify(ros2env) by extension 'ignore_ament_install'
[0.470s] Level 1:colcon.colcon_core.package_identification:_identify(ros2env) by extensions ['colcon_pkg']
[0.470s] Level 1:colcon.colcon_core.package_identification:_identify(ros2env) by extension 'colcon_pkg'
[0.470s] Level 1:colcon.colcon_core.package_identification:_identify(ros2env) by extensions ['colcon_meta']
[0.470s] Level 1:colcon.colcon_core.package_identification:_identify(ros2env) by extension 'colcon_meta'
[0.470s] Level 1:colcon.colcon_core.package_identification:_identify(ros2env) by extensions ['ros']
[0.470s] Level 1:colcon.colcon_core.package_identification:_identify(ros2env) by extension 'ros'
[0.470s] Level 1:colcon.colcon_core.package_identification:_identify(ros2env) by extensions ['cmake', 'python']
[0.470s] Level 1:colcon.colcon_core.package_identification:_identify(ros2env) by extension 'cmake'
[0.470s] Level 1:colcon.colcon_core.package_identification:_identify(ros2env) by extension 'python'
[0.470s] Level 1:colcon.colcon_core.package_identification:_identify(ros2env) by extensions ['python_setup_py']
[0.470s] Level 1:colcon.colcon_core.package_identification:_identify(ros2env) by extension 'python_setup_py'
[0.471s] Level 1:colcon.colcon_core.package_identification:_identify(ros2env/include) by extensions ['ignore', 'ignore_ament_install']
[0.471s] Level 1:colcon.colcon_core.package_identification:_identify(ros2env/include) by extension 'ignore'
[0.471s] Level 1:colcon.colcon_core.package_identification:_identify(ros2env/include) by extension 'ignore_ament_install'
[0.471s] Level 1:colcon.colcon_core.package_identification:_identify(ros2env/include) by extensions ['colcon_pkg']
[0.471s] Level 1:colcon.colcon_core.package_identification:_identify(ros2env/include) by extension 'colcon_pkg'
[0.471s] Level 1:colcon.colcon_core.package_identification:_identify(ros2env/include) by extensions ['colcon_meta']
[0.471s] Level 1:colcon.colcon_core.package_identification:_identify(ros2env/include) by extension 'colcon_meta'
[0.471s] Level 1:colcon.colcon_core.package_identification:_identify(ros2env/include) by extensions ['ros']
[0.471s] Level 1:colcon.colcon_core.package_identification:_identify(ros2env/include) by extension 'ros'
[0.471s] Level 1:colcon.colcon_core.package_identification:_identify(ros2env/include) by extensions ['cmake', 'python']
[0.471s] Level 1:colcon.colcon_core.package_identification:_identify(ros2env/include) by extension 'cmake'
[0.471s] Level 1:colcon.colcon_core.package_identification:_identify(ros2env/include) by extension 'python'
[0.471s] Level 1:colcon.colcon_core.package_identification:_identify(ros2env/include) by extensions ['python_setup_py']
[0.471s] Level 1:colcon.colcon_core.package_identification:_identify(ros2env/include) by extension 'python_setup_py'
[0.471s] Level 1:colcon.colcon_core.package_identification:_identify(src) by extensions ['ignore', 'ignore_ament_install']
[0.471s] Level 1:colcon.colcon_core.package_identification:_identify(src) by extension 'ignore'
[0.472s] Level 1:colcon.colcon_core.package_identification:_identify(src) by extension 'ignore_ament_install'
[0.472s] Level 1:colcon.colcon_core.package_identification:_identify(src) by extensions ['colcon_pkg']
[0.472s] Level 1:colcon.colcon_core.package_identification:_identify(src) by extension 'colcon_pkg'
[0.472s] Level 1:colcon.colcon_core.package_identification:_identify(src) by extensions ['colcon_meta']
[0.472s] Level 1:colcon.colcon_core.package_identification:_identify(src) by extension 'colcon_meta'
[0.472s] Level 1:colcon.colcon_core.package_identification:_identify(src) by extensions ['ros']
[0.472s] Level 1:colcon.colcon_core.package_identification:_identify(src) by extension 'ros'
[0.472s] Level 1:colcon.colcon_core.package_identification:_identify(src) by extensions ['cmake', 'python']
[0.472s] Level 1:colcon.colcon_core.package_identification:_identify(src) by extension 'cmake'
[0.472s] Level 1:colcon.colcon_core.package_identification:_identify(src) by extension 'python'
[0.472s] Level 1:colcon.colcon_core.package_identification:_identify(src) by extensions ['python_setup_py']
[0.472s] Level 1:colcon.colcon_core.package_identification:_identify(src) by extension 'python_setup_py'
[0.472s] Level 1:colcon.colcon_core.package_identification:_identify(src/mypkg) by extensions ['ignore', 'ignore_ament_install']
[0.472s] Level 1:colcon.colcon_core.package_identification:_identify(src/mypkg) by extension 'ignore'
[0.472s] Level 1:colcon.colcon_core.package_identification:_identify(src/mypkg) by extension 'ignore_ament_install'
[0.472s] Level 1:colcon.colcon_core.package_identification:_identify(src/mypkg) by extensions ['colcon_pkg']
[0.472s] Level 1:colcon.colcon_core.package_identification:_identify(src/mypkg) by extension 'colcon_pkg'
[0.473s] Level 1:colcon.colcon_core.package_identification:_identify(src/mypkg) by extensions ['colcon_meta']
[0.473s] Level 1:colcon.colcon_core.package_identification:_identify(src/mypkg) by extension 'colcon_meta'
[0.473s] Level 1:colcon.colcon_core.package_identification:_identify(src/mypkg) by extensions ['ros']
[0.473s] Level 1:colcon.colcon_core.package_identification:_identify(src/mypkg) by extension 'ros'
[0.477s] DEBUG:colcon.colcon_core.package_identification:Package 'src/mypkg' with type 'ros.ament_python' and name 'mypkg'
[0.478s] Level 1:colcon.colcon_core.package_identification:_identify(src/person_msgs) by extensions ['ignore', 'ignore_ament_install']
[0.478s] Level 1:colcon.colcon_core.package_identification:_identify(src/person_msgs) by extension 'ignore'
[0.478s] Level 1:colcon.colcon_core.package_identification:_identify(src/person_msgs) by extension 'ignore_ament_install'
[0.478s] Level 1:colcon.colcon_core.package_identification:_identify(src/person_msgs) by extensions ['colcon_pkg']
[0.478s] Level 1:colcon.colcon_core.package_identification:_identify(src/person_msgs) by extension 'colcon_pkg'
[0.478s] Level 1:colcon.colcon_core.package_identification:_identify(src/person_msgs) by extensions ['colcon_meta']
[0.478s] Level 1:colcon.colcon_core.package_identification:_identify(src/person_msgs) by extension 'colcon_meta'
[0.478s] Level 1:colcon.colcon_core.package_identification:_identify(src/person_msgs) by extensions ['ros']
[0.478s] Level 1:colcon.colcon_core.package_identification:_identify(src/person_msgs) by extension 'ros'
[0.479s] DEBUG:colcon.colcon_core.package_identification:Package 'src/person_msgs' with type 'ros.ament_cmake' and name 'person_msgs'
[0.479s] Level 1:colcon.colcon_core.package_identification:_identify(src_backup) by extensions ['ignore', 'ignore_ament_install']
[0.479s] Level 1:colcon.colcon_core.package_identification:_identify(src_backup) by extension 'ignore'
[0.479s] Level 1:colcon.colcon_core.package_identification:_identify(src_backup) by extension 'ignore_ament_install'
[0.479s] Level 1:colcon.colcon_core.package_identification:_identify(src_backup) by extensions ['colcon_pkg']
[0.479s] Level 1:colcon.colcon_core.package_identification:_identify(src_backup) by extension 'colcon_pkg'
[0.479s] Level 1:colcon.colcon_core.package_identification:_identify(src_backup) by extensions ['colcon_meta']
[0.479s] Level 1:colcon.colcon_core.package_identification:_identify(src_backup) by extension 'colcon_meta'
[0.479s] Level 1:colcon.colcon_core.package_identification:_identify(src_backup) by extensions ['ros']
[0.479s] Level 1:colcon.colcon_core.package_identification:_identify(src_backup) by extension 'ros'
[0.479s] Level 1:colcon.colcon_core.package_identification:_identify(src_backup) by extensions ['cmake', 'python']
[0.479s] Level 1:colcon.colcon_core.package_identification:_identify(src_backup) by extension 'cmake'
[0.479s] Level 1:colcon.colcon_core.package_identification:_identify(src_backup) by extension 'python'
[0.479s] Level 1:colcon.colcon_core.package_identification:_identify(src_backup) by extensions ['python_setup_py']
[0.479s] Level 1:colcon.colcon_core.package_identification:_identify(src_backup) by extension 'python_setup_py'
[0.480s] Level 1:colcon.colcon_core.package_identification:_identify(src_backup/mypkg) by extensions ['ignore', 'ignore_ament_install']
[0.480s] Level 1:colcon.colcon_core.package_identification:_identify(src_backup/mypkg) by extension 'ignore'
[0.480s] Level 1:colcon.colcon_core.package_identification:_identify(src_backup/mypkg) by extension 'ignore_ament_install'
[0.480s] Level 1:colcon.colcon_core.package_identification:_identify(src_backup/mypkg) by extensions ['colcon_pkg']
[0.480s] Level 1:colcon.colcon_core.package_identification:_identify(src_backup/mypkg) by extension 'colcon_pkg'
[0.480s] Level 1:colcon.colcon_core.package_identification:_identify(src_backup/mypkg) by extensions ['colcon_meta']
[0.480s] Level 1:colcon.colcon_core.package_identification:_identify(src_backup/mypkg) by extension 'colcon_meta'
[0.480s] Level 1:colcon.colcon_core.package_identification:_identify(src_backup/mypkg) by extensions ['ros']
[0.480s] Level 1:colcon.colcon_core.package_identification:_identify(src_backup/mypkg) by extension 'ros'
[0.480s] Level 1:colcon.colcon_core.package_identification:_identify(src_backup/mypkg) by extensions ['cmake', 'python']
[0.480s] Level 1:colcon.colcon_core.package_identification:_identify(src_backup/mypkg) by extension 'cmake'
[0.480s] Level 1:colcon.colcon_core.package_identification:_identify(src_backup/mypkg) by extension 'python'
[0.480s] Level 1:colcon.colcon_core.package_identification:_identify(src_backup/mypkg) by extensions ['python_setup_py']
[0.480s] Level 1:colcon.colcon_core.package_identification:_identify(src_backup/mypkg) by extension 'python_setup_py'
[0.481s] Level 1:colcon.colcon_core.package_identification:_identify(src_backup/mypkg/mypkg) by extensions ['ignore', 'ignore_ament_install']
[0.481s] Level 1:colcon.colcon_core.package_identification:_identify(src_backup/mypkg/mypkg) by extension 'ignore'
[0.481s] Level 1:colcon.colcon_core.package_identification:_identify(src_backup/mypkg/mypkg) by extension 'ignore_ament_install'
[0.481s] Level 1:colcon.colcon_core.package_identification:_identify(src_backup/mypkg/mypkg) by extensions ['colcon_pkg']
[0.481s] Level 1:colcon.colcon_core.package_identification:_identify(src_backup/mypkg/mypkg) by extension 'colcon_pkg'
[0.481s] Level 1:colcon.colcon_core.package_identification:_identify(src_backup/mypkg/mypkg) by extensions ['colcon_meta']
[0.481s] Level 1:colcon.colcon_core.package_identification:_identify(src_backup/mypkg/mypkg) by extension 'colcon_meta'
[0.481s] Level 1:colcon.colcon_core.package_identification:_identify(src_backup/mypkg/mypkg) by extensions ['ros']
[0.481s] Level 1:colcon.colcon_core.package_identification:_identify(src_backup/mypkg/mypkg) by extension 'ros'
[0.481s] Level 1:colcon.colcon_core.package_identification:_identify(src_backup/mypkg/mypkg) by extensions ['cmake', 'python']
[0.481s] Level 1:colcon.colcon_core.package_identification:_identify(src_backup/mypkg/mypkg) by extension 'cmake'
[0.481s] Level 1:colcon.colcon_core.package_identification:_identify(src_backup/mypkg/mypkg) by extension 'python'
[0.481s] Level 1:colcon.colcon_core.package_identification:_identify(src_backup/mypkg/mypkg) by extensions ['python_setup_py']
[0.481s] Level 1:colcon.colcon_core.package_identification:_identify(src_backup/mypkg/mypkg) by extension 'python_setup_py'
[0.482s] Level 1:colcon.colcon_core.package_identification:_identify(src_backup/person_msgs) by extensions ['ignore', 'ignore_ament_install']
[0.482s] Level 1:colcon.colcon_core.package_identification:_identify(src_backup/person_msgs) by extension 'ignore'
[0.482s] Level 1:colcon.colcon_core.package_identification:_identify(src_backup/person_msgs) by extension 'ignore_ament_install'
[0.482s] Level 1:colcon.colcon_core.package_identification:_identify(src_backup/person_msgs) by extensions ['colcon_pkg']
[0.482s] Level 1:colcon.colcon_core.package_identification:_identify(src_backup/person_msgs) by extension 'colcon_pkg'
[0.482s] Level 1:colcon.colcon_core.package_identification:_identify(src_backup/person_msgs) by extensions ['colcon_meta']
[0.482s] Level 1:colcon.colcon_core.package_identification:_identify(src_backup/person_msgs) by extension 'colcon_meta'
[0.482s] Level 1:colcon.colcon_core.package_identification:_identify(src_backup/person_msgs) by extensions ['ros']
[0.482s] Level 1:colcon.colcon_core.package_identification:_identify(src_backup/person_msgs) by extension 'ros'
[0.482s] Level 1:colcon.colcon_core.package_identification:_identify(src_backup/person_msgs) by extensions ['cmake', 'python']
[0.482s] Level 1:colcon.colcon_core.package_identification:_identify(src_backup/person_msgs) by extension 'cmake'
[0.482s] Level 1:colcon.colcon_core.package_identification:_identify(src_backup/person_msgs) by extension 'python'
[0.482s] Level 1:colcon.colcon_core.package_identification:_identify(src_backup/person_msgs) by extensions ['python_setup_py']
[0.482s] Level 1:colcon.colcon_core.package_identification:_identify(src_backup/person_msgs) by extension 'python_setup_py'
[0.483s] Level 1:colcon.colcon_core.package_identification:_identify(src_backup/person_msgs/include) by extensions ['ignore', 'ignore_ament_install']
[0.483s] Level 1:colcon.colcon_core.package_identification:_identify(src_backup/person_msgs/include) by extension 'ignore'
[0.483s] Level 1:colcon.colcon_core.package_identification:_identify(src_backup/person_msgs/include) by extension 'ignore_ament_install'
[0.483s] Level 1:colcon.colcon_core.package_identification:_identify(src_backup/person_msgs/include) by extensions ['colcon_pkg']
[0.483s] Level 1:colcon.colcon_core.package_identification:_identify(src_backup/person_msgs/include) by extension 'colcon_pkg'
[0.483s] Level 1:colcon.colcon_core.package_identification:_identify(src_backup/person_msgs/include) by extensions ['colcon_meta']
[0.483s] Level 1:colcon.colcon_core.package_identification:_identify(src_backup/person_msgs/include) by extension 'colcon_meta'
[0.483s] Level 1:colcon.colcon_core.package_identification:_identify(src_backup/person_msgs/include) by extensions ['ros']
[0.483s] Level 1:colcon.colcon_core.package_identification:_identify(src_backup/person_msgs/include) by extension 'ros'
[0.483s] Level 1:colcon.colcon_core.package_identification:_identify(src_backup/person_msgs/include) by extensions ['cmake', 'python']
[0.483s] Level 1:colcon.colcon_core.package_identification:_identify(src_backup/person_msgs/include) by extension 'cmake'
[0.483s] Level 1:colcon.colcon_core.package_identification:_identify(src_backup/person_msgs/include) by extension 'python'
[0.483s] Level 1:colcon.colcon_core.package_identification:_identify(src_backup/person_msgs/include) by extensions ['python_setup_py']
[0.483s] Level 1:colcon.colcon_core.package_identification:_identify(src_backup/person_msgs/include) by extension 'python_setup_py'
[0.484s] Level 1:colcon.colcon_core.package_identification:_identify(src_backup/person_msgs/include/person_msgs) by extensions ['ignore', 'ignore_ament_install']
[0.484s] Level 1:colcon.colcon_core.package_identification:_identify(src_backup/person_msgs/include/person_msgs) by extension 'ignore'
[0.484s] Level 1:colcon.colcon_core.package_identification:_identify(src_backup/person_msgs/include/person_msgs) by extension 'ignore_ament_install'
[0.484s] Level 1:colcon.colcon_core.package_identification:_identify(src_backup/person_msgs/include/person_msgs) by extensions ['colcon_pkg']
[0.484s] Level 1:colcon.colcon_core.package_identification:_identify(src_backup/person_msgs/include/person_msgs) by extension 'colcon_pkg'
[0.484s] Level 1:colcon.colcon_core.package_identification:_identify(src_backup/person_msgs/include/person_msgs) by extensions ['colcon_meta']
[0.484s] Level 1:colcon.colcon_core.package_identification:_identify(src_backup/person_msgs/include/person_msgs) by extension 'colcon_meta'
[0.484s] Level 1:colcon.colcon_core.package_identification:_identify(src_backup/person_msgs/include/person_msgs) by extensions ['ros']
[0.484s] Level 1:colcon.colcon_core.package_identification:_identify(src_backup/person_msgs/include/person_msgs) by extension 'ros'
[0.484s] Level 1:colcon.colcon_core.package_identification:_identify(src_backup/person_msgs/include/person_msgs) by extensions ['cmake', 'python']
[0.484s] Level 1:colcon.colcon_core.package_identification:_identify(src_backup/person_msgs/include/person_msgs) by extension 'cmake'
[0.484s] Level 1:colcon.colcon_core.package_identification:_identify(src_backup/person_msgs/include/person_msgs) by extension 'python'
[0.484s] Level 1:colcon.colcon_core.package_identification:_identify(src_backup/person_msgs/include/person_msgs) by extensions ['python_setup_py']
[0.484s] Level 1:colcon.colcon_core.package_identification:_identify(src_backup/person_msgs/include/person_msgs) by extension 'python_setup_py'
[0.485s] Level 1:colcon.colcon_core.package_identification:_identify(src_backup/person_msgs/src) by extensions ['ignore', 'ignore_ament_install']
[0.485s] Level 1:colcon.colcon_core.package_identification:_identify(src_backup/person_msgs/src) by extension 'ignore'
[0.485s] Level 1:colcon.colcon_core.package_identification:_identify(src_backup/person_msgs/src) by extension 'ignore_ament_install'
[0.485s] Level 1:colcon.colcon_core.package_identification:_identify(src_backup/person_msgs/src) by extensions ['colcon_pkg']
[0.485s] Level 1:colcon.colcon_core.package_identification:_identify(src_backup/person_msgs/src) by extension 'colcon_pkg'
[0.485s] Level 1:colcon.colcon_core.package_identification:_identify(src_backup/person_msgs/src) by extensions ['colcon_meta']
[0.485s] Level 1:colcon.colcon_core.package_identification:_identify(src_backup/person_msgs/src) by extension 'colcon_meta'
[0.485s] Level 1:colcon.colcon_core.package_identification:_identify(src_backup/person_msgs/src) by extensions ['ros']
[0.485s] Level 1:colcon.colcon_core.package_identification:_identify(src_backup/person_msgs/src) by extension 'ros'
[0.485s] Level 1:colcon.colcon_core.package_identification:_identify(src_backup/person_msgs/src) by extensions ['cmake', 'python']
[0.485s] Level 1:colcon.colcon_core.package_identification:_identify(src_backup/person_msgs/src) by extension 'cmake'
[0.485s] Level 1:colcon.colcon_core.package_identification:_identify(src_backup/person_msgs/src) by extension 'python'
[0.485s] Level 1:colcon.colcon_core.package_identification:_identify(src_backup/person_msgs/src) by extensions ['python_setup_py']
[0.485s] Level 1:colcon.colcon_core.package_identification:_identify(src_backup/person_msgs/src) by extension 'python_setup_py'
[0.485s] Level 1:colcon.colcon_core.package_identification:_identify(src_safe_backup) by extensions ['ignore', 'ignore_ament_install']
[0.486s] Level 1:colcon.colcon_core.package_identification:_identify(src_safe_backup) by extension 'ignore'
[0.486s] Level 1:colcon.colcon_core.package_identification:_identify(src_safe_backup) by extension 'ignore_ament_install'
[0.486s] Level 1:colcon.colcon_core.package_identification:_identify(src_safe_backup) by extensions ['colcon_pkg']
[0.486s] Level 1:colcon.colcon_core.package_identification:_identify(src_safe_backup) by extension 'colcon_pkg'
[0.486s] Level 1:colcon.colcon_core.package_identification:_identify(src_safe_backup) by extensions ['colcon_meta']
[0.486s] Level 1:colcon.colcon_core.package_identification:_identify(src_safe_backup) by extension 'colcon_meta'
[0.486s] Level 1:colcon.colcon_core.package_identification:_identify(src_safe_backup) by extensions ['ros']
[0.486s] Level 1:colcon.colcon_core.package_identification:_identify(src_safe_backup) by extension 'ros'
[0.486s] Level 1:colcon.colcon_core.package_identification:_identify(src_safe_backup) by extensions ['cmake', 'python']
[0.486s] Level 1:colcon.colcon_core.package_identification:_identify(src_safe_backup) by extension 'cmake'
[0.486s] Level 1:colcon.colcon_core.package_identification:_identify(src_safe_backup) by extension 'python'
[0.486s] Level 1:colcon.colcon_core.package_identification:_identify(src_safe_backup) by extensions ['python_setup_py']
[0.486s] Level 1:colcon.colcon_core.package_identification:_identify(src_safe_backup) by extension 'python_setup_py'
[0.486s] Level 1:colcon.colcon_core.package_identification:_identify(src_safe_backup/mypkg) by extensions ['ignore', 'ignore_ament_install']
[0.486s] Level 1:colcon.colcon_core.package_identification:_identify(src_safe_backup/mypkg) by extension 'ignore'
[0.486s] Level 1:colcon.colcon_core.package_identification:_identify(src_safe_backup/mypkg) by extension 'ignore_ament_install'
[0.487s] Level 1:colcon.colcon_core.package_identification:_identify(src_safe_backup/mypkg) by extensions ['colcon_pkg']
[0.487s] Level 1:colcon.colcon_core.package_identification:_identify(src_safe_backup/mypkg) by extension 'colcon_pkg'
[0.487s] Level 1:colcon.colcon_core.package_identification:_identify(src_safe_backup/mypkg) by extensions ['colcon_meta']
[0.487s] Level 1:colcon.colcon_core.package_identification:_identify(src_safe_backup/mypkg) by extension 'colcon_meta'
[0.487s] Level 1:colcon.colcon_core.package_identification:_identify(src_safe_backup/mypkg) by extensions ['ros']
[0.487s] Level 1:colcon.colcon_core.package_identification:_identify(src_safe_backup/mypkg) by extension 'ros'
[0.487s] Level 1:colcon.colcon_core.package_identification:_identify(src_safe_backup/mypkg) by extensions ['cmake', 'python']
[0.487s] Level 1:colcon.colcon_core.package_identification:_identify(src_safe_backup/mypkg) by extension 'cmake'
[0.487s] Level 1:colcon.colcon_core.package_identification:_identify(src_safe_backup/mypkg) by extension 'python'
[0.487s] Level 1:colcon.colcon_core.package_identification:_identify(src_safe_backup/mypkg) by extensions ['python_setup_py']
[0.487s] Level 1:colcon.colcon_core.package_identification:_identify(src_safe_backup/mypkg) by extension 'python_setup_py'
[0.487s] Level 1:colcon.colcon_core.package_identification:_identify(src_safe_backup/mypkg/mypkg) by extensions ['ignore', 'ignore_ament_install']
[0.487s] Level 1:colcon.colcon_core.package_identification:_identify(src_safe_backup/mypkg/mypkg) by extension 'ignore'
[0.487s] Level 1:colcon.colcon_core.package_identification:_identify(src_safe_backup/mypkg/mypkg) by extension 'ignore_ament_install'
[0.487s] Level 1:colcon.colcon_core.package_identification:_identify(src_safe_backup/mypkg/mypkg) by extensions ['colcon_pkg']
[0.487s] Level 1:colcon.colcon_core.package_identification:_identify(src_safe_backup/mypkg/mypkg) by extension 'colcon_pkg'
[0.487s] Level 1:colcon.colcon_core.package_identification:_identify(src_safe_backup/mypkg/mypkg) by extensions ['colcon_meta']
[0.487s] Level 1:colcon.colcon_core.package_identification:_identify(src_safe_backup/mypkg/mypkg) by extension 'colcon_meta'
[0.488s] Level 1:colcon.colcon_core.package_identification:_identify(src_safe_backup/mypkg/mypkg) by extensions ['ros']
[0.488s] Level 1:colcon.colcon_core.package_identification:_identify(src_safe_backup/mypkg/mypkg) by extension 'ros'
[0.488s] Level 1:colcon.colcon_core.package_identification:_identify(src_safe_backup/mypkg/mypkg) by extensions ['cmake', 'python']
[0.488s] Level 1:colcon.colcon_core.package_identification:_identify(src_safe_backup/mypkg/mypkg) by extension 'cmake'
[0.488s] Level 1:colcon.colcon_core.package_identification:_identify(src_safe_backup/mypkg/mypkg) by extension 'python'
[0.488s] Level 1:colcon.colcon_core.package_identification:_identify(src_safe_backup/mypkg/mypkg) by extensions ['python_setup_py']
[0.488s] Level 1:colcon.colcon_core.package_identification:_identify(src_safe_backup/mypkg/mypkg) by extension 'python_setup_py'
[0.488s] Level 1:colcon.colcon_core.package_identification:_identify(src_safe_backup/person_msgs) by extensions ['ignore', 'ignore_ament_install']
[0.488s] Level 1:colcon.colcon_core.package_identification:_identify(src_safe_backup/person_msgs) by extension 'ignore'
[0.488s] Level 1:colcon.colcon_core.package_identification:_identify(src_safe_backup/person_msgs) by extension 'ignore_ament_install'
[0.488s] Level 1:colcon.colcon_core.package_identification:_identify(src_safe_backup/person_msgs) by extensions ['colcon_pkg']
[0.488s] Level 1:colcon.colcon_core.package_identification:_identify(src_safe_backup/person_msgs) by extension 'colcon_pkg'
[0.488s] Level 1:colcon.colcon_core.package_identification:_identify(src_safe_backup/person_msgs) by extensions ['colcon_meta']
[0.488s] Level 1:colcon.colcon_core.package_identification:_identify(src_safe_backup/person_msgs) by extension 'colcon_meta'
[0.488s] Level 1:colcon.colcon_core.package_identification:_identify(src_safe_backup/person_msgs) by extensions ['ros']
[0.488s] Level 1:colcon.colcon_core.package_identification:_identify(src_safe_backup/person_msgs) by extension 'ros'
[0.488s] Level 1:colcon.colcon_core.package_identification:_identify(src_safe_backup/person_msgs) by extensions ['cmake', 'python']
[0.489s] Level 1:colcon.colcon_core.package_identification:_identify(src_safe_backup/person_msgs) by extension 'cmake'
[0.489s] Level 1:colcon.colcon_core.package_identification:_identify(src_safe_backup/person_msgs) by extension 'python'
[0.489s] Level 1:colcon.colcon_core.package_identification:_identify(src_safe_backup/person_msgs) by extensions ['python_setup_py']
[0.489s] Level 1:colcon.colcon_core.package_identification:_identify(src_safe_backup/person_msgs) by extension 'python_setup_py'
[0.489s] Level 1:colcon.colcon_core.package_identification:_identify(src_safe_backup/person_msgs/include) by extensions ['ignore', 'ignore_ament_install']
[0.489s] Level 1:colcon.colcon_core.package_identification:_identify(src_safe_backup/person_msgs/include) by extension 'ignore'
[0.489s] Level 1:colcon.colcon_core.package_identification:_identify(src_safe_backup/person_msgs/include) by extension 'ignore_ament_install'
[0.489s] Level 1:colcon.colcon_core.package_identification:_identify(src_safe_backup/person_msgs/include) by extensions ['colcon_pkg']
[0.489s] Level 1:colcon.colcon_core.package_identification:_identify(src_safe_backup/person_msgs/include) by extension 'colcon_pkg'
[0.489s] Level 1:colcon.colcon_core.package_identification:_identify(src_safe_backup/person_msgs/include) by extensions ['colcon_meta']
[0.489s] Level 1:colcon.colcon_core.package_identification:_identify(src_safe_backup/person_msgs/include) by extension 'colcon_meta'
[0.489s] Level 1:colcon.colcon_core.package_identification:_identify(src_safe_backup/person_msgs/include) by extensions ['ros']
[0.489s] Level 1:colcon.colcon_core.package_identification:_identify(src_safe_backup/person_msgs/include) by extension 'ros'
[0.489s] Level 1:colcon.colcon_core.package_identification:_identify(src_safe_backup/person_msgs/include) by extensions ['cmake', 'python']
[0.489s] Level 1:colcon.colcon_core.package_identification:_identify(src_safe_backup/person_msgs/include) by extension 'cmake'
[0.489s] Level 1:colcon.colcon_core.package_identification:_identify(src_safe_backup/person_msgs/include) by extension 'python'
[0.489s] Level 1:colcon.colcon_core.package_identification:_identify(src_safe_backup/person_msgs/include) by extensions ['python_setup_py']
[0.489s] Level 1:colcon.colcon_core.package_identification:_identify(src_safe_backup/person_msgs/include) by extension 'python_setup_py'
[0.490s] Level 1:colcon.colcon_core.package_identification:_identify(src_safe_backup/person_msgs/include/person_msgs) by extensions ['ignore', 'ignore_ament_install']
[0.490s] Level 1:colcon.colcon_core.package_identification:_identify(src_safe_backup/person_msgs/include/person_msgs) by extension 'ignore'
[0.490s] Level 1:colcon.colcon_core.package_identification:_identify(src_safe_backup/person_msgs/include/person_msgs) by extension 'ignore_ament_install'
[0.490s] Level 1:colcon.colcon_core.package_identification:_identify(src_safe_backup/person_msgs/include/person_msgs) by extensions ['colcon_pkg']
[0.490s] Level 1:colcon.colcon_core.package_identification:_identify(src_safe_backup/person_msgs/include/person_msgs) by extension 'colcon_pkg'
[0.490s] Level 1:colcon.colcon_core.package_identification:_identify(src_safe_backup/person_msgs/include/person_msgs) by extensions ['colcon_meta']
[0.490s] Level 1:colcon.colcon_core.package_identification:_identify(src_safe_backup/person_msgs/include/person_msgs) by extension 'colcon_meta'
[0.490s] Level 1:colcon.colcon_core.package_identification:_identify(src_safe_backup/person_msgs/include/person_msgs) by extensions ['ros']
[0.490s] Level 1:colcon.colcon_core.package_identification:_identify(src_safe_backup/person_msgs/include/person_msgs) by extension 'ros'
[0.490s] Level 1:colcon.colcon_core.package_identification:_identify(src_safe_backup/person_msgs/include/person_msgs) by extensions ['cmake', 'python']
[0.490s] Level 1:colcon.colcon_core.package_identification:_identify(src_safe_backup/person_msgs/include/person_msgs) by extension 'cmake'
[0.490s] Level 1:colcon.colcon_core.package_identification:_identify(src_safe_backup/person_msgs/include/person_msgs) by extension 'python'
[0.490s] Level 1:colcon.colcon_core.package_identification:_identify(src_safe_backup/person_msgs/include/person_msgs) by extensions ['python_setup_py']
[0.490s] Level 1:colcon.colcon_core.package_identification:_identify(src_safe_backup/person_msgs/include/person_msgs) by extension 'python_setup_py'
[0.491s] Level 1:colcon.colcon_core.package_identification:_identify(src_safe_backup/person_msgs/src) by extensions ['ignore', 'ignore_ament_install']
[0.491s] Level 1:colcon.colcon_core.package_identification:_identify(src_safe_backup/person_msgs/src) by extension 'ignore'
[0.491s] Level 1:colcon.colcon_core.package_identification:_identify(src_safe_backup/person_msgs/src) by extension 'ignore_ament_install'
[0.491s] Level 1:colcon.colcon_core.package_identification:_identify(src_safe_backup/person_msgs/src) by extensions ['colcon_pkg']
[0.491s] Level 1:colcon.colcon_core.package_identification:_identify(src_safe_backup/person_msgs/src) by extension 'colcon_pkg'
[0.491s] Level 1:colcon.colcon_core.package_identification:_identify(src_safe_backup/person_msgs/src) by extensions ['colcon_meta']
[0.491s] Level 1:colcon.colcon_core.package_identification:_identify(src_safe_backup/person_msgs/src) by extension 'colcon_meta'
[0.491s] Level 1:colcon.colcon_core.package_identification:_identify(src_safe_backup/person_msgs/src) by extensions ['ros']
[0.491s] Level 1:colcon.colcon_core.package_identification:_identify(src_safe_backup/person_msgs/src) by extension 'ros'
[0.491s] Level 1:colcon.colcon_core.package_identification:_identify(src_safe_backup/person_msgs/src) by extensions ['cmake', 'python']
[0.491s] Level 1:colcon.colcon_core.package_identification:_identify(src_safe_backup/person_msgs/src) by extension 'cmake'
[0.491s] Level 1:colcon.colcon_core.package_identification:_identify(src_safe_backup/person_msgs/src) by extension 'python'
[0.491s] Level 1:colcon.colcon_core.package_identification:_identify(src_safe_backup/person_msgs/src) by extensions ['python_setup_py']
[0.491s] Level 1:colcon.colcon_core.package_identification:_identify(src_safe_backup/person_msgs/src) by extension 'python_setup_py'
[0.491s] Level 1:colcon.colcon_core.package_discovery:discover_packages(recursive) using defaults
[0.491s] Level 1:colcon.colcon_core.package_discovery:discover_packages(ignore) discover
[0.491s] Level 1:colcon.colcon_core.package_discovery:discover_packages(ignore) using defaults
[0.491s] Level 1:colcon.colcon_core.package_discovery:discover_packages(path) discover
[0.491s] Level 1:colcon.colcon_core.package_discovery:discover_packages(path) using defaults
[0.527s] Level 1:colcon.colcon_core.package_discovery:discover_packages(prefix_path) check parameters
[0.527s] Level 1:colcon.colcon_core.package_discovery:discover_packages(prefix_path) discover
[0.532s] DEBUG:colcon.colcon_installed_package_information.package_discovery:Found 2 installed packages in /home/nbalu/ros2_ws/install
[0.534s] DEBUG:colcon.colcon_installed_package_information.package_discovery:Found 285 installed packages in /opt/ros/jazzy
[0.535s] Level 1:colcon.colcon_core.package_discovery:discover_packages(prefix_path) using defaults
[0.634s] Level 5:colcon.colcon_core.verb:set package 'person_msgs' build argument 'cmake_args' from command line to 'None'
[0.634s] Level 5:colcon.colcon_core.verb:set package 'person_msgs' build argument 'cmake_target' from command line to 'None'
[0.634s] Level 5:colcon.colcon_core.verb:set package 'person_msgs' build argument 'cmake_target_skip_unavailable' from command line to 'False'
[0.634s] Level 5:colcon.colcon_core.verb:set package 'person_msgs' build argument 'cmake_clean_cache' from command line to 'False'
[0.635s] Level 5:colcon.colcon_core.verb:set package 'person_msgs' build argument 'cmake_clean_first' from command line to 'False'
[0.635s] Level 5:colcon.colcon_core.verb:set package 'person_msgs' build argument 'cmake_force_configure' from command line to 'False'
[0.635s] Level 5:colcon.colcon_core.verb:set package 'person_msgs' build argument 'ament_cmake_args' from command line to 'None'
[0.635s] Level 5:colcon.colcon_core.verb:set package 'person_msgs' build argument 'catkin_cmake_args' from command line to 'None'
[0.635s] Level 5:colcon.colcon_core.verb:set package 'person_msgs' build argument 'catkin_skip_building_tests' from command line to 'False'
[0.635s] DEBUG:colcon.colcon_core.verb:Building package 'person_msgs' with the following arguments: {'ament_cmake_args': None, 'build_base': '/home/nbalu/ros2_ws/build/person_msgs', 'catkin_cmake_args': None, 'catkin_skip_building_tests': False, 'cmake_args': None, 'cmake_clean_cache': False, 'cmake_clean_first': False, 'cmake_force_configure': False, 'cmake_target': None, 'cmake_target_skip_unavailable': False, 'install_base': '/home/nbalu/ros2_ws/install/person_msgs', 'merge_install': False, 'path': '/home/nbalu/ros2_ws/src/person_msgs', 'symlink_install': True, 'test_result_base': None}
[0.635s] Level 5:colcon.colcon_core.verb:set package 'mypkg' build argument 'cmake_args' from command line to 'None'
[0.635s] Level 5:colcon.colcon_core.verb:set package 'mypkg' build argument 'cmake_target' from command line to 'None'
[0.635s] Level 5:colcon.colcon_core.verb:set package 'mypkg' build argument 'cmake_target_skip_unavailable' from command line to 'False'
[0.635s] Level 5:colcon.colcon_core.verb:set package 'mypkg' build argument 'cmake_clean_cache' from command line to 'False'
[0.635s] Level 5:colcon.colcon_core.verb:set package 'mypkg' build argument 'cmake_clean_first' from command line to 'False'
[0.635s] Level 5:colcon.colcon_core.verb:set package 'mypkg' build argument 'cmake_force_configure' from command line to 'False'
[0.635s] Level 5:colcon.colcon_core.verb:set package 'mypkg' build argument 'ament_cmake_args' from command line to 'None'
[0.635s] Level 5:colcon.colcon_core.verb:set package 'mypkg' build argument 'catkin_cmake_args' from command line to 'None'
[0.635s] Level 5:colcon.colcon_core.verb:set package 'mypkg' build argument 'catkin_skip_building_tests' from command line to 'False'
[0.635s] DEBUG:colcon.colcon_core.verb:Building package 'mypkg' with the following arguments: {'ament_cmake_args': None, 'build_base': '/home/nbalu/ros2_ws/build/mypkg', 'catkin_cmake_args': None, 'catkin_skip_building_tests': False, 'cmake_args': None, 'cmake_clean_cache': False, 'cmake_clean_first': False, 'cmake_force_configure': False, 'cmake_target': None, 'cmake_target_skip_unavailable': False, 'install_base': '/home/nbalu/ros2_ws/install/mypkg', 'merge_install': False, 'path': '/home/nbalu/ros2_ws/src/mypkg', 'symlink_install': True, 'test_result_base': None}
[0.635s] INFO:colcon.colcon_core.executor:Executing jobs using 'parallel' executor
[0.636s] DEBUG:colcon.colcon_parallel_executor.executor.parallel:run_until_complete
[0.636s] INFO:colcon.colcon_ros.task.ament_cmake.build:Building ROS package in '/home/nbalu/ros2_ws/src/person_msgs' with build type 'ament_cmake'
[0.637s] INFO:colcon.colcon_cmake.task.cmake.build:Building CMake package in '/home/nbalu/ros2_ws/src/person_msgs'
[0.643s] INFO:colcon.colcon_core.plugin_system:Skipping extension 'colcon_core.shell.bat': Not used on non-Windows systems
[0.643s] INFO:colcon.colcon_core.shell:Skip shell extension 'powershell' for command environment: Not usable outside of PowerShell
[0.643s] DEBUG:colcon.colcon_core.shell:Skip shell extension 'dsv' for command environment
[0.656s] DEBUG:colcon.colcon_core.event_handler.log_command:Invoking command in '/home/nbalu/ros2_ws/build/person_msgs': CMAKE_PREFIX_PATH=${CMAKE_PREFIX_PATH}:/home/nbalu/ros2_ws/install/mypkg:/opt/ros/jazzy /usr/bin/cmake --build /home/nbalu/ros2_ws/build/person_msgs -- -j16 -l16
[1.149s] DEBUG:colcon.colcon_core.event_handler.log_command:Invoked command in '/home/nbalu/ros2_ws/build/person_msgs' returned '0': CMAKE_PREFIX_PATH=${CMAKE_PREFIX_PATH}:/home/nbalu/ros2_ws/install/mypkg:/opt/ros/jazzy /usr/bin/cmake --build /home/nbalu/ros2_ws/build/person_msgs -- -j16 -l16
[1.161s] DEBUG:colcon.colcon_core.event_handler.log_command:Invoking command in '/home/nbalu/ros2_ws/build/person_msgs': CMAKE_PREFIX_PATH=${CMAKE_PREFIX_PATH}:/home/nbalu/ros2_ws/install/mypkg:/opt/ros/jazzy /usr/bin/cmake --install /home/nbalu/ros2_ws/build/person_msgs
[1.287s] Level 1:colcon.colcon_core.environment:create_environment_scripts_only(person_msgs)
[1.287s] DEBUG:colcon.colcon_core.event_handler.log_command:Invoked command in '/home/nbalu/ros2_ws/build/person_msgs' returned '0': CMAKE_PREFIX_PATH=${CMAKE_PREFIX_PATH}:/home/nbalu/ros2_ws/install/mypkg:/opt/ros/jazzy /usr/bin/cmake --install /home/nbalu/ros2_ws/build/person_msgs
[1.294s] Level 1:colcon.colcon_core.environment:checking '/home/nbalu/ros2_ws/install/person_msgs' for CMake module files
[1.295s] Level 1:colcon.colcon_core.environment:checking '/home/nbalu/ros2_ws/install/person_msgs' for CMake config files
[1.300s] Level 1:colcon.colcon_core.shell:create_environment_hook('person_msgs', 'cmake_prefix_path')
[1.300s] INFO:colcon.colcon_core.shell:Creating environment hook '/home/nbalu/ros2_ws/install/person_msgs/share/person_msgs/hook/cmake_prefix_path.ps1'
[1.301s] INFO:colcon.colcon_core.shell:Creating environment descriptor '/home/nbalu/ros2_ws/install/person_msgs/share/person_msgs/hook/cmake_prefix_path.dsv'
[1.301s] INFO:colcon.colcon_core.shell:Creating environment hook '/home/nbalu/ros2_ws/install/person_msgs/share/person_msgs/hook/cmake_prefix_path.sh'
[1.303s] Level 1:colcon.colcon_core.environment:checking '/home/nbalu/ros2_ws/install/person_msgs/lib'
[1.303s] Level 1:colcon.colcon_core.shell:create_environment_hook('person_msgs', 'ld_library_path_lib')
[1.303s] INFO:colcon.colcon_core.shell:Creating environment hook '/home/nbalu/ros2_ws/install/person_msgs/share/person_msgs/hook/ld_library_path_lib.ps1'
[1.304s] INFO:colcon.colcon_core.shell:Creating environment descriptor '/home/nbalu/ros2_ws/install/person_msgs/share/person_msgs/hook/ld_library_path_lib.dsv'
[1.304s] INFO:colcon.colcon_core.shell:Creating environment hook '/home/nbalu/ros2_ws/install/person_msgs/share/person_msgs/hook/ld_library_path_lib.sh'
[1.304s] Level 1:colcon.colcon_core.environment:checking '/home/nbalu/ros2_ws/install/person_msgs/bin'
[1.304s] Level 1:colcon.colcon_core.environment:checking '/home/nbalu/ros2_ws/install/person_msgs/lib/pkgconfig/person_msgs.pc'
[1.304s] Level 1:colcon.colcon_core.environment:checking '/home/nbalu/ros2_ws/install/person_msgs/lib/python3.12/site-packages'
[1.305s] Level 1:colcon.colcon_core.shell:create_environment_hook('person_msgs', 'pythonpath')
[1.305s] INFO:colcon.colcon_core.shell:Creating environment hook '/home/nbalu/ros2_ws/install/person_msgs/share/person_msgs/hook/pythonpath.ps1'
[1.305s] INFO:colcon.colcon_core.shell:Creating environment descriptor '/home/nbalu/ros2_ws/install/person_msgs/share/person_msgs/hook/pythonpath.dsv'
[1.305s] INFO:colcon.colcon_core.shell:Creating environment hook '/home/nbalu/ros2_ws/install/person_msgs/share/person_msgs/hook/pythonpath.sh'
[1.306s] Level 1:colcon.colcon_core.environment:checking '/home/nbalu/ros2_ws/install/person_msgs/bin'
[1.306s] INFO:colcon.colcon_core.shell:Creating package script '/home/nbalu/ros2_ws/install/person_msgs/share/person_msgs/package.ps1'
[1.307s] INFO:colcon.colcon_core.shell:Creating package descriptor '/home/nbalu/ros2_ws/install/person_msgs/share/person_msgs/package.dsv'
[1.308s] INFO:colcon.colcon_core.shell:Creating package script '/home/nbalu/ros2_ws/install/person_msgs/share/person_msgs/package.sh'
[1.309s] INFO:colcon.colcon_core.shell:Creating package script '/home/nbalu/ros2_ws/install/person_msgs/share/person_msgs/package.bash'
[1.310s] INFO:colcon.colcon_core.shell:Creating package script '/home/nbalu/ros2_ws/install/person_msgs/share/person_msgs/package.zsh'
[1.310s] Level 1:colcon.colcon_core.environment:create_file_with_runtime_dependencies(/home/nbalu/ros2_ws/install/person_msgs/share/colcon-core/packages/person_msgs)
[1.311s] Level 1:colcon.colcon_core.environment:create_environment_scripts_only(person_msgs)
[1.311s] Level 1:colcon.colcon_core.environment:checking '/home/nbalu/ros2_ws/install/person_msgs' for CMake module files
[1.311s] Level 1:colcon.colcon_core.environment:checking '/home/nbalu/ros2_ws/install/person_msgs' for CMake config files
[1.312s] Level 1:colcon.colcon_core.shell:create_environment_hook('person_msgs', 'cmake_prefix_path')
[1.312s] INFO:colcon.colcon_core.shell:Creating environment hook '/home/nbalu/ros2_ws/install/person_msgs/share/person_msgs/hook/cmake_prefix_path.ps1'
[1.312s] INFO:colcon.colcon_core.shell:Creating environment descriptor '/home/nbalu/ros2_ws/install/person_msgs/share/person_msgs/hook/cmake_prefix_path.dsv'
[1.313s] INFO:colcon.colcon_core.shell:Creating environment hook '/home/nbalu/ros2_ws/install/person_msgs/share/person_msgs/hook/cmake_prefix_path.sh'
[1.313s] Level 1:colcon.colcon_core.environment:checking '/home/nbalu/ros2_ws/install/person_msgs/lib'
[1.313s] Level 1:colcon.colcon_core.shell:create_environment_hook('person_msgs', 'ld_library_path_lib')
[1.313s] INFO:colcon.colcon_core.shell:Creating environment hook '/home/nbalu/ros2_ws/install/person_msgs/share/person_msgs/hook/ld_library_path_lib.ps1'
[1.314s] INFO:colcon.colcon_core.shell:Creating environment descriptor '/home/nbalu/ros2_ws/install/person_msgs/share/person_msgs/hook/ld_library_path_lib.dsv'
[1.314s] INFO:colcon.colcon_core.shell:Creating environment hook '/home/nbalu/ros2_ws/install/person_msgs/share/person_msgs/hook/ld_library_path_lib.sh'
[1.314s] Level 1:colcon.colcon_core.environment:checking '/home/nbalu/ros2_ws/install/person_msgs/bin'
[1.314s] Level 1:colcon.colcon_core.environment:checking '/home/nbalu/ros2_ws/install/person_msgs/lib/pkgconfig/person_msgs.pc'
[1.315s] Level 1:colcon.colcon_core.environment:checking '/home/nbalu/ros2_ws/install/person_msgs/lib/python3.12/site-packages'
[1.315s] Level 1:colcon.colcon_core.shell:create_environment_hook('person_msgs', 'pythonpath')
[1.315s] INFO:colcon.colcon_core.shell:Creating environment hook '/home/nbalu/ros2_ws/install/person_msgs/share/person_msgs/hook/pythonpath.ps1'
[1.315s] INFO:colcon.colcon_core.shell:Creating environment descriptor '/home/nbalu/ros2_ws/install/person_msgs/share/person_msgs/hook/pythonpath.dsv'
[1.315s] INFO:colcon.colcon_core.shell:Creating environment hook '/home/nbalu/ros2_ws/install/person_msgs/share/person_msgs/hook/pythonpath.sh'
[1.316s] Level 1:colcon.colcon_core.environment:checking '/home/nbalu/ros2_ws/install/person_msgs/bin'
[1.316s] INFO:colcon.colcon_core.shell:Creating package script '/home/nbalu/ros2_ws/install/person_msgs/share/person_msgs/package.ps1'
[1.317s] INFO:colcon.colcon_core.shell:Creating package descriptor '/home/nbalu/ros2_ws/install/person_msgs/share/person_msgs/package.dsv'
[1.317s] INFO:colcon.colcon_core.shell:Creating package script '/home/nbalu/ros2_ws/install/person_msgs/share/person_msgs/package.sh'
[1.317s] INFO:colcon.colcon_core.shell:Creating package script '/home/nbalu/ros2_ws/install/person_msgs/share/person_msgs/package.bash'
[1.318s] INFO:colcon.colcon_core.shell:Creating package script '/home/nbalu/ros2_ws/install/person_msgs/share/person_msgs/package.zsh'
[1.318s] Level 1:colcon.colcon_core.environment:create_file_with_runtime_dependencies(/home/nbalu/ros2_ws/install/person_msgs/share/colcon-core/packages/person_msgs)
[1.319s] INFO:colcon.colcon_ros.task.ament_python.build:Building ROS package in '/home/nbalu/ros2_ws/src/mypkg' with build type 'ament_python'
[1.319s] Level 1:colcon.colcon_core.shell:create_environment_hook('mypkg', 'ament_prefix_path')
[1.319s] INFO:colcon.colcon_core.shell:Creating environment hook '/home/nbalu/ros2_ws/install/mypkg/share/mypkg/hook/ament_prefix_path.ps1'
[1.321s] INFO:colcon.colcon_core.shell:Creating environment descriptor '/home/nbalu/ros2_ws/install/mypkg/share/mypkg/hook/ament_prefix_path.dsv'
[1.321s] INFO:colcon.colcon_core.shell:Creating environment hook '/home/nbalu/ros2_ws/install/mypkg/share/mypkg/hook/ament_prefix_path.sh'
[1.323s] INFO:colcon.colcon_core.shell:Skip shell extension 'powershell' for command environment: Not usable outside of PowerShell
[1.323s] DEBUG:colcon.colcon_core.shell:Skip shell extension 'dsv' for command environment
[1.666s] INFO:colcon.colcon_core.task.python.build:Building Python package in '/home/nbalu/ros2_ws/src/mypkg'
[1.666s] INFO:colcon.colcon_core.shell:Skip shell extension 'powershell' for command environment: Not usable outside of PowerShell
[1.666s] DEBUG:colcon.colcon_core.shell:Skip shell extension 'dsv' for command environment
[2.696s] DEBUG:colcon.colcon_core.event_handler.log_command:Invoking command in '/home/nbalu/ros2_ws/build/mypkg': PYTHONPATH=/home/nbalu/ros2_ws/build/mypkg/prefix_override:/usr/lib/python3/dist-packages/colcon_core/task/python/colcon_distutils_commands:/home/nbalu/ros2_ws/install/mypkg/lib/python3.12/site-packages:/home/nbalu/ros2_ws/install/person_msgs/lib/python3.12/site-packages:/home/nbalu/ros2_ws/build/mypkg:/home/nbalu/ros2_ws/install/mypkg/lib/python3.12/site-packages:/opt/ros/jazzy/lib/python3.12/site-packages /usr/bin/python3 -W ignore:setup.py install is deprecated -W ignore:easy_install command is deprecated setup.py develop --editable --build-directory /home/nbalu/ros2_ws/build/mypkg/build --no-deps symlink_data
[3.212s] Level 1:colcon.colcon_core.shell:create_environment_hook('mypkg', 'pythonpath_develop')
[3.213s] DEBUG:colcon.colcon_core.event_handler.log_command:Invoked command in '/home/nbalu/ros2_ws/build/mypkg' returned '0': PYTHONPATH=/home/nbalu/ros2_ws/build/mypkg/prefix_override:/usr/lib/python3/dist-packages/colcon_core/task/python/colcon_distutils_commands:/home/nbalu/ros2_ws/install/mypkg/lib/python3.12/site-packages:/home/nbalu/ros2_ws/install/person_msgs/lib/python3.12/site-packages:/home/nbalu/ros2_ws/build/mypkg:/home/nbalu/ros2_ws/install/mypkg/lib/python3.12/site-packages:/opt/ros/jazzy/lib/python3.12/site-packages /usr/bin/python3 -W ignore:setup.py install is deprecated -W ignore:easy_install command is deprecated setup.py develop --editable --build-directory /home/nbalu/ros2_ws/build/mypkg/build --no-deps symlink_data
[3.213s] INFO:colcon.colcon_core.shell:Creating environment hook '/home/nbalu/ros2_ws/build/mypkg/share/mypkg/hook/pythonpath_develop.ps1'
[3.213s] INFO:colcon.colcon_core.shell:Creating environment descriptor '/home/nbalu/ros2_ws/build/mypkg/share/mypkg/hook/pythonpath_develop.dsv'
[3.214s] INFO:colcon.colcon_core.shell:Creating environment hook '/home/nbalu/ros2_ws/build/mypkg/share/mypkg/hook/pythonpath_develop.sh'
[3.214s] Level 1:colcon.colcon_core.environment:checking '/home/nbalu/ros2_ws/install/mypkg' for CMake module files
[3.215s] Level 1:colcon.colcon_core.environment:checking '/home/nbalu/ros2_ws/install/mypkg' for CMake config files
[3.218s] Level 1:colcon.colcon_core.environment:checking '/home/nbalu/ros2_ws/install/mypkg/lib'
[3.218s] Level 1:colcon.colcon_core.environment:checking '/home/nbalu/ros2_ws/install/mypkg/bin'
[3.218s] Level 1:colcon.colcon_core.environment:checking '/home/nbalu/ros2_ws/install/mypkg/lib/pkgconfig/mypkg.pc'
[3.218s] Level 1:colcon.colcon_core.environment:checking '/home/nbalu/ros2_ws/install/mypkg/lib/python3.12/site-packages'
[3.218s] Level 1:colcon.colcon_core.shell:create_environment_hook('mypkg', 'pythonpath')
[3.218s] INFO:colcon.colcon_core.shell:Creating environment hook '/home/nbalu/ros2_ws/install/mypkg/share/mypkg/hook/pythonpath.ps1'
[3.219s] INFO:colcon.colcon_core.shell:Creating environment descriptor '/home/nbalu/ros2_ws/install/mypkg/share/mypkg/hook/pythonpath.dsv'
[3.219s] INFO:colcon.colcon_core.shell:Creating environment hook '/home/nbalu/ros2_ws/install/mypkg/share/mypkg/hook/pythonpath.sh'
[3.220s] Level 1:colcon.colcon_core.environment:checking '/home/nbalu/ros2_ws/install/mypkg/bin'
[3.220s] Level 1:colcon.colcon_core.environment:create_environment_scripts_only(mypkg)
[3.220s] INFO:colcon.colcon_core.shell:Creating package script '/home/nbalu/ros2_ws/install/mypkg/share/mypkg/package.ps1'
[3.220s] INFO:colcon.colcon_core.shell:Creating package descriptor '/home/nbalu/ros2_ws/install/mypkg/share/mypkg/package.dsv'
[3.221s] INFO:colcon.colcon_core.shell:Creating package script '/home/nbalu/ros2_ws/install/mypkg/share/mypkg/package.sh'
[3.221s] INFO:colcon.colcon_core.shell:Creating package script '/home/nbalu/ros2_ws/install/mypkg/share/mypkg/package.bash'
[3.221s] INFO:colcon.colcon_core.shell:Creating package script '/home/nbalu/ros2_ws/install/mypkg/share/mypkg/package.zsh'
[3.221s] Level 1:colcon.colcon_core.environment:create_file_with_runtime_dependencies(/home/nbalu/ros2_ws/install/mypkg/share/colcon-core/packages/mypkg)
[3.222s] DEBUG:colcon.colcon_parallel_executor.executor.parallel:closing loop
[3.222s] DEBUG:colcon.colcon_parallel_executor.executor.parallel:loop closed
[3.222s] DEBUG:colcon.colcon_parallel_executor.executor.parallel:run_until_complete finished with '0'
[3.222s] DEBUG:colcon.colcon_core.event_reactor:joining thread
[3.381s] INFO:colcon.colcon_core.plugin_system:Skipping extension 'colcon_notification.desktop_notification.notify_send': Could not find 'notify-send'
[3.381s] INFO:colcon.colcon_core.plugin_system:Skipping extension 'colcon_notification.desktop_notification.terminal_notifier': Not used on non-Darwin systems
[3.381s] INFO:colcon.colcon_core.plugin_system:Skipping extension 'colcon_notification.desktop_notification.win32': Not used on non-Windows systems
[3.381s] INFO:colcon.colcon_notification.desktop_notification:Sending desktop notification using 'notify2'
[3.385s] DEBUG:colcon.colcon_notification.desktop_notification.notify2:Failed to initialize notify2: org.freedesktop.DBus.Error.ServiceUnknown: The name org.freedesktop.Notifications was not provided by any .service files
[3.385s] DEBUG:colcon.colcon_core.event_reactor:joined thread
[3.385s] INFO:colcon.colcon_core.shell:Creating prefix script '/home/nbalu/ros2_ws/install/local_setup.ps1'
[3.386s] INFO:colcon.colcon_core.shell:Creating prefix util module '/home/nbalu/ros2_ws/install/_local_setup_util_ps1.py'
[3.388s] INFO:colcon.colcon_core.shell:Creating prefix chain script '/home/nbalu/ros2_ws/install/setup.ps1'
[3.389s] INFO:colcon.colcon_core.shell:Creating prefix script '/home/nbalu/ros2_ws/install/local_setup.sh'
[3.390s] INFO:colcon.colcon_core.shell:Creating prefix util module '/home/nbalu/ros2_ws/install/_local_setup_util_sh.py'
[3.391s] INFO:colcon.colcon_core.shell:Creating prefix chain script '/home/nbalu/ros2_ws/install/setup.sh'
[3.392s] INFO:colcon.colcon_core.shell:Creating prefix script '/home/nbalu/ros2_ws/install/local_setup.bash'
[3.393s] INFO:colcon.colcon_core.shell:Creating prefix chain script '/home/nbalu/ros2_ws/install/setup.bash'
[3.394s] INFO:colcon.colcon_core.shell:Creating prefix script '/home/nbalu/ros2_ws/install/local_setup.zsh'
[3.394s] INFO:colcon.colcon_core.shell:Creating prefix chain script '/home/nbalu/ros2_ws/install/setup.zsh'
