[  2%] Built target person_msgs__rosidl_generator_type_description
[  2%] Built target ament_cmake_python_symlink_person_msgs
[  4%] Built target person_msgs__cpp
[ 22%] Built target person_msgs__rosidl_generator_c
[ 31%] Built target person_msgs__rosidl_typesupport_c
[ 40%] Built target person_msgs__rosidl_typesupport_introspection_c
[ 50%] Built target person_msgs__rosidl_typesupport_introspection_cpp
[ 59%] Built target person_msgs__rosidl_typesupport_cpp
[ 68%] Built target person_msgs__rosidl_typesupport_fastrtps_cpp
[ 77%] Built target person_msgs__rosidl_typesupport_fastrtps_c
[ 77%] Built target person_msgs
[ 79%] Built target person_msgs__py
[ 86%] Built target person_msgs__rosidl_generator_py
[ 90%] Built target person_msgs_s__rosidl_typesupport_fastrtps_c
[ 95%] Built target person_msgs_s__rosidl_typesupport_introspection_c
[100%] Built target person_msgs_s__rosidl_typesupport_c
running egg_info
writing person_msgs.egg-info/PKG-INFO
writing dependency_links to person_msgs.egg-info/dependency_links.txt
writing top-level names to person_msgs.egg-info/top_level.txt
reading manifest file 'person_msgs.egg-info/SOURCES.txt'
writing manifest file 'person_msgs.egg-info/SOURCES.txt'
[100%] Built target ament_cmake_python_build_person_msgs_egg
-- Install configuration: ""
-- Execute custom install script
-- Up-to-date symlink: /home/nbalu/ros2_ws/install/person_msgs/share/ament_index/resource_index/rosidl_interfaces/person_msgs
-- Up-to-date symlink: /home/nbalu/ros2_ws/install/person_msgs/share/person_msgs/msg/Person.json
-- Up-to-date symlink: /home/nbalu/ros2_ws/install/person_msgs/share/person_msgs/srv/Query.json
-- Up-to-date symlink: /home/nbalu/ros2_ws/install/person_msgs/include/person_msgs/person_msgs/msg/detail/person__functions.h
-- Up-to-date symlink: /home/nbalu/ros2_ws/install/person_msgs/include/person_msgs/person_msgs/msg/detail/person__struct.h
-- Up-to-date symlink: /home/nbalu/ros2_ws/install/person_msgs/include/person_msgs/person_msgs/msg/detail/person__type_support.h
-- Up-to-date symlink: /home/nbalu/ros2_ws/install/person_msgs/include/person_msgs/person_msgs/msg/person.h
-- Up-to-date symlink: /home/nbalu/ros2_ws/install/person_msgs/include/person_msgs/person_msgs/msg/rosidl_generator_c__visibility_control.h
-- Up-to-date symlink: /home/nbalu/ros2_ws/install/person_msgs/include/person_msgs/person_msgs/srv/detail/query__functions.h
-- Up-to-date symlink: /home/nbalu/ros2_ws/install/person_msgs/include/person_msgs/person_msgs/srv/detail/query__struct.h
-- Up-to-date symlink: /home/nbalu/ros2_ws/install/person_msgs/include/person_msgs/person_msgs/srv/detail/query__type_support.h
-- Up-to-date symlink: /home/nbalu/ros2_ws/install/person_msgs/include/person_msgs/person_msgs/srv/query.h
-- Up-to-date symlink: /home/nbalu/ros2_ws/install/person_msgs/share/person_msgs/environment/library_path.sh
-- Up-to-date symlink: /home/nbalu/ros2_ws/install/person_msgs/share/person_msgs/environment/library_path.dsv
-- Up-to-date symlink: /home/nbalu/ros2_ws/install/person_msgs/include/person_msgs/person_msgs/msg/detail/person__rosidl_typesupport_fastrtps_c.h
-- Up-to-date symlink: /home/nbalu/ros2_ws/install/person_msgs/include/person_msgs/person_msgs/msg/rosidl_typesupport_fastrtps_c__visibility_control.h
-- Up-to-date symlink: /home/nbalu/ros2_ws/install/person_msgs/include/person_msgs/person_msgs/srv/detail/query__rosidl_typesupport_fastrtps_c.h
-- Up-to-date symlink: /home/nbalu/ros2_ws/install/person_msgs/include/person_msgs/person_msgs/msg/detail/person__rosidl_typesupport_introspection_c.h
-- Up-to-date symlink: /home/nbalu/ros2_ws/install/person_msgs/include/person_msgs/person_msgs/msg/rosidl_typesupport_introspection_c__visibility_control.h
-- Up-to-date symlink: /home/nbalu/ros2_ws/install/person_msgs/include/person_msgs/person_msgs/srv/detail/query__rosidl_typesupport_introspection_c.h
-- Up-to-date symlink: /home/nbalu/ros2_ws/install/person_msgs/include/person_msgs/person_msgs/msg/detail/person__builder.hpp
-- Up-to-date symlink: /home/nbalu/ros2_ws/install/person_msgs/include/person_msgs/person_msgs/msg/detail/person__struct.hpp
-- Up-to-date symlink: /home/nbalu/ros2_ws/install/person_msgs/include/person_msgs/person_msgs/msg/detail/person__traits.hpp
-- Up-to-date symlink: /home/nbalu/ros2_ws/install/person_msgs/include/person_msgs/person_msgs/msg/detail/person__type_support.hpp
-- Up-to-date symlink: /home/nbalu/ros2_ws/install/person_msgs/include/person_msgs/person_msgs/msg/person.hpp
-- Up-to-date symlink: /home/nbalu/ros2_ws/install/person_msgs/include/person_msgs/person_msgs/msg/rosidl_generator_cpp__visibility_control.hpp
-- Up-to-date symlink: /home/nbalu/ros2_ws/install/person_msgs/include/person_msgs/person_msgs/srv/detail/query__builder.hpp
-- Up-to-date symlink: /home/nbalu/ros2_ws/install/person_msgs/include/person_msgs/person_msgs/srv/detail/query__struct.hpp
-- Up-to-date symlink: /home/nbalu/ros2_ws/install/person_msgs/include/person_msgs/person_msgs/srv/detail/query__traits.hpp
-- Up-to-date symlink: /home/nbalu/ros2_ws/install/person_msgs/include/person_msgs/person_msgs/srv/detail/query__type_support.hpp
-- Up-to-date symlink: /home/nbalu/ros2_ws/install/person_msgs/include/person_msgs/person_msgs/srv/query.hpp
-- Up-to-date symlink: /home/nbalu/ros2_ws/install/person_msgs/include/person_msgs/person_msgs/msg/detail/person__rosidl_typesupport_fastrtps_cpp.hpp
-- Up-to-date symlink: /home/nbalu/ros2_ws/install/person_msgs/include/person_msgs/person_msgs/msg/rosidl_typesupport_fastrtps_cpp__visibility_control.h
-- Up-to-date symlink: /home/nbalu/ros2_ws/install/person_msgs/include/person_msgs/person_msgs/srv/detail/query__rosidl_typesupport_fastrtps_cpp.hpp
-- Up-to-date symlink: /home/nbalu/ros2_ws/install/person_msgs/include/person_msgs/person_msgs/msg/detail/person__rosidl_typesupport_introspection_cpp.hpp
-- Up-to-date symlink: /home/nbalu/ros2_ws/install/person_msgs/include/person_msgs/person_msgs/srv/detail/query__rosidl_typesupport_introspection_cpp.hpp
-- Up-to-date symlink: /home/nbalu/ros2_ws/install/person_msgs/share/person_msgs/environment/pythonpath.sh
-- Up-to-date symlink: /home/nbalu/ros2_ws/install/person_msgs/share/person_msgs/environment/pythonpath.dsv
-- Up-to-date symlink: /home/nbalu/ros2_ws/install/person_msgs/lib/python3.12/site-packages/person_msgs-0.0.0-py3.12.egg-info/PKG-INFO
-- Up-to-date symlink: /home/nbalu/ros2_ws/install/person_msgs/lib/python3.12/site-packages/person_msgs-0.0.0-py3.12.egg-info/SOURCES.txt
-- Up-to-date symlink: /home/nbalu/ros2_ws/install/person_msgs/lib/python3.12/site-packages/person_msgs-0.0.0-py3.12.egg-info/dependency_links.txt
-- Up-to-date symlink: /home/nbalu/ros2_ws/install/person_msgs/lib/python3.12/site-packages/person_msgs-0.0.0-py3.12.egg-info/top_level.txt
-- Up-to-date symlink: /home/nbalu/ros2_ws/install/person_msgs/lib/python3.12/site-packages/person_msgs/__init__.py
-- Up-to-date symlink: /home/nbalu/ros2_ws/install/person_msgs/lib/python3.12/site-packages/person_msgs/_person_msgs_s.ep.rosidl_typesupport_c.c
-- Up-to-date symlink: /home/nbalu/ros2_ws/install/person_msgs/lib/python3.12/site-packages/person_msgs/_person_msgs_s.ep.rosidl_typesupport_fastrtps_c.c
-- Up-to-date symlink: /home/nbalu/ros2_ws/install/person_msgs/lib/python3.12/site-packages/person_msgs/_person_msgs_s.ep.rosidl_typesupport_introspection_c.c
-- Up-to-date symlink: /home/nbalu/ros2_ws/install/person_msgs/lib/python3.12/site-packages/person_msgs/msg/__init__.py
-- Up-to-date symlink: /home/nbalu/ros2_ws/install/person_msgs/lib/python3.12/site-packages/person_msgs/msg/_person.py
-- Up-to-date symlink: /home/nbalu/ros2_ws/install/person_msgs/lib/python3.12/site-packages/person_msgs/msg/_person_s.c
-- Up-to-date symlink: /home/nbalu/ros2_ws/install/person_msgs/lib/python3.12/site-packages/person_msgs/person_msgs_s__rosidl_typesupport_c.so
-- Up-to-date symlink: /home/nbalu/ros2_ws/install/person_msgs/lib/python3.12/site-packages/person_msgs/person_msgs_s__rosidl_typesupport_fastrtps_c.so
-- Up-to-date symlink: /home/nbalu/ros2_ws/install/person_msgs/lib/python3.12/site-packages/person_msgs/person_msgs_s__rosidl_typesupport_introspection_c.so
-- Up-to-date symlink: /home/nbalu/ros2_ws/install/person_msgs/lib/python3.12/site-packages/person_msgs/srv/__init__.py
-- Up-to-date symlink: /home/nbalu/ros2_ws/install/person_msgs/lib/python3.12/site-packages/person_msgs/srv/_query.py
-- Up-to-date symlink: /home/nbalu/ros2_ws/install/person_msgs/lib/python3.12/site-packages/person_msgs/srv/_query_s.c
-- Up-to-date symlink: /home/nbalu/ros2_ws/install/person_msgs/lib/python3.12/site-packages/person_msgs/person_msgs_s__rosidl_typesupport_fastrtps_c.so
-- Up-to-date symlink: /home/nbalu/ros2_ws/install/person_msgs/lib/python3.12/site-packages/person_msgs/person_msgs_s__rosidl_typesupport_introspection_c.so
-- Up-to-date symlink: /home/nbalu/ros2_ws/install/person_msgs/lib/python3.12/site-packages/person_msgs/person_msgs_s__rosidl_typesupport_c.so
-- Up-to-date symlink: /home/nbalu/ros2_ws/install/person_msgs/share/person_msgs/msg/Person.idl
-- Up-to-date symlink: /home/nbalu/ros2_ws/install/person_msgs/share/person_msgs/srv/Query.idl
-- Up-to-date symlink: /home/nbalu/ros2_ws/install/person_msgs/share/person_msgs/msg/Person.msg
-- Up-to-date symlink: /home/nbalu/ros2_ws/install/person_msgs/share/person_msgs/srv/Query.srv
-- Up-to-date symlink: /home/nbalu/ros2_ws/install/person_msgs/share/ament_index/resource_index/package_run_dependencies/person_msgs
-- Up-to-date symlink: /home/nbalu/ros2_ws/install/person_msgs/share/ament_index/resource_index/parent_prefix_path/person_msgs
-- Up-to-date symlink: /home/nbalu/ros2_ws/install/person_msgs/share/person_msgs/environment/ament_prefix_path.sh
-- Up-to-date symlink: /home/nbalu/ros2_ws/install/person_msgs/share/person_msgs/environment/ament_prefix_path.dsv
-- Up-to-date symlink: /home/nbalu/ros2_ws/install/person_msgs/share/person_msgs/environment/path.sh
-- Up-to-date symlink: /home/nbalu/ros2_ws/install/person_msgs/share/person_msgs/environment/path.dsv
-- Up-to-date symlink: /home/nbalu/ros2_ws/install/person_msgs/share/person_msgs/local_setup.bash
-- Up-to-date symlink: /home/nbalu/ros2_ws/install/person_msgs/share/person_msgs/local_setup.sh
-- Up-to-date symlink: /home/nbalu/ros2_ws/install/person_msgs/share/person_msgs/local_setup.zsh
-- Up-to-date symlink: /home/nbalu/ros2_ws/install/person_msgs/share/person_msgs/local_setup.dsv
-- Symlinking: /home/nbalu/ros2_ws/install/person_msgs/share/person_msgs/package.dsv
-- Up-to-date symlink: /home/nbalu/ros2_ws/install/person_msgs/share/ament_index/resource_index/packages/person_msgs
-- Up-to-date symlink: /home/nbalu/ros2_ws/install/person_msgs/share/person_msgs/cmake/rosidl_cmake-extras.cmake
-- Up-to-date symlink: /home/nbalu/ros2_ws/install/person_msgs/share/person_msgs/cmake/ament_cmake_export_dependencies-extras.cmake
-- Up-to-date symlink: /home/nbalu/ros2_ws/install/person_msgs/share/person_msgs/cmake/ament_cmake_export_include_directories-extras.cmake
-- Up-to-date symlink: /home/nbalu/ros2_ws/install/person_msgs/share/person_msgs/cmake/ament_cmake_export_libraries-extras.cmake
-- Up-to-date symlink: /home/nbalu/ros2_ws/install/person_msgs/share/person_msgs/cmake/ament_cmake_export_targets-extras.cmake
-- Up-to-date symlink: /home/nbalu/ros2_ws/install/person_msgs/share/person_msgs/cmake/rosidl_cmake_export_typesupport_targets-extras.cmake
-- Up-to-date symlink: /home/nbalu/ros2_ws/install/person_msgs/share/person_msgs/cmake/rosidl_cmake_export_typesupport_libraries-extras.cmake
-- Up-to-date symlink: /home/nbalu/ros2_ws/install/person_msgs/share/person_msgs/cmake/person_msgsConfig.cmake
-- Up-to-date symlink: /home/nbalu/ros2_ws/install/person_msgs/share/person_msgs/cmake/person_msgsConfig-version.cmake
-- Up-to-date symlink: /home/nbalu/ros2_ws/install/person_msgs/share/person_msgs/package.xml
-- Up-to-date: /home/nbalu/ros2_ws/install/person_msgs/lib/libperson_msgs__rosidl_generator_c.so
-- Up-to-date: /home/nbalu/ros2_ws/install/person_msgs/lib/libperson_msgs__rosidl_typesupport_fastrtps_c.so
-- Up-to-date: /home/nbalu/ros2_ws/install/person_msgs/lib/libperson_msgs__rosidl_typesupport_introspection_c.so
-- Up-to-date: /home/nbalu/ros2_ws/install/person_msgs/lib/libperson_msgs__rosidl_typesupport_c.so
-- Up-to-date: /home/nbalu/ros2_ws/install/person_msgs/lib/libperson_msgs__rosidl_typesupport_fastrtps_cpp.so
-- Up-to-date: /home/nbalu/ros2_ws/install/person_msgs/lib/libperson_msgs__rosidl_typesupport_introspection_cpp.so
-- Up-to-date: /home/nbalu/ros2_ws/install/person_msgs/lib/libperson_msgs__rosidl_typesupport_cpp.so
Listing '/home/nbalu/ros2_ws/install/person_msgs/lib/python3.12/site-packages/person_msgs'...
Listing '/home/nbalu/ros2_ws/install/person_msgs/lib/python3.12/site-packages/person_msgs/msg'...
Listing '/home/nbalu/ros2_ws/install/person_msgs/lib/python3.12/site-packages/person_msgs/srv'...
-- Up-to-date: /home/nbalu/ros2_ws/install/person_msgs/lib/libperson_msgs__rosidl_generator_py.so
-- Up-to-date: /home/nbalu/ros2_ws/install/person_msgs/share/person_msgs/cmake/export_person_msgs__rosidl_generator_cExport.cmake
-- Up-to-date: /home/nbalu/ros2_ws/install/person_msgs/share/person_msgs/cmake/export_person_msgs__rosidl_generator_cExport-noconfig.cmake
-- Up-to-date: /home/nbalu/ros2_ws/install/person_msgs/share/person_msgs/cmake/export_person_msgs__rosidl_typesupport_fastrtps_cExport.cmake
-- Up-to-date: /home/nbalu/ros2_ws/install/person_msgs/share/person_msgs/cmake/export_person_msgs__rosidl_typesupport_fastrtps_cExport-noconfig.cmake
-- Up-to-date: /home/nbalu/ros2_ws/install/person_msgs/share/person_msgs/cmake/person_msgs__rosidl_typesupport_introspection_cExport.cmake
-- Up-to-date: /home/nbalu/ros2_ws/install/person_msgs/share/person_msgs/cmake/person_msgs__rosidl_typesupport_introspection_cExport-noconfig.cmake
-- Up-to-date: /home/nbalu/ros2_ws/install/person_msgs/share/person_msgs/cmake/person_msgs__rosidl_typesupport_cExport.cmake
-- Up-to-date: /home/nbalu/ros2_ws/install/person_msgs/share/person_msgs/cmake/person_msgs__rosidl_typesupport_cExport-noconfig.cmake
-- Up-to-date: /home/nbalu/ros2_ws/install/person_msgs/share/person_msgs/cmake/export_person_msgs__rosidl_generator_cppExport.cmake
-- Up-to-date: /home/nbalu/ros2_ws/install/person_msgs/share/person_msgs/cmake/export_person_msgs__rosidl_typesupport_fastrtps_cppExport.cmake
-- Up-to-date: /home/nbalu/ros2_ws/install/person_msgs/share/person_msgs/cmake/export_person_msgs__rosidl_typesupport_fastrtps_cppExport-noconfig.cmake
-- Up-to-date: /home/nbalu/ros2_ws/install/person_msgs/share/person_msgs/cmake/person_msgs__rosidl_typesupport_introspection_cppExport.cmake
-- Up-to-date: /home/nbalu/ros2_ws/install/person_msgs/share/person_msgs/cmake/person_msgs__rosidl_typesupport_introspection_cppExport-noconfig.cmake
-- Up-to-date: /home/nbalu/ros2_ws/install/person_msgs/share/person_msgs/cmake/person_msgs__rosidl_typesupport_cppExport.cmake
-- Up-to-date: /home/nbalu/ros2_ws/install/person_msgs/share/person_msgs/cmake/person_msgs__rosidl_typesupport_cppExport-noconfig.cmake
-- Up-to-date: /home/nbalu/ros2_ws/install/person_msgs/share/person_msgs/cmake/export_person_msgs__rosidl_generator_pyExport.cmake
-- Up-to-date: /home/nbalu/ros2_ws/install/person_msgs/share/person_msgs/cmake/export_person_msgs__rosidl_generator_pyExport-noconfig.cmake
