[0.018s] Invoking command in '/home/nbalu/ros2_ws/build/person_msgs': CMAKE_PREFIX_PATH=${CMAKE_PREFIX_PATH}:/home/nbalu/ros2_ws/install/mypkg:/opt/ros/jazzy /usr/bin/cmake --build /home/nbalu/ros2_ws/build/person_msgs -- -j16 -l16
[0.186s] [  2%] Built target person_msgs__rosidl_generator_type_description
[0.194s] [  2%] Built target ament_cmake_python_symlink_person_msgs
[0.210s] [  4%] Built target person_msgs__cpp
[0.217s] [ 22%] Built target person_msgs__rosidl_generator_c
[0.253s] [ 31%] Built target person_msgs__rosidl_typesupport_c
[0.254s] [ 40%] Built target person_msgs__rosidl_typesupport_introspection_c
[0.256s] [ 50%] Built target person_msgs__rosidl_typesupport_introspection_cpp
[0.258s] [ 59%] Built target person_msgs__rosidl_typesupport_cpp
[0.261s] [ 68%] Built target person_msgs__rosidl_typesupport_fastrtps_cpp
[0.264s] [ 77%] Built target person_msgs__rosidl_typesupport_fastrtps_c
[0.285s] [ 77%] Built target person_msgs
[0.310s] [ 79%] Built target person_msgs__py
[0.336s] [ 86%] Built target person_msgs__rosidl_generator_py
[0.362s] [ 90%] Built target person_msgs_s__rosidl_typesupport_fastrtps_c
[0.363s] [ 95%] Built target person_msgs_s__rosidl_typesupport_introspection_c
[0.363s] [100%] Built target person_msgs_s__rosidl_typesupport_c
[0.420s] running egg_info
[0.436s] writing person_msgs.egg-info/PKG-INFO
[0.436s] writing dependency_links to person_msgs.egg-info/dependency_links.txt
[0.436s] writing top-level names to person_msgs.egg-info/top_level.txt
[0.481s] reading manifest file 'person_msgs.egg-info/SOURCES.txt'
[0.481s] writing manifest file 'person_msgs.egg-info/SOURCES.txt'
[0.507s] [100%] Built target ament_cmake_python_build_person_msgs_egg
[0.520s] Invoked command in '/home/nbalu/ros2_ws/build/person_msgs' returned '0': CMAKE_PREFIX_PATH=${CMAKE_PREFIX_PATH}:/home/nbalu/ros2_ws/install/mypkg:/opt/ros/jazzy /usr/bin/cmake --build /home/nbalu/ros2_ws/build/person_msgs -- -j16 -l16
[0.533s] Invoking command in '/home/nbalu/ros2_ws/build/person_msgs': CMAKE_PREFIX_PATH=${CMAKE_PREFIX_PATH}:/home/nbalu/ros2_ws/install/mypkg:/opt/ros/jazzy /usr/bin/cmake --install /home/nbalu/ros2_ws/build/person_msgs
[0.542s] -- Install configuration: ""
[0.543s] -- Execute custom install script
[0.544s] -- Up-to-date symlink: /home/nbalu/ros2_ws/install/person_msgs/share/ament_index/resource_index/rosidl_interfaces/person_msgs
[0.544s] -- Up-to-date symlink: /home/nbalu/ros2_ws/install/person_msgs/share/person_msgs/msg/Person.json
[0.544s] -- Up-to-date symlink: /home/nbalu/ros2_ws/install/person_msgs/share/person_msgs/srv/Query.json
[0.546s] -- Up-to-date symlink: /home/nbalu/ros2_ws/install/person_msgs/include/person_msgs/person_msgs/msg/detail/person__functions.h
[0.546s] -- Up-to-date symlink: /home/nbalu/ros2_ws/install/person_msgs/include/person_msgs/person_msgs/msg/detail/person__struct.h
[0.547s] -- Up-to-date symlink: /home/nbalu/ros2_ws/install/person_msgs/include/person_msgs/person_msgs/msg/detail/person__type_support.h
[0.547s] -- Up-to-date symlink: /home/nbalu/ros2_ws/install/person_msgs/include/person_msgs/person_msgs/msg/person.h
[0.547s] -- Up-to-date symlink: /home/nbalu/ros2_ws/install/person_msgs/include/person_msgs/person_msgs/msg/rosidl_generator_c__visibility_control.h
[0.547s] -- Up-to-date symlink: /home/nbalu/ros2_ws/install/person_msgs/include/person_msgs/person_msgs/srv/detail/query__functions.h
[0.548s] -- Up-to-date symlink: /home/nbalu/ros2_ws/install/person_msgs/include/person_msgs/person_msgs/srv/detail/query__struct.h
[0.548s] -- Up-to-date symlink: /home/nbalu/ros2_ws/install/person_msgs/include/person_msgs/person_msgs/srv/detail/query__type_support.h
[0.548s] -- Up-to-date symlink: /home/nbalu/ros2_ws/install/person_msgs/include/person_msgs/person_msgs/srv/query.h
[0.548s] -- Up-to-date symlink: /home/nbalu/ros2_ws/install/person_msgs/share/person_msgs/environment/library_path.sh
[0.548s] -- Up-to-date symlink: /home/nbalu/ros2_ws/install/person_msgs/share/person_msgs/environment/library_path.dsv
[0.549s] -- Up-to-date symlink: /home/nbalu/ros2_ws/install/person_msgs/include/person_msgs/person_msgs/msg/detail/person__rosidl_typesupport_fastrtps_c.h
[0.549s] -- Up-to-date symlink: /home/nbalu/ros2_ws/install/person_msgs/include/person_msgs/person_msgs/msg/rosidl_typesupport_fastrtps_c__visibility_control.h
[0.549s] -- Up-to-date symlink: /home/nbalu/ros2_ws/install/person_msgs/include/person_msgs/person_msgs/srv/detail/query__rosidl_typesupport_fastrtps_c.h
[0.549s] -- Up-to-date symlink: /home/nbalu/ros2_ws/install/person_msgs/include/person_msgs/person_msgs/msg/detail/person__rosidl_typesupport_introspection_c.h
[0.550s] -- Up-to-date symlink: /home/nbalu/ros2_ws/install/person_msgs/include/person_msgs/person_msgs/msg/rosidl_typesupport_introspection_c__visibility_control.h
[0.550s] -- Up-to-date symlink: /home/nbalu/ros2_ws/install/person_msgs/include/person_msgs/person_msgs/srv/detail/query__rosidl_typesupport_introspection_c.h
[0.550s] -- Up-to-date symlink: /home/nbalu/ros2_ws/install/person_msgs/include/person_msgs/person_msgs/msg/detail/person__builder.hpp
[0.550s] -- Up-to-date symlink: /home/nbalu/ros2_ws/install/person_msgs/include/person_msgs/person_msgs/msg/detail/person__struct.hpp
[0.550s] -- Up-to-date symlink: /home/nbalu/ros2_ws/install/person_msgs/include/person_msgs/person_msgs/msg/detail/person__traits.hpp
[0.550s] -- Up-to-date symlink: /home/nbalu/ros2_ws/install/person_msgs/include/person_msgs/person_msgs/msg/detail/person__type_support.hpp
[0.550s] -- Up-to-date symlink: /home/nbalu/ros2_ws/install/person_msgs/include/person_msgs/person_msgs/msg/person.hpp
[0.551s] -- Up-to-date symlink: /home/nbalu/ros2_ws/install/person_msgs/include/person_msgs/person_msgs/msg/rosidl_generator_cpp__visibility_control.hpp
[0.551s] -- Up-to-date symlink: /home/nbalu/ros2_ws/install/person_msgs/include/person_msgs/person_msgs/srv/detail/query__builder.hpp
[0.551s] -- Up-to-date symlink: /home/nbalu/ros2_ws/install/person_msgs/include/person_msgs/person_msgs/srv/detail/query__struct.hpp
[0.551s] -- Up-to-date symlink: /home/nbalu/ros2_ws/install/person_msgs/include/person_msgs/person_msgs/srv/detail/query__traits.hpp
[0.552s] -- Up-to-date symlink: /home/nbalu/ros2_ws/install/person_msgs/include/person_msgs/person_msgs/srv/detail/query__type_support.hpp
[0.552s] -- Up-to-date symlink: /home/nbalu/ros2_ws/install/person_msgs/include/person_msgs/person_msgs/srv/query.hpp
[0.552s] -- Up-to-date symlink: /home/nbalu/ros2_ws/install/person_msgs/include/person_msgs/person_msgs/msg/detail/person__rosidl_typesupport_fastrtps_cpp.hpp
[0.552s] -- Up-to-date symlink: /home/nbalu/ros2_ws/install/person_msgs/include/person_msgs/person_msgs/msg/rosidl_typesupport_fastrtps_cpp__visibility_control.h
[0.553s] -- Up-to-date symlink: /home/nbalu/ros2_ws/install/person_msgs/include/person_msgs/person_msgs/srv/detail/query__rosidl_typesupport_fastrtps_cpp.hpp
[0.553s] -- Up-to-date symlink: /home/nbalu/ros2_ws/install/person_msgs/include/person_msgs/person_msgs/msg/detail/person__rosidl_typesupport_introspection_cpp.hpp
[0.553s] -- Up-to-date symlink: /home/nbalu/ros2_ws/install/person_msgs/include/person_msgs/person_msgs/srv/detail/query__rosidl_typesupport_introspection_cpp.hpp
[0.553s] -- Up-to-date symlink: /home/nbalu/ros2_ws/install/person_msgs/share/person_msgs/environment/pythonpath.sh
[0.553s] -- Up-to-date symlink: /home/nbalu/ros2_ws/install/person_msgs/share/person_msgs/environment/pythonpath.dsv
[0.553s] -- Up-to-date symlink: /home/nbalu/ros2_ws/install/person_msgs/lib/python3.12/site-packages/person_msgs-0.0.0-py3.12.egg-info/PKG-INFO
[0.554s] -- Up-to-date symlink: /home/nbalu/ros2_ws/install/person_msgs/lib/python3.12/site-packages/person_msgs-0.0.0-py3.12.egg-info/SOURCES.txt
[0.554s] -- Up-to-date symlink: /home/nbalu/ros2_ws/install/person_msgs/lib/python3.12/site-packages/person_msgs-0.0.0-py3.12.egg-info/dependency_links.txt
[0.554s] -- Up-to-date symlink: /home/nbalu/ros2_ws/install/person_msgs/lib/python3.12/site-packages/person_msgs-0.0.0-py3.12.egg-info/top_level.txt
[0.554s] -- Up-to-date symlink: /home/nbalu/ros2_ws/install/person_msgs/lib/python3.12/site-packages/person_msgs/__init__.py
[0.555s] -- Up-to-date symlink: /home/nbalu/ros2_ws/install/person_msgs/lib/python3.12/site-packages/person_msgs/_person_msgs_s.ep.rosidl_typesupport_c.c
[0.555s] -- Up-to-date symlink: /home/nbalu/ros2_ws/install/person_msgs/lib/python3.12/site-packages/person_msgs/_person_msgs_s.ep.rosidl_typesupport_fastrtps_c.c
[0.555s] -- Up-to-date symlink: /home/nbalu/ros2_ws/install/person_msgs/lib/python3.12/site-packages/person_msgs/_person_msgs_s.ep.rosidl_typesupport_introspection_c.c
[0.555s] -- Up-to-date symlink: /home/nbalu/ros2_ws/install/person_msgs/lib/python3.12/site-packages/person_msgs/msg/__init__.py
[0.555s] -- Up-to-date symlink: /home/nbalu/ros2_ws/install/person_msgs/lib/python3.12/site-packages/person_msgs/msg/_person.py
[0.556s] -- Up-to-date symlink: /home/nbalu/ros2_ws/install/person_msgs/lib/python3.12/site-packages/person_msgs/msg/_person_s.c
[0.556s] -- Up-to-date symlink: /home/nbalu/ros2_ws/install/person_msgs/lib/python3.12/site-packages/person_msgs/person_msgs_s__rosidl_typesupport_c.so
[0.556s] -- Up-to-date symlink: /home/nbalu/ros2_ws/install/person_msgs/lib/python3.12/site-packages/person_msgs/person_msgs_s__rosidl_typesupport_fastrtps_c.so
[0.556s] -- Up-to-date symlink: /home/nbalu/ros2_ws/install/person_msgs/lib/python3.12/site-packages/person_msgs/person_msgs_s__rosidl_typesupport_introspection_c.so
[0.556s] -- Up-to-date symlink: /home/nbalu/ros2_ws/install/person_msgs/lib/python3.12/site-packages/person_msgs/srv/__init__.py
[0.556s] -- Up-to-date symlink: /home/nbalu/ros2_ws/install/person_msgs/lib/python3.12/site-packages/person_msgs/srv/_query.py
[0.556s] -- Up-to-date symlink: /home/nbalu/ros2_ws/install/person_msgs/lib/python3.12/site-packages/person_msgs/srv/_query_s.c
[0.556s] -- Up-to-date symlink: /home/nbalu/ros2_ws/install/person_msgs/lib/python3.12/site-packages/person_msgs/person_msgs_s__rosidl_typesupport_fastrtps_c.so
[0.557s] -- Up-to-date symlink: /home/nbalu/ros2_ws/install/person_msgs/lib/python3.12/site-packages/person_msgs/person_msgs_s__rosidl_typesupport_introspection_c.so
[0.557s] -- Up-to-date symlink: /home/nbalu/ros2_ws/install/person_msgs/lib/python3.12/site-packages/person_msgs/person_msgs_s__rosidl_typesupport_c.so
[0.558s] -- Up-to-date symlink: /home/nbalu/ros2_ws/install/person_msgs/share/person_msgs/msg/Person.idl
[0.558s] -- Up-to-date symlink: /home/nbalu/ros2_ws/install/person_msgs/share/person_msgs/srv/Query.idl
[0.558s] -- Up-to-date symlink: /home/nbalu/ros2_ws/install/person_msgs/share/person_msgs/msg/Person.msg
[0.558s] -- Up-to-date symlink: /home/nbalu/ros2_ws/install/person_msgs/share/person_msgs/srv/Query.srv
[0.558s] -- Up-to-date symlink: /home/nbalu/ros2_ws/install/person_msgs/share/ament_index/resource_index/package_run_dependencies/person_msgs
[0.558s] -- Up-to-date symlink: /home/nbalu/ros2_ws/install/person_msgs/share/ament_index/resource_index/parent_prefix_path/person_msgs
[0.559s] -- Up-to-date symlink: /home/nbalu/ros2_ws/install/person_msgs/share/person_msgs/environment/ament_prefix_path.sh
[0.559s] -- Up-to-date symlink: /home/nbalu/ros2_ws/install/person_msgs/share/person_msgs/environment/ament_prefix_path.dsv
[0.559s] -- Up-to-date symlink: /home/nbalu/ros2_ws/install/person_msgs/share/person_msgs/environment/path.sh
[0.559s] -- Up-to-date symlink: /home/nbalu/ros2_ws/install/person_msgs/share/person_msgs/environment/path.dsv
[0.559s] -- Up-to-date symlink: /home/nbalu/ros2_ws/install/person_msgs/share/person_msgs/local_setup.bash
[0.560s] -- Up-to-date symlink: /home/nbalu/ros2_ws/install/person_msgs/share/person_msgs/local_setup.sh
[0.560s] -- Up-to-date symlink: /home/nbalu/ros2_ws/install/person_msgs/share/person_msgs/local_setup.zsh
[0.560s] -- Up-to-date symlink: /home/nbalu/ros2_ws/install/person_msgs/share/person_msgs/local_setup.dsv
[0.560s] -- Symlinking: /home/nbalu/ros2_ws/install/person_msgs/share/person_msgs/package.dsv
[0.570s] -- Up-to-date symlink: /home/nbalu/ros2_ws/install/person_msgs/share/ament_index/resource_index/packages/person_msgs
[0.570s] -- Up-to-date symlink: /home/nbalu/ros2_ws/install/person_msgs/share/person_msgs/cmake/rosidl_cmake-extras.cmake
[0.570s] -- Up-to-date symlink: /home/nbalu/ros2_ws/install/person_msgs/share/person_msgs/cmake/ament_cmake_export_dependencies-extras.cmake
[0.570s] -- Up-to-date symlink: /home/nbalu/ros2_ws/install/person_msgs/share/person_msgs/cmake/ament_cmake_export_include_directories-extras.cmake
[0.570s] -- Up-to-date symlink: /home/nbalu/ros2_ws/install/person_msgs/share/person_msgs/cmake/ament_cmake_export_libraries-extras.cmake
[0.570s] -- Up-to-date symlink: /home/nbalu/ros2_ws/install/person_msgs/share/person_msgs/cmake/ament_cmake_export_targets-extras.cmake
[0.571s] -- Up-to-date symlink: /home/nbalu/ros2_ws/install/person_msgs/share/person_msgs/cmake/rosidl_cmake_export_typesupport_targets-extras.cmake
[0.571s] -- Up-to-date symlink: /home/nbalu/ros2_ws/install/person_msgs/share/person_msgs/cmake/rosidl_cmake_export_typesupport_libraries-extras.cmake
[0.571s] -- Up-to-date symlink: /home/nbalu/ros2_ws/install/person_msgs/share/person_msgs/cmake/person_msgsConfig.cmake
[0.571s] -- Up-to-date symlink: /home/nbalu/ros2_ws/install/person_msgs/share/person_msgs/cmake/person_msgsConfig-version.cmake
[0.571s] -- Up-to-date symlink: /home/nbalu/ros2_ws/install/person_msgs/share/person_msgs/package.xml
[0.572s] -- Up-to-date: /home/nbalu/ros2_ws/install/person_msgs/lib/libperson_msgs__rosidl_generator_c.so
[0.573s] -- Up-to-date: /home/nbalu/ros2_ws/install/person_msgs/lib/libperson_msgs__rosidl_typesupport_fastrtps_c.so
[0.574s] -- Up-to-date: /home/nbalu/ros2_ws/install/person_msgs/lib/libperson_msgs__rosidl_typesupport_introspection_c.so
[0.574s] -- Up-to-date: /home/nbalu/ros2_ws/install/person_msgs/lib/libperson_msgs__rosidl_typesupport_c.so
[0.575s] -- Up-to-date: /home/nbalu/ros2_ws/install/person_msgs/lib/libperson_msgs__rosidl_typesupport_fastrtps_cpp.so
[0.576s] -- Up-to-date: /home/nbalu/ros2_ws/install/person_msgs/lib/libperson_msgs__rosidl_typesupport_introspection_cpp.so
[0.577s] -- Up-to-date: /home/nbalu/ros2_ws/install/person_msgs/lib/libperson_msgs__rosidl_typesupport_cpp.so
[0.616s] Listing '/home/nbalu/ros2_ws/install/person_msgs/lib/python3.12/site-packages/person_msgs'...
[0.616s] Listing '/home/nbalu/ros2_ws/install/person_msgs/lib/python3.12/site-packages/person_msgs/msg'...
[0.616s] Listing '/home/nbalu/ros2_ws/install/person_msgs/lib/python3.12/site-packages/person_msgs/srv'...
[0.622s] -- Up-to-date: /home/nbalu/ros2_ws/install/person_msgs/lib/libperson_msgs__rosidl_generator_py.so
[0.623s] -- Up-to-date: /home/nbalu/ros2_ws/install/person_msgs/share/person_msgs/cmake/export_person_msgs__rosidl_generator_cExport.cmake
[0.623s] -- Up-to-date: /home/nbalu/ros2_ws/install/person_msgs/share/person_msgs/cmake/export_person_msgs__rosidl_generator_cExport-noconfig.cmake
[0.624s] -- Up-to-date: /home/nbalu/ros2_ws/install/person_msgs/share/person_msgs/cmake/export_person_msgs__rosidl_typesupport_fastrtps_cExport.cmake
[0.624s] -- Up-to-date: /home/nbalu/ros2_ws/install/person_msgs/share/person_msgs/cmake/export_person_msgs__rosidl_typesupport_fastrtps_cExport-noconfig.cmake
[0.624s] -- Up-to-date: /home/nbalu/ros2_ws/install/person_msgs/share/person_msgs/cmake/person_msgs__rosidl_typesupport_introspection_cExport.cmake
[0.624s] -- Up-to-date: /home/nbalu/ros2_ws/install/person_msgs/share/person_msgs/cmake/person_msgs__rosidl_typesupport_introspection_cExport-noconfig.cmake
[0.625s] -- Up-to-date: /home/nbalu/ros2_ws/install/person_msgs/share/person_msgs/cmake/person_msgs__rosidl_typesupport_cExport.cmake
[0.625s] -- Up-to-date: /home/nbalu/ros2_ws/install/person_msgs/share/person_msgs/cmake/person_msgs__rosidl_typesupport_cExport-noconfig.cmake
[0.625s] -- Up-to-date: /home/nbalu/ros2_ws/install/person_msgs/share/person_msgs/cmake/export_person_msgs__rosidl_generator_cppExport.cmake
[0.626s] -- Up-to-date: /home/nbalu/ros2_ws/install/person_msgs/share/person_msgs/cmake/export_person_msgs__rosidl_typesupport_fastrtps_cppExport.cmake
[0.626s] -- Up-to-date: /home/nbalu/ros2_ws/install/person_msgs/share/person_msgs/cmake/export_person_msgs__rosidl_typesupport_fastrtps_cppExport-noconfig.cmake
[0.627s] -- Up-to-date: /home/nbalu/ros2_ws/install/person_msgs/share/person_msgs/cmake/person_msgs__rosidl_typesupport_introspection_cppExport.cmake
[0.627s] -- Up-to-date: /home/nbalu/ros2_ws/install/person_msgs/share/person_msgs/cmake/person_msgs__rosidl_typesupport_introspection_cppExport-noconfig.cmake
[0.627s] -- Up-to-date: /home/nbalu/ros2_ws/install/person_msgs/share/person_msgs/cmake/person_msgs__rosidl_typesupport_cppExport.cmake
[0.628s] -- Up-to-date: /home/nbalu/ros2_ws/install/person_msgs/share/person_msgs/cmake/person_msgs__rosidl_typesupport_cppExport-noconfig.cmake
[0.628s] -- Up-to-date: /home/nbalu/ros2_ws/install/person_msgs/share/person_msgs/cmake/export_person_msgs__rosidl_generator_pyExport.cmake
[0.628s] -- Up-to-date: /home/nbalu/ros2_ws/install/person_msgs/share/person_msgs/cmake/export_person_msgs__rosidl_generator_pyExport-noconfig.cmake
[0.631s] Invoked command in '/home/nbalu/ros2_ws/build/person_msgs' returned '0': CMAKE_PREFIX_PATH=${CMAKE_PREFIX_PATH}:/home/nbalu/ros2_ws/install/mypkg:/opt/ros/jazzy /usr/bin/cmake --install /home/nbalu/ros2_ws/build/person_msgs
