[0.019s] Invoking command in '/home/nbalu/ros2_ws/build/person_msgs': CMAKE_PREFIX_PATH=${CMAKE_PREFIX_PATH}:/home/nbalu/ros2_ws/install/mypkg:/opt/ros/jazzy /usr/bin/cmake /home/nbalu/ros2_ws/src/person_msgs -DAMENT_CMAKE_SYMLINK_INSTALL=1 -DCMAKE_INSTALL_PREFIX=/home/nbalu/ros2_ws/install/person_msgs
[0.436s] -- The C compiler identification is GNU 13.3.0
[1.224s] -- The CXX compiler identification is GNU 13.3.0
[1.826s] -- Detecting C compiler ABI info
[2.142s] -- Detecting C compiler ABI info - done
[2.151s] -- Check for working C compiler: /usr/bin/cc - skipped
[2.152s] -- Detecting C compile features
[2.153s] -- Detecting C compile features - done
[2.250s] -- Detecting CXX compiler ABI info
[2.506s] -- Detecting CXX compiler ABI info - done
[2.515s] -- Check for working CXX compiler: /usr/bin/c++ - skipped
[2.515s] -- Detecting CXX compile features
[2.515s] -- Detecting CXX compile features - done
[2.528s] -- Found ament_cmake: 2.5.4 (/opt/ros/jazzy/share/ament_cmake/cmake)
[2.682s] -- Found Python3: /usr/bin/python3 (found version "3.12.3") found components: Interpreter 
[2.770s] -- Override CMake install command with custom implementation using symlinks instead of copying resources
[2.816s] -- Found rosidl_default_generators: 1.6.0 (/opt/ros/jazzy/share/rosidl_default_generators/cmake)
[2.825s] -- Using all available rosidl_typesupport_c: rosidl_typesupport_fastrtps_c;rosidl_typesupport_introspection_c
[3.045s] -- Using all available rosidl_typesupport_cpp: rosidl_typesupport_fastrtps_cpp;rosidl_typesupport_introspection_cpp
[3.107s] -- Found rosidl_adapter: 4.6.6 (/opt/ros/jazzy/share/rosidl_adapter/cmake)
[3.752s] -- Found ament_cmake_ros: 0.12.0 (/opt/ros/jazzy/share/ament_cmake_ros/cmake)
[4.185s] -- Using all available rosidl_typesupport_c: rosidl_typesupport_fastrtps_c;rosidl_typesupport_introspection_c
[4.752s] -- Using all available rosidl_typesupport_cpp: rosidl_typesupport_fastrtps_cpp;rosidl_typesupport_introspection_cpp
[4.757s] -- Found python_cmake_module: 0.11.1 (/opt/ros/jazzy/share/python_cmake_module/cmake)
[4.894s] -- Found PythonExtra: /usr/bin/python3  
[5.334s] -- Found Python3: /usr/bin/python3 (found version "3.12.3") found components: Interpreter Development NumPy Development.Module Development.Embed 
[5.389s] -- Configuring done (5.3s)
[5.436s] -- Generating done (0.0s)
[5.447s] -- Build files have been written to: /home/nbalu/ros2_ws/build/person_msgs
[5.454s] Invoked command in '/home/nbalu/ros2_ws/build/person_msgs' returned '0': CMAKE_PREFIX_PATH=${CMAKE_PREFIX_PATH}:/home/nbalu/ros2_ws/install/mypkg:/opt/ros/jazzy /usr/bin/cmake /home/nbalu/ros2_ws/src/person_msgs -DAMENT_CMAKE_SYMLINK_INSTALL=1 -DCMAKE_INSTALL_PREFIX=/home/nbalu/ros2_ws/install/person_msgs
[5.455s] Invoking command in '/home/nbalu/ros2_ws/build/person_msgs': CMAKE_PREFIX_PATH=${CMAKE_PREFIX_PATH}:/home/nbalu/ros2_ws/install/mypkg:/opt/ros/jazzy /usr/bin/cmake --build /home/nbalu/ros2_ws/build/person_msgs -- -j16 -l16
[5.501s] [  2%] [34m[1mGenerating type hashes for ROS interfaces[0m
[5.508s] [  2%] Built target ament_cmake_python_symlink_person_msgs
[5.692s] [  2%] Built target person_msgs__rosidl_generator_type_description
[5.701s] [  4%] [34m[1mGenerating C code for ROS interfaces[0m
[5.708s] running egg_info
[5.709s] creating person_msgs.egg-info
[5.714s] [  6%] [34m[1mGenerating C++ code for ROS interfaces[0m
[5.727s] writing person_msgs.egg-info/PKG-INFO
[5.728s] writing dependency_links to person_msgs.egg-info/dependency_links.txt
[5.728s] writing top-level names to person_msgs.egg-info/top_level.txt
[5.728s] writing manifest file 'person_msgs.egg-info/SOURCES.txt'
[5.773s] reading manifest file 'person_msgs.egg-info/SOURCES.txt'
[5.773s] writing manifest file 'person_msgs.egg-info/SOURCES.txt'
[5.801s] [  6%] Built target ament_cmake_python_build_person_msgs_egg
[6.011s] [  6%] Built target person_msgs__cpp
[6.031s] [ 11%] [32mBuilding C object CMakeFiles/person_msgs__rosidl_generator_c.dir/rosidl_generator_c/person_msgs/msg/detail/person__functions.c.o[0m
[6.031s] [ 11%] [32mBuilding C object CMakeFiles/person_msgs__rosidl_generator_c.dir/rosidl_generator_c/person_msgs/msg/detail/person__description.c.o[0m
[6.032s] [ 13%] [32mBuilding C object CMakeFiles/person_msgs__rosidl_generator_c.dir/rosidl_generator_c/person_msgs/srv/detail/query__description.c.o[0m
[6.032s] [ 15%] [32mBuilding C object CMakeFiles/person_msgs__rosidl_generator_c.dir/rosidl_generator_c/person_msgs/msg/detail/person__type_support.c.o[0m
[6.036s] [ 18%] [32mBuilding C object CMakeFiles/person_msgs__rosidl_generator_c.dir/rosidl_generator_c/person_msgs/srv/detail/query__functions.c.o[0m
[6.036s] [ 20%] [32mBuilding C object CMakeFiles/person_msgs__rosidl_generator_c.dir/rosidl_generator_c/person_msgs/srv/detail/query__type_support.c.o[0m
[6.132s] [ 22%] [32m[1mLinking C shared library libperson_msgs__rosidl_generator_c.so[0m
[6.284s] [ 22%] Built target person_msgs__rosidl_generator_c
[6.294s] [ 27%] [34m[1mGenerating C++ type support for eProsima Fast-RTPS[0m
[6.295s] [ 27%] [34m[1mGenerating C++ introspection for ROS interfaces[0m
[6.295s] [ 29%] [34m[1mGenerating C++ type support dispatch for ROS interfaces[0m
[6.298s] [ 31%] [34m[1mGenerating C type support dispatch for ROS interfaces[0m
[6.301s] [ 34%] [34m[1mGenerating C type support for eProsima Fast-RTPS[0m
[6.307s] [ 36%] [34m[1mGenerating C introspection for ROS interfaces[0m
[6.616s] [ 38%] [32mBuilding CXX object CMakeFiles/person_msgs__rosidl_typesupport_c.dir/rosidl_typesupport_c/person_msgs/srv/query__type_support.cpp.o[0m
[6.618s] [ 40%] [32mBuilding CXX object CMakeFiles/person_msgs__rosidl_typesupport_c.dir/rosidl_typesupport_c/person_msgs/msg/person__type_support.cpp.o[0m
[6.622s] [ 45%] [32mBuilding CXX object CMakeFiles/person_msgs__rosidl_typesupport_cpp.dir/rosidl_typesupport_cpp/person_msgs/srv/query__type_support.cpp.o[0m
[6.623s] [ 45%] [32mBuilding C object CMakeFiles/person_msgs__rosidl_typesupport_introspection_c.dir/rosidl_typesupport_introspection_c/person_msgs/srv/detail/query__type_support.c.o[0m
[6.624s] [ 47%] [32mBuilding CXX object CMakeFiles/person_msgs__rosidl_typesupport_cpp.dir/rosidl_typesupport_cpp/person_msgs/msg/person__type_support.cpp.o[0m
[6.626s] [ 50%] [32mBuilding C object CMakeFiles/person_msgs__rosidl_typesupport_introspection_c.dir/rosidl_typesupport_introspection_c/person_msgs/msg/detail/person__type_support.c.o[0m
[6.644s] [ 52%] [32mBuilding CXX object CMakeFiles/person_msgs__rosidl_typesupport_fastrtps_cpp.dir/rosidl_typesupport_fastrtps_cpp/person_msgs/msg/detail/dds_fastrtps/person__type_support.cpp.o[0m
[6.648s] [ 54%] [32mBuilding CXX object CMakeFiles/person_msgs__rosidl_typesupport_fastrtps_cpp.dir/rosidl_typesupport_fastrtps_cpp/person_msgs/srv/detail/dds_fastrtps/query__type_support.cpp.o[0m
[6.670s] [ 56%] [32mBuilding CXX object CMakeFiles/person_msgs__rosidl_typesupport_introspection_cpp.dir/rosidl_typesupport_introspection_cpp/person_msgs/srv/detail/query__type_support.cpp.o[0m
[6.670s] [ 59%] [32mBuilding CXX object CMakeFiles/person_msgs__rosidl_typesupport_introspection_cpp.dir/rosidl_typesupport_introspection_cpp/person_msgs/msg/detail/person__type_support.cpp.o[0m
[6.688s] [ 63%] [32m[1mLinking CXX shared library libperson_msgs__rosidl_typesupport_c.so[0m
[6.688s] [ 63%] [32m[1mLinking C shared library libperson_msgs__rosidl_typesupport_introspection_c.so[0m
[6.725s] [ 68%] [32mBuilding CXX object CMakeFiles/person_msgs__rosidl_typesupport_fastrtps_c.dir/rosidl_typesupport_fastrtps_c/person_msgs/msg/detail/person__type_support_c.cpp.o[0m
[6.725s] [ 68%] [32mBuilding CXX object CMakeFiles/person_msgs__rosidl_typesupport_fastrtps_c.dir/rosidl_typesupport_fastrtps_c/person_msgs/srv/detail/query__type_support_c.cpp.o[0m
[6.850s] [ 68%] Built target person_msgs__rosidl_typesupport_introspection_c
[6.861s] [ 68%] Built target person_msgs__rosidl_typesupport_c
[7.268s] [ 70%] [32m[1mLinking CXX shared library libperson_msgs__rosidl_typesupport_cpp.so[0m
[7.279s] [ 72%] [32m[1mLinking CXX shared library libperson_msgs__rosidl_typesupport_introspection_cpp.so[0m
[7.369s] [ 75%] [32m[1mLinking CXX shared library libperson_msgs__rosidl_typesupport_fastrtps_c.so[0m
[7.447s] [ 75%] Built target person_msgs__rosidl_typesupport_cpp
[7.447s] [ 75%] Built target person_msgs__rosidl_typesupport_introspection_cpp
[7.483s] [ 77%] [32m[1mLinking CXX shared library libperson_msgs__rosidl_typesupport_fastrtps_cpp.so[0m
[7.607s] [ 77%] Built target person_msgs__rosidl_typesupport_fastrtps_c
[7.738s] [ 77%] Built target person_msgs__rosidl_typesupport_fastrtps_cpp
[7.757s] [ 77%] Built target person_msgs
[7.775s] [ 79%] [34m[1mGenerating Python code for ROS interfaces[0m
[8.134s] [ 79%] Built target person_msgs__py
[8.153s] [ 81%] [32mBuilding C object CMakeFiles/person_msgs__rosidl_generator_py.dir/rosidl_generator_py/person_msgs/msg/_person_s.c.o[0m
[8.154s] [ 84%] [32mBuilding C object CMakeFiles/person_msgs__rosidl_generator_py.dir/rosidl_generator_py/person_msgs/srv/_query_s.c.o[0m
[8.326s] [ 86%] [32m[1mLinking C shared library libperson_msgs__rosidl_generator_py.so[0m
[8.512s] [ 86%] Built target person_msgs__rosidl_generator_py
[8.531s] [ 93%] [32mBuilding C object CMakeFiles/person_msgs_s__rosidl_typesupport_c.dir/rosidl_generator_py/person_msgs/_person_msgs_s.ep.rosidl_typesupport_c.c.o[0m
[8.531s] [ 93%] [32mBuilding C object CMakeFiles/person_msgs_s__rosidl_typesupport_introspection_c.dir/rosidl_generator_py/person_msgs/_person_msgs_s.ep.rosidl_typesupport_introspection_c.c.o[0m
[8.531s] [ 93%] [32mBuilding C object CMakeFiles/person_msgs_s__rosidl_typesupport_fastrtps_c.dir/rosidl_generator_py/person_msgs/_person_msgs_s.ep.rosidl_typesupport_fastrtps_c.c.o[0m
[8.629s] [ 97%] [32m[1mLinking C shared module rosidl_generator_py/person_msgs/person_msgs_s__rosidl_typesupport_c.so[0m
[8.630s] [ 97%] [32m[1mLinking C shared module rosidl_generator_py/person_msgs/person_msgs_s__rosidl_typesupport_introspection_c.so[0m
[8.630s] [100%] [32m[1mLinking C shared module rosidl_generator_py/person_msgs/person_msgs_s__rosidl_typesupport_fastrtps_c.so[0m
[8.743s] [100%] Built target person_msgs_s__rosidl_typesupport_introspection_c
[8.744s] [100%] Built target person_msgs_s__rosidl_typesupport_fastrtps_c
[8.748s] [100%] Built target person_msgs_s__rosidl_typesupport_c
[8.759s] Invoked command in '/home/nbalu/ros2_ws/build/person_msgs' returned '0': CMAKE_PREFIX_PATH=${CMAKE_PREFIX_PATH}:/home/nbalu/ros2_ws/install/mypkg:/opt/ros/jazzy /usr/bin/cmake --build /home/nbalu/ros2_ws/build/person_msgs -- -j16 -l16
[8.769s] Invoking command in '/home/nbalu/ros2_ws/build/person_msgs': CMAKE_PREFIX_PATH=${CMAKE_PREFIX_PATH}:/home/nbalu/ros2_ws/install/mypkg:/opt/ros/jazzy /usr/bin/cmake --install /home/nbalu/ros2_ws/build/person_msgs
[8.776s] -- Install configuration: ""
[8.777s] -- Execute custom install script
[8.778s] -- Symlinking: /home/nbalu/ros2_ws/install/person_msgs/share/ament_index/resource_index/rosidl_interfaces/person_msgs
[8.786s] -- Symlinking: /home/nbalu/ros2_ws/install/person_msgs/share/person_msgs/msg/Person.json
[8.794s] -- Symlinking: /home/nbalu/ros2_ws/install/person_msgs/share/person_msgs/srv/Query.json
[8.803s] -- Symlinking: /home/nbalu/ros2_ws/install/person_msgs/include/person_msgs/person_msgs/msg/detail/person__functions.h
[8.812s] -- Symlinking: /home/nbalu/ros2_ws/install/person_msgs/include/person_msgs/person_msgs/msg/detail/person__struct.h
[8.820s] -- Symlinking: /home/nbalu/ros2_ws/install/person_msgs/include/person_msgs/person_msgs/msg/detail/person__type_support.h
[8.828s] -- Symlinking: /home/nbalu/ros2_ws/install/person_msgs/include/person_msgs/person_msgs/msg/person.h
[8.835s] -- Symlinking: /home/nbalu/ros2_ws/install/person_msgs/include/person_msgs/person_msgs/msg/rosidl_generator_c__visibility_control.h
[8.843s] -- Symlinking: /home/nbalu/ros2_ws/install/person_msgs/include/person_msgs/person_msgs/srv/detail/query__functions.h
[8.851s] -- Symlinking: /home/nbalu/ros2_ws/install/person_msgs/include/person_msgs/person_msgs/srv/detail/query__struct.h
[8.860s] -- Symlinking: /home/nbalu/ros2_ws/install/person_msgs/include/person_msgs/person_msgs/srv/detail/query__type_support.h
[8.868s] -- Symlinking: /home/nbalu/ros2_ws/install/person_msgs/include/person_msgs/person_msgs/srv/query.h
[8.877s] -- Symlinking: /home/nbalu/ros2_ws/install/person_msgs/share/person_msgs/environment/library_path.sh
[8.885s] -- Symlinking: /home/nbalu/ros2_ws/install/person_msgs/share/person_msgs/environment/library_path.dsv
[8.893s] -- Symlinking: /home/nbalu/ros2_ws/install/person_msgs/include/person_msgs/person_msgs/msg/detail/person__rosidl_typesupport_fastrtps_c.h
[8.902s] -- Symlinking: /home/nbalu/ros2_ws/install/person_msgs/include/person_msgs/person_msgs/msg/rosidl_typesupport_fastrtps_c__visibility_control.h
[8.910s] -- Symlinking: /home/nbalu/ros2_ws/install/person_msgs/include/person_msgs/person_msgs/srv/detail/query__rosidl_typesupport_fastrtps_c.h
[8.918s] -- Symlinking: /home/nbalu/ros2_ws/install/person_msgs/include/person_msgs/person_msgs/msg/detail/person__rosidl_typesupport_introspection_c.h
[8.926s] -- Symlinking: /home/nbalu/ros2_ws/install/person_msgs/include/person_msgs/person_msgs/msg/rosidl_typesupport_introspection_c__visibility_control.h
[8.934s] -- Symlinking: /home/nbalu/ros2_ws/install/person_msgs/include/person_msgs/person_msgs/srv/detail/query__rosidl_typesupport_introspection_c.h
[8.943s] -- Symlinking: /home/nbalu/ros2_ws/install/person_msgs/include/person_msgs/person_msgs/msg/detail/person__builder.hpp
[8.951s] -- Symlinking: /home/nbalu/ros2_ws/install/person_msgs/include/person_msgs/person_msgs/msg/detail/person__struct.hpp
[8.958s] -- Symlinking: /home/nbalu/ros2_ws/install/person_msgs/include/person_msgs/person_msgs/msg/detail/person__traits.hpp
[8.967s] -- Symlinking: /home/nbalu/ros2_ws/install/person_msgs/include/person_msgs/person_msgs/msg/detail/person__type_support.hpp
[8.975s] -- Symlinking: /home/nbalu/ros2_ws/install/person_msgs/include/person_msgs/person_msgs/msg/person.hpp
[8.983s] -- Symlinking: /home/nbalu/ros2_ws/install/person_msgs/include/person_msgs/person_msgs/msg/rosidl_generator_cpp__visibility_control.hpp
[8.991s] -- Symlinking: /home/nbalu/ros2_ws/install/person_msgs/include/person_msgs/person_msgs/srv/detail/query__builder.hpp
[8.999s] -- Symlinking: /home/nbalu/ros2_ws/install/person_msgs/include/person_msgs/person_msgs/srv/detail/query__struct.hpp
[9.007s] -- Symlinking: /home/nbalu/ros2_ws/install/person_msgs/include/person_msgs/person_msgs/srv/detail/query__traits.hpp
[9.016s] -- Symlinking: /home/nbalu/ros2_ws/install/person_msgs/include/person_msgs/person_msgs/srv/detail/query__type_support.hpp
[9.024s] -- Symlinking: /home/nbalu/ros2_ws/install/person_msgs/include/person_msgs/person_msgs/srv/query.hpp
[9.032s] -- Symlinking: /home/nbalu/ros2_ws/install/person_msgs/include/person_msgs/person_msgs/msg/detail/person__rosidl_typesupport_fastrtps_cpp.hpp
[9.040s] -- Symlinking: /home/nbalu/ros2_ws/install/person_msgs/include/person_msgs/person_msgs/msg/rosidl_typesupport_fastrtps_cpp__visibility_control.h
[9.048s] -- Symlinking: /home/nbalu/ros2_ws/install/person_msgs/include/person_msgs/person_msgs/srv/detail/query__rosidl_typesupport_fastrtps_cpp.hpp
[9.056s] -- Symlinking: /home/nbalu/ros2_ws/install/person_msgs/include/person_msgs/person_msgs/msg/detail/person__rosidl_typesupport_introspection_cpp.hpp
[9.064s] -- Symlinking: /home/nbalu/ros2_ws/install/person_msgs/include/person_msgs/person_msgs/srv/detail/query__rosidl_typesupport_introspection_cpp.hpp
[9.072s] -- Symlinking: /home/nbalu/ros2_ws/install/person_msgs/share/person_msgs/environment/pythonpath.sh
[9.081s] -- Symlinking: /home/nbalu/ros2_ws/install/person_msgs/share/person_msgs/environment/pythonpath.dsv
[9.089s] -- Symlinking: /home/nbalu/ros2_ws/install/person_msgs/lib/python3.12/site-packages/person_msgs-0.0.0-py3.12.egg-info/PKG-INFO
[9.098s] -- Symlinking: /home/nbalu/ros2_ws/install/person_msgs/lib/python3.12/site-packages/person_msgs-0.0.0-py3.12.egg-info/SOURCES.txt
[9.106s] -- Symlinking: /home/nbalu/ros2_ws/install/person_msgs/lib/python3.12/site-packages/person_msgs-0.0.0-py3.12.egg-info/dependency_links.txt
[9.113s] -- Symlinking: /home/nbalu/ros2_ws/install/person_msgs/lib/python3.12/site-packages/person_msgs-0.0.0-py3.12.egg-info/top_level.txt
[9.122s] -- Symlinking: /home/nbalu/ros2_ws/install/person_msgs/lib/python3.12/site-packages/person_msgs/__init__.py
[9.130s] -- Symlinking: /home/nbalu/ros2_ws/install/person_msgs/lib/python3.12/site-packages/person_msgs/_person_msgs_s.ep.rosidl_typesupport_c.c
[9.138s] -- Symlinking: /home/nbalu/ros2_ws/install/person_msgs/lib/python3.12/site-packages/person_msgs/_person_msgs_s.ep.rosidl_typesupport_fastrtps_c.c
[9.146s] -- Symlinking: /home/nbalu/ros2_ws/install/person_msgs/lib/python3.12/site-packages/person_msgs/_person_msgs_s.ep.rosidl_typesupport_introspection_c.c
[9.154s] -- Symlinking: /home/nbalu/ros2_ws/install/person_msgs/lib/python3.12/site-packages/person_msgs/msg/__init__.py
[9.162s] -- Symlinking: /home/nbalu/ros2_ws/install/person_msgs/lib/python3.12/site-packages/person_msgs/msg/_person.py
[9.170s] -- Symlinking: /home/nbalu/ros2_ws/install/person_msgs/lib/python3.12/site-packages/person_msgs/msg/_person_s.c
[9.178s] -- Symlinking: /home/nbalu/ros2_ws/install/person_msgs/lib/python3.12/site-packages/person_msgs/person_msgs_s__rosidl_typesupport_c.so
[9.187s] -- Symlinking: /home/nbalu/ros2_ws/install/person_msgs/lib/python3.12/site-packages/person_msgs/person_msgs_s__rosidl_typesupport_fastrtps_c.so
[9.195s] -- Symlinking: /home/nbalu/ros2_ws/install/person_msgs/lib/python3.12/site-packages/person_msgs/person_msgs_s__rosidl_typesupport_introspection_c.so
[9.203s] -- Symlinking: /home/nbalu/ros2_ws/install/person_msgs/lib/python3.12/site-packages/person_msgs/srv/__init__.py
[9.212s] -- Symlinking: /home/nbalu/ros2_ws/install/person_msgs/lib/python3.12/site-packages/person_msgs/srv/_query.py
[9.220s] -- Symlinking: /home/nbalu/ros2_ws/install/person_msgs/lib/python3.12/site-packages/person_msgs/srv/_query_s.c
[9.229s] -- Up-to-date symlink: /home/nbalu/ros2_ws/install/person_msgs/lib/python3.12/site-packages/person_msgs/person_msgs_s__rosidl_typesupport_fastrtps_c.so
[9.229s] -- Up-to-date symlink: /home/nbalu/ros2_ws/install/person_msgs/lib/python3.12/site-packages/person_msgs/person_msgs_s__rosidl_typesupport_introspection_c.so
[9.229s] -- Up-to-date symlink: /home/nbalu/ros2_ws/install/person_msgs/lib/python3.12/site-packages/person_msgs/person_msgs_s__rosidl_typesupport_c.so
[9.229s] -- Symlinking: /home/nbalu/ros2_ws/install/person_msgs/share/person_msgs/msg/Person.idl
[9.237s] -- Symlinking: /home/nbalu/ros2_ws/install/person_msgs/share/person_msgs/srv/Query.idl
[9.245s] -- Symlinking: /home/nbalu/ros2_ws/install/person_msgs/share/person_msgs/msg/Person.msg
[9.254s] -- Symlinking: /home/nbalu/ros2_ws/install/person_msgs/share/person_msgs/srv/Query.srv
[9.262s] -- Symlinking: /home/nbalu/ros2_ws/install/person_msgs/share/ament_index/resource_index/package_run_dependencies/person_msgs
[9.270s] -- Symlinking: /home/nbalu/ros2_ws/install/person_msgs/share/ament_index/resource_index/parent_prefix_path/person_msgs
[9.279s] -- Symlinking: /home/nbalu/ros2_ws/install/person_msgs/share/person_msgs/environment/ament_prefix_path.sh
[9.287s] -- Symlinking: /home/nbalu/ros2_ws/install/person_msgs/share/person_msgs/environment/ament_prefix_path.dsv
[9.295s] -- Symlinking: /home/nbalu/ros2_ws/install/person_msgs/share/person_msgs/environment/path.sh
[9.304s] -- Symlinking: /home/nbalu/ros2_ws/install/person_msgs/share/person_msgs/environment/path.dsv
[9.313s] -- Symlinking: /home/nbalu/ros2_ws/install/person_msgs/share/person_msgs/local_setup.bash
[9.321s] -- Symlinking: /home/nbalu/ros2_ws/install/person_msgs/share/person_msgs/local_setup.sh
[9.330s] -- Symlinking: /home/nbalu/ros2_ws/install/person_msgs/share/person_msgs/local_setup.zsh
[9.338s] -- Symlinking: /home/nbalu/ros2_ws/install/person_msgs/share/person_msgs/local_setup.dsv
[9.346s] -- Symlinking: /home/nbalu/ros2_ws/install/person_msgs/share/person_msgs/package.dsv
[9.355s] -- Symlinking: /home/nbalu/ros2_ws/install/person_msgs/share/ament_index/resource_index/packages/person_msgs
[9.363s] -- Symlinking: /home/nbalu/ros2_ws/install/person_msgs/share/person_msgs/cmake/rosidl_cmake-extras.cmake
[9.372s] -- Symlinking: /home/nbalu/ros2_ws/install/person_msgs/share/person_msgs/cmake/ament_cmake_export_dependencies-extras.cmake
[9.381s] -- Symlinking: /home/nbalu/ros2_ws/install/person_msgs/share/person_msgs/cmake/ament_cmake_export_include_directories-extras.cmake
[9.389s] -- Symlinking: /home/nbalu/ros2_ws/install/person_msgs/share/person_msgs/cmake/ament_cmake_export_libraries-extras.cmake
[9.399s] -- Symlinking: /home/nbalu/ros2_ws/install/person_msgs/share/person_msgs/cmake/ament_cmake_export_targets-extras.cmake
[9.408s] -- Symlinking: /home/nbalu/ros2_ws/install/person_msgs/share/person_msgs/cmake/rosidl_cmake_export_typesupport_targets-extras.cmake
[9.416s] -- Symlinking: /home/nbalu/ros2_ws/install/person_msgs/share/person_msgs/cmake/rosidl_cmake_export_typesupport_libraries-extras.cmake
[9.431s] -- Symlinking: /home/nbalu/ros2_ws/install/person_msgs/share/person_msgs/cmake/person_msgsConfig.cmake
[9.440s] -- Symlinking: /home/nbalu/ros2_ws/install/person_msgs/share/person_msgs/cmake/person_msgsConfig-version.cmake
[9.449s] -- Symlinking: /home/nbalu/ros2_ws/install/person_msgs/share/person_msgs/package.xml
[9.457s] -- Installing: /home/nbalu/ros2_ws/install/person_msgs/lib/libperson_msgs__rosidl_generator_c.so
[9.458s] -- Set non-toolchain portion of runtime path of "/home/nbalu/ros2_ws/install/person_msgs/lib/libperson_msgs__rosidl_generator_c.so" to ""
[9.458s] -- Installing: /home/nbalu/ros2_ws/install/person_msgs/lib/libperson_msgs__rosidl_typesupport_fastrtps_c.so
[9.458s] -- Set non-toolchain portion of runtime path of "/home/nbalu/ros2_ws/install/person_msgs/lib/libperson_msgs__rosidl_typesupport_fastrtps_c.so" to ""
[9.458s] -- Installing: /home/nbalu/ros2_ws/install/person_msgs/lib/libperson_msgs__rosidl_typesupport_introspection_c.so
[9.459s] -- Set non-toolchain portion of runtime path of "/home/nbalu/ros2_ws/install/person_msgs/lib/libperson_msgs__rosidl_typesupport_introspection_c.so" to ""
[9.459s] -- Installing: /home/nbalu/ros2_ws/install/person_msgs/lib/libperson_msgs__rosidl_typesupport_c.so
[9.459s] -- Set non-toolchain portion of runtime path of "/home/nbalu/ros2_ws/install/person_msgs/lib/libperson_msgs__rosidl_typesupport_c.so" to ""
[9.459s] -- Installing: /home/nbalu/ros2_ws/install/person_msgs/lib/libperson_msgs__rosidl_typesupport_fastrtps_cpp.so
[9.459s] -- Set non-toolchain portion of runtime path of "/home/nbalu/ros2_ws/install/person_msgs/lib/libperson_msgs__rosidl_typesupport_fastrtps_cpp.so" to ""
[9.459s] -- Installing: /home/nbalu/ros2_ws/install/person_msgs/lib/libperson_msgs__rosidl_typesupport_introspection_cpp.so
[9.459s] -- Set non-toolchain portion of runtime path of "/home/nbalu/ros2_ws/install/person_msgs/lib/libperson_msgs__rosidl_typesupport_introspection_cpp.so" to ""
[9.459s] -- Installing: /home/nbalu/ros2_ws/install/person_msgs/lib/libperson_msgs__rosidl_typesupport_cpp.so
[9.460s] -- Set non-toolchain portion of runtime path of "/home/nbalu/ros2_ws/install/person_msgs/lib/libperson_msgs__rosidl_typesupport_cpp.so" to ""
[9.504s] Listing '/home/nbalu/ros2_ws/install/person_msgs/lib/python3.12/site-packages/person_msgs'...
[9.504s] Compiling '/home/nbalu/ros2_ws/install/person_msgs/lib/python3.12/site-packages/person_msgs/__init__.py'...
[9.504s] Listing '/home/nbalu/ros2_ws/install/person_msgs/lib/python3.12/site-packages/person_msgs/msg'...
[9.504s] Compiling '/home/nbalu/ros2_ws/install/person_msgs/lib/python3.12/site-packages/person_msgs/msg/__init__.py'...
[9.504s] Compiling '/home/nbalu/ros2_ws/install/person_msgs/lib/python3.12/site-packages/person_msgs/msg/_person.py'...
[9.504s] Listing '/home/nbalu/ros2_ws/install/person_msgs/lib/python3.12/site-packages/person_msgs/srv'...
[9.504s] Compiling '/home/nbalu/ros2_ws/install/person_msgs/lib/python3.12/site-packages/person_msgs/srv/__init__.py'...
[9.504s] Compiling '/home/nbalu/ros2_ws/install/person_msgs/lib/python3.12/site-packages/person_msgs/srv/_query.py'...
[9.509s] -- Installing: /home/nbalu/ros2_ws/install/person_msgs/lib/libperson_msgs__rosidl_generator_py.so
[9.510s] -- Set non-toolchain portion of runtime path of "/home/nbalu/ros2_ws/install/person_msgs/lib/libperson_msgs__rosidl_generator_py.so" to ""
[9.510s] -- Installing: /home/nbalu/ros2_ws/install/person_msgs/share/person_msgs/cmake/export_person_msgs__rosidl_generator_cExport.cmake
[9.510s] -- Installing: /home/nbalu/ros2_ws/install/person_msgs/share/person_msgs/cmake/export_person_msgs__rosidl_generator_cExport-noconfig.cmake
[9.510s] -- Installing: /home/nbalu/ros2_ws/install/person_msgs/share/person_msgs/cmake/export_person_msgs__rosidl_typesupport_fastrtps_cExport.cmake
[9.510s] -- Installing: /home/nbalu/ros2_ws/install/person_msgs/share/person_msgs/cmake/export_person_msgs__rosidl_typesupport_fastrtps_cExport-noconfig.cmake
[9.510s] -- Installing: /home/nbalu/ros2_ws/install/person_msgs/share/person_msgs/cmake/person_msgs__rosidl_typesupport_introspection_cExport.cmake
[9.511s] -- Installing: /home/nbalu/ros2_ws/install/person_msgs/share/person_msgs/cmake/person_msgs__rosidl_typesupport_introspection_cExport-noconfig.cmake
[9.511s] -- Installing: /home/nbalu/ros2_ws/install/person_msgs/share/person_msgs/cmake/person_msgs__rosidl_typesupport_cExport.cmake
[9.511s] -- Installing: /home/nbalu/ros2_ws/install/person_msgs/share/person_msgs/cmake/person_msgs__rosidl_typesupport_cExport-noconfig.cmake
[9.511s] -- Installing: /home/nbalu/ros2_ws/install/person_msgs/share/person_msgs/cmake/export_person_msgs__rosidl_generator_cppExport.cmake
[9.512s] -- Installing: /home/nbalu/ros2_ws/install/person_msgs/share/person_msgs/cmake/export_person_msgs__rosidl_typesupport_fastrtps_cppExport.cmake
[9.512s] -- Installing: /home/nbalu/ros2_ws/install/person_msgs/share/person_msgs/cmake/export_person_msgs__rosidl_typesupport_fastrtps_cppExport-noconfig.cmake
[9.512s] -- Installing: /home/nbalu/ros2_ws/install/person_msgs/share/person_msgs/cmake/person_msgs__rosidl_typesupport_introspection_cppExport.cmake
[9.512s] -- Installing: /home/nbalu/ros2_ws/install/person_msgs/share/person_msgs/cmake/person_msgs__rosidl_typesupport_introspection_cppExport-noconfig.cmake
[9.512s] -- Installing: /home/nbalu/ros2_ws/install/person_msgs/share/person_msgs/cmake/person_msgs__rosidl_typesupport_cppExport.cmake
[9.512s] -- Installing: /home/nbalu/ros2_ws/install/person_msgs/share/person_msgs/cmake/person_msgs__rosidl_typesupport_cppExport-noconfig.cmake
[9.512s] -- Installing: /home/nbalu/ros2_ws/install/person_msgs/share/person_msgs/cmake/export_person_msgs__rosidl_generator_pyExport.cmake
[9.512s] -- Installing: /home/nbalu/ros2_ws/install/person_msgs/share/person_msgs/cmake/export_person_msgs__rosidl_generator_pyExport-noconfig.cmake
[9.514s] Invoked command in '/home/nbalu/ros2_ws/build/person_msgs' returned '0': CMAKE_PREFIX_PATH=${CMAKE_PREFIX_PATH}:/home/nbalu/ros2_ws/install/mypkg:/opt/ros/jazzy /usr/bin/cmake --install /home/nbalu/ros2_ws/build/person_msgs
