[0.020s] Invoking command in '/home/nbalu/ros2_ws/build/person_msgs': CMAKE_PREFIX_PATH=${CMAKE_PREFIX_PATH}:/home/nbalu/ros2_ws/install/mypkg:/opt/ros/jazzy /usr/bin/cmake --build /home/nbalu/ros2_ws/build/person_msgs -- -j16 -l16
[0.229s] [  2%] Built target person_msgs__rosidl_generator_type_description
[0.248s] [  2%] Built target ament_cmake_python_copy_person_msgs
[0.250s] [  4%] Built target person_msgs__cpp
[0.259s] [ 22%] Built target person_msgs__rosidl_generator_c
[0.292s] [ 31%] Built target person_msgs__rosidl_typesupport_c
[0.294s] [ 40%] Built target person_msgs__rosidl_typesupport_introspection_c
[0.294s] [ 50%] Built target person_msgs__rosidl_typesupport_fastrtps_c
[0.295s] [ 59%] Built target person_msgs__rosidl_typesupport_cpp
[0.296s] [ 68%] Built target person_msgs__rosidl_typesupport_introspection_cpp
[0.299s] [ 77%] Built target person_msgs__rosidl_typesupport_fastrtps_cpp
[0.320s] [ 77%] Built target person_msgs
[0.340s] [ 79%] Built target person_msgs__py
[0.364s] [ 86%] Built target person_msgs__rosidl_generator_py
[0.388s] [ 90%] Built target person_msgs_s__rosidl_typesupport_c
[0.388s] [ 95%] Built target person_msgs_s__rosidl_typesupport_introspection_c
[0.388s] [100%] Built target person_msgs_s__rosidl_typesupport_fastrtps_c
[0.462s] running egg_info
[0.486s] writing person_msgs.egg-info/PKG-INFO
[0.487s] writing dependency_links to person_msgs.egg-info/dependency_links.txt
[0.487s] writing top-level names to person_msgs.egg-info/top_level.txt
[0.546s] reading manifest file 'person_msgs.egg-info/SOURCES.txt'
[0.548s] writing manifest file 'person_msgs.egg-info/SOURCES.txt'
[0.581s] [100%] Built target ament_cmake_python_build_person_msgs_egg
[0.597s] Invoked command in '/home/nbalu/ros2_ws/build/person_msgs' returned '0': CMAKE_PREFIX_PATH=${CMAKE_PREFIX_PATH}:/home/nbalu/ros2_ws/install/mypkg:/opt/ros/jazzy /usr/bin/cmake --build /home/nbalu/ros2_ws/build/person_msgs -- -j16 -l16
[0.617s] Invoking command in '/home/nbalu/ros2_ws/build/person_msgs': CMAKE_PREFIX_PATH=${CMAKE_PREFIX_PATH}:/home/nbalu/ros2_ws/install/mypkg:/opt/ros/jazzy /usr/bin/cmake --install /home/nbalu/ros2_ws/build/person_msgs
[0.631s] -- Install configuration: ""
[0.633s] -- Up-to-date: /home/nbalu/ros2_ws/install/person_msgs/share/ament_index/resource_index/rosidl_interfaces/person_msgs
[0.633s] -- Up-to-date: /home/nbalu/ros2_ws/install/person_msgs/share/person_msgs/msg/Person.json
[0.633s] -- Up-to-date: /home/nbalu/ros2_ws/install/person_msgs/share/person_msgs/srv/Query.json
[0.634s] -- Up-to-date: /home/nbalu/ros2_ws/install/person_msgs/include/person_msgs/person_msgs
[0.634s] -- Up-to-date: /home/nbalu/ros2_ws/install/person_msgs/include/person_msgs/person_msgs/msg
[0.634s] -- Up-to-date: /home/nbalu/ros2_ws/install/person_msgs/include/person_msgs/person_msgs/msg/person.h
[0.634s] -- Up-to-date: /home/nbalu/ros2_ws/install/person_msgs/include/person_msgs/person_msgs/msg/detail
[0.635s] -- Up-to-date: /home/nbalu/ros2_ws/install/person_msgs/include/person_msgs/person_msgs/msg/detail/person__type_support.h
[0.635s] -- Up-to-date: /home/nbalu/ros2_ws/install/person_msgs/include/person_msgs/person_msgs/msg/detail/person__description.c
[0.635s] -- Up-to-date: /home/nbalu/ros2_ws/install/person_msgs/include/person_msgs/person_msgs/msg/detail/person__functions.c
[0.635s] -- Up-to-date: /home/nbalu/ros2_ws/install/person_msgs/include/person_msgs/person_msgs/msg/detail/person__functions.h
[0.636s] -- Up-to-date: /home/nbalu/ros2_ws/install/person_msgs/include/person_msgs/person_msgs/msg/detail/person__struct.h
[0.636s] -- Up-to-date: /home/nbalu/ros2_ws/install/person_msgs/include/person_msgs/person_msgs/msg/detail/person__type_support.c
[0.636s] -- Up-to-date: /home/nbalu/ros2_ws/install/person_msgs/include/person_msgs/person_msgs/msg/rosidl_generator_c__visibility_control.h
[0.636s] -- Up-to-date: /home/nbalu/ros2_ws/install/person_msgs/include/person_msgs/person_msgs/srv
[0.637s] -- Up-to-date: /home/nbalu/ros2_ws/install/person_msgs/include/person_msgs/person_msgs/srv/detail
[0.637s] -- Up-to-date: /home/nbalu/ros2_ws/install/person_msgs/include/person_msgs/person_msgs/srv/detail/query__struct.h
[0.637s] -- Up-to-date: /home/nbalu/ros2_ws/install/person_msgs/include/person_msgs/person_msgs/srv/detail/query__functions.c
[0.637s] -- Up-to-date: /home/nbalu/ros2_ws/install/person_msgs/include/person_msgs/person_msgs/srv/detail/query__type_support.h
[0.637s] -- Up-to-date: /home/nbalu/ros2_ws/install/person_msgs/include/person_msgs/person_msgs/srv/detail/query__type_support.c
[0.637s] -- Up-to-date: /home/nbalu/ros2_ws/install/person_msgs/include/person_msgs/person_msgs/srv/detail/query__functions.h
[0.637s] -- Up-to-date: /home/nbalu/ros2_ws/install/person_msgs/include/person_msgs/person_msgs/srv/detail/query__description.c
[0.637s] -- Up-to-date: /home/nbalu/ros2_ws/install/person_msgs/include/person_msgs/person_msgs/srv/query.h
[0.638s] -- Up-to-date: /home/nbalu/ros2_ws/install/person_msgs/share/person_msgs/environment/library_path.sh
[0.638s] -- Up-to-date: /home/nbalu/ros2_ws/install/person_msgs/share/person_msgs/environment/library_path.dsv
[0.639s] -- Up-to-date: /home/nbalu/ros2_ws/install/person_msgs/lib/libperson_msgs__rosidl_generator_c.so
[0.639s] -- Up-to-date: /home/nbalu/ros2_ws/install/person_msgs/include/person_msgs/person_msgs
[0.639s] -- Up-to-date: /home/nbalu/ros2_ws/install/person_msgs/include/person_msgs/person_msgs/msg
[0.640s] -- Up-to-date: /home/nbalu/ros2_ws/install/person_msgs/include/person_msgs/person_msgs/msg/detail
[0.640s] -- Up-to-date: /home/nbalu/ros2_ws/install/person_msgs/include/person_msgs/person_msgs/msg/detail/person__rosidl_typesupport_fastrtps_c.h
[0.640s] -- Up-to-date: /home/nbalu/ros2_ws/install/person_msgs/include/person_msgs/person_msgs/msg/rosidl_typesupport_fastrtps_c__visibility_control.h
[0.640s] -- Up-to-date: /home/nbalu/ros2_ws/install/person_msgs/include/person_msgs/person_msgs/srv
[0.640s] -- Up-to-date: /home/nbalu/ros2_ws/install/person_msgs/include/person_msgs/person_msgs/srv/detail
[0.641s] -- Up-to-date: /home/nbalu/ros2_ws/install/person_msgs/include/person_msgs/person_msgs/srv/detail/query__rosidl_typesupport_fastrtps_c.h
[0.642s] -- Up-to-date: /home/nbalu/ros2_ws/install/person_msgs/lib/libperson_msgs__rosidl_typesupport_fastrtps_c.so
[0.642s] -- Up-to-date: /home/nbalu/ros2_ws/install/person_msgs/include/person_msgs/person_msgs
[0.643s] -- Up-to-date: /home/nbalu/ros2_ws/install/person_msgs/include/person_msgs/person_msgs/msg
[0.643s] -- Up-to-date: /home/nbalu/ros2_ws/install/person_msgs/include/person_msgs/person_msgs/msg/detail
[0.644s] -- Up-to-date: /home/nbalu/ros2_ws/install/person_msgs/include/person_msgs/person_msgs/msg/detail/person__rosidl_typesupport_introspection_c.h
[0.644s] -- Up-to-date: /home/nbalu/ros2_ws/install/person_msgs/include/person_msgs/person_msgs/msg/detail/person__type_support.c
[0.644s] -- Up-to-date: /home/nbalu/ros2_ws/install/person_msgs/include/person_msgs/person_msgs/msg/rosidl_typesupport_introspection_c__visibility_control.h
[0.644s] -- Up-to-date: /home/nbalu/ros2_ws/install/person_msgs/include/person_msgs/person_msgs/srv
[0.644s] -- Up-to-date: /home/nbalu/ros2_ws/install/person_msgs/include/person_msgs/person_msgs/srv/detail
[0.644s] -- Up-to-date: /home/nbalu/ros2_ws/install/person_msgs/include/person_msgs/person_msgs/srv/detail/query__type_support.c
[0.645s] -- Up-to-date: /home/nbalu/ros2_ws/install/person_msgs/include/person_msgs/person_msgs/srv/detail/query__rosidl_typesupport_introspection_c.h
[0.645s] -- Up-to-date: /home/nbalu/ros2_ws/install/person_msgs/lib/libperson_msgs__rosidl_typesupport_introspection_c.so
[0.646s] -- Up-to-date: /home/nbalu/ros2_ws/install/person_msgs/lib/libperson_msgs__rosidl_typesupport_c.so
[0.647s] -- Up-to-date: /home/nbalu/ros2_ws/install/person_msgs/include/person_msgs/person_msgs
[0.647s] -- Up-to-date: /home/nbalu/ros2_ws/install/person_msgs/include/person_msgs/person_msgs/msg
[0.648s] -- Up-to-date: /home/nbalu/ros2_ws/install/person_msgs/include/person_msgs/person_msgs/msg/detail
[0.648s] -- Up-to-date: /home/nbalu/ros2_ws/install/person_msgs/include/person_msgs/person_msgs/msg/detail/person__traits.hpp
[0.648s] -- Up-to-date: /home/nbalu/ros2_ws/install/person_msgs/include/person_msgs/person_msgs/msg/detail/person__builder.hpp
[0.648s] -- Up-to-date: /home/nbalu/ros2_ws/install/person_msgs/include/person_msgs/person_msgs/msg/detail/person__struct.hpp
[0.649s] -- Up-to-date: /home/nbalu/ros2_ws/install/person_msgs/include/person_msgs/person_msgs/msg/detail/person__type_support.hpp
[0.649s] -- Up-to-date: /home/nbalu/ros2_ws/install/person_msgs/include/person_msgs/person_msgs/msg/person.hpp
[0.649s] -- Up-to-date: /home/nbalu/ros2_ws/install/person_msgs/include/person_msgs/person_msgs/msg/rosidl_generator_cpp__visibility_control.hpp
[0.649s] -- Up-to-date: /home/nbalu/ros2_ws/install/person_msgs/include/person_msgs/person_msgs/srv
[0.649s] -- Up-to-date: /home/nbalu/ros2_ws/install/person_msgs/include/person_msgs/person_msgs/srv/query.hpp
[0.650s] -- Up-to-date: /home/nbalu/ros2_ws/install/person_msgs/include/person_msgs/person_msgs/srv/detail
[0.650s] -- Up-to-date: /home/nbalu/ros2_ws/install/person_msgs/include/person_msgs/person_msgs/srv/detail/query__builder.hpp
[0.650s] -- Up-to-date: /home/nbalu/ros2_ws/install/person_msgs/include/person_msgs/person_msgs/srv/detail/query__type_support.hpp
[0.650s] -- Up-to-date: /home/nbalu/ros2_ws/install/person_msgs/include/person_msgs/person_msgs/srv/detail/query__struct.hpp
[0.650s] -- Up-to-date: /home/nbalu/ros2_ws/install/person_msgs/include/person_msgs/person_msgs/srv/detail/query__traits.hpp
[0.650s] -- Up-to-date: /home/nbalu/ros2_ws/install/person_msgs/include/person_msgs/person_msgs
[0.650s] -- Up-to-date: /home/nbalu/ros2_ws/install/person_msgs/include/person_msgs/person_msgs/msg
[0.650s] -- Up-to-date: /home/nbalu/ros2_ws/install/person_msgs/include/person_msgs/person_msgs/msg/detail
[0.651s] -- Up-to-date: /home/nbalu/ros2_ws/install/person_msgs/include/person_msgs/person_msgs/msg/detail/person__rosidl_typesupport_fastrtps_cpp.hpp
[0.651s] -- Up-to-date: /home/nbalu/ros2_ws/install/person_msgs/include/person_msgs/person_msgs/msg/detail/dds_fastrtps
[0.651s] -- Up-to-date: /home/nbalu/ros2_ws/install/person_msgs/include/person_msgs/person_msgs/msg/rosidl_typesupport_fastrtps_cpp__visibility_control.h
[0.651s] -- Up-to-date: /home/nbalu/ros2_ws/install/person_msgs/include/person_msgs/person_msgs/srv
[0.651s] -- Up-to-date: /home/nbalu/ros2_ws/install/person_msgs/include/person_msgs/person_msgs/srv/detail
[0.652s] -- Up-to-date: /home/nbalu/ros2_ws/install/person_msgs/include/person_msgs/person_msgs/srv/detail/query__rosidl_typesupport_fastrtps_cpp.hpp
[0.652s] -- Up-to-date: /home/nbalu/ros2_ws/install/person_msgs/include/person_msgs/person_msgs/srv/detail/dds_fastrtps
[0.653s] -- Up-to-date: /home/nbalu/ros2_ws/install/person_msgs/lib/libperson_msgs__rosidl_typesupport_fastrtps_cpp.so
[0.653s] -- Up-to-date: /home/nbalu/ros2_ws/install/person_msgs/include/person_msgs/person_msgs
[0.654s] -- Up-to-date: /home/nbalu/ros2_ws/install/person_msgs/include/person_msgs/person_msgs/msg
[0.654s] -- Up-to-date: /home/nbalu/ros2_ws/install/person_msgs/include/person_msgs/person_msgs/msg/detail
[0.654s] -- Up-to-date: /home/nbalu/ros2_ws/install/person_msgs/include/person_msgs/person_msgs/msg/detail/person__rosidl_typesupport_introspection_cpp.hpp
[0.655s] -- Up-to-date: /home/nbalu/ros2_ws/install/person_msgs/include/person_msgs/person_msgs/msg/detail/person__type_support.cpp
[0.655s] -- Up-to-date: /home/nbalu/ros2_ws/install/person_msgs/include/person_msgs/person_msgs/srv
[0.655s] -- Up-to-date: /home/nbalu/ros2_ws/install/person_msgs/include/person_msgs/person_msgs/srv/detail
[0.655s] -- Up-to-date: /home/nbalu/ros2_ws/install/person_msgs/include/person_msgs/person_msgs/srv/detail/query__rosidl_typesupport_introspection_cpp.hpp
[0.655s] -- Up-to-date: /home/nbalu/ros2_ws/install/person_msgs/include/person_msgs/person_msgs/srv/detail/query__type_support.cpp
[0.656s] -- Up-to-date: /home/nbalu/ros2_ws/install/person_msgs/lib/libperson_msgs__rosidl_typesupport_introspection_cpp.so
[0.657s] -- Up-to-date: /home/nbalu/ros2_ws/install/person_msgs/lib/libperson_msgs__rosidl_typesupport_cpp.so
[0.658s] -- Up-to-date: /home/nbalu/ros2_ws/install/person_msgs/share/person_msgs/environment/pythonpath.sh
[0.658s] -- Up-to-date: /home/nbalu/ros2_ws/install/person_msgs/share/person_msgs/environment/pythonpath.dsv
[0.658s] -- Up-to-date: /home/nbalu/ros2_ws/install/person_msgs/lib/python3.12/site-packages/person_msgs-0.0.0-py3.12.egg-info
[0.658s] -- Installing: /home/nbalu/ros2_ws/install/person_msgs/lib/python3.12/site-packages/person_msgs-0.0.0-py3.12.egg-info/PKG-INFO
[0.658s] -- Installing: /home/nbalu/ros2_ws/install/person_msgs/lib/python3.12/site-packages/person_msgs-0.0.0-py3.12.egg-info/SOURCES.txt
[0.659s] -- Installing: /home/nbalu/ros2_ws/install/person_msgs/lib/python3.12/site-packages/person_msgs-0.0.0-py3.12.egg-info/dependency_links.txt
[0.659s] -- Installing: /home/nbalu/ros2_ws/install/person_msgs/lib/python3.12/site-packages/person_msgs-0.0.0-py3.12.egg-info/top_level.txt
[0.659s] -- Up-to-date: /home/nbalu/ros2_ws/install/person_msgs/lib/python3.12/site-packages/person_msgs
[0.659s] -- Up-to-date: /home/nbalu/ros2_ws/install/person_msgs/lib/python3.12/site-packages/person_msgs/person_msgs_s__rosidl_typesupport_introspection_c.so
[0.659s] -- Up-to-date: /home/nbalu/ros2_ws/install/person_msgs/lib/python3.12/site-packages/person_msgs/person_msgs_s__rosidl_typesupport_fastrtps_c.so
[0.659s] -- Up-to-date: /home/nbalu/ros2_ws/install/person_msgs/lib/python3.12/site-packages/person_msgs/msg
[0.660s] -- Up-to-date: /home/nbalu/ros2_ws/install/person_msgs/lib/python3.12/site-packages/person_msgs/msg/_person_s.c
[0.660s] -- Up-to-date: /home/nbalu/ros2_ws/install/person_msgs/lib/python3.12/site-packages/person_msgs/msg/__init__.py
[0.660s] -- Up-to-date: /home/nbalu/ros2_ws/install/person_msgs/lib/python3.12/site-packages/person_msgs/msg/_person.py
[0.660s] -- Up-to-date: /home/nbalu/ros2_ws/install/person_msgs/lib/python3.12/site-packages/person_msgs/person_msgs_s__rosidl_typesupport_c.so
[0.660s] -- Up-to-date: /home/nbalu/ros2_ws/install/person_msgs/lib/python3.12/site-packages/person_msgs/_person_msgs_s.ep.rosidl_typesupport_fastrtps_c.c
[0.660s] -- Up-to-date: /home/nbalu/ros2_ws/install/person_msgs/lib/python3.12/site-packages/person_msgs/__init__.py
[0.660s] -- Up-to-date: /home/nbalu/ros2_ws/install/person_msgs/lib/python3.12/site-packages/person_msgs/_person_msgs_s.ep.rosidl_typesupport_c.c
[0.660s] -- Up-to-date: /home/nbalu/ros2_ws/install/person_msgs/lib/python3.12/site-packages/person_msgs/srv
[0.660s] -- Up-to-date: /home/nbalu/ros2_ws/install/person_msgs/lib/python3.12/site-packages/person_msgs/srv/_query.py
[0.660s] -- Up-to-date: /home/nbalu/ros2_ws/install/person_msgs/lib/python3.12/site-packages/person_msgs/srv/__init__.py
[0.660s] -- Up-to-date: /home/nbalu/ros2_ws/install/person_msgs/lib/python3.12/site-packages/person_msgs/srv/_query_s.c
[0.660s] -- Up-to-date: /home/nbalu/ros2_ws/install/person_msgs/lib/python3.12/site-packages/person_msgs/_person_msgs_s.ep.rosidl_typesupport_introspection_c.c
[0.716s] Listing '/home/nbalu/ros2_ws/install/person_msgs/lib/python3.12/site-packages/person_msgs'...
[0.716s] Listing '/home/nbalu/ros2_ws/install/person_msgs/lib/python3.12/site-packages/person_msgs/msg'...
[0.716s] Listing '/home/nbalu/ros2_ws/install/person_msgs/lib/python3.12/site-packages/person_msgs/srv'...
[0.726s] -- Up-to-date: /home/nbalu/ros2_ws/install/person_msgs/lib/python3.12/site-packages/person_msgs/person_msgs_s__rosidl_typesupport_fastrtps_c.so
[0.728s] -- Up-to-date: /home/nbalu/ros2_ws/install/person_msgs/lib/python3.12/site-packages/person_msgs/person_msgs_s__rosidl_typesupport_introspection_c.so
[0.729s] -- Up-to-date: /home/nbalu/ros2_ws/install/person_msgs/lib/python3.12/site-packages/person_msgs/person_msgs_s__rosidl_typesupport_c.so
[0.731s] -- Up-to-date: /home/nbalu/ros2_ws/install/person_msgs/lib/libperson_msgs__rosidl_generator_py.so
[0.731s] -- Up-to-date: /home/nbalu/ros2_ws/install/person_msgs/share/person_msgs/msg/Person.idl
[0.731s] -- Up-to-date: /home/nbalu/ros2_ws/install/person_msgs/share/person_msgs/srv/Query.idl
[0.732s] -- Up-to-date: /home/nbalu/ros2_ws/install/person_msgs/share/person_msgs/msg/Person.msg
[0.732s] -- Up-to-date: /home/nbalu/ros2_ws/install/person_msgs/share/person_msgs/srv/Query.srv
[0.732s] -- Up-to-date: /home/nbalu/ros2_ws/install/person_msgs/share/ament_index/resource_index/package_run_dependencies/person_msgs
[0.733s] -- Up-to-date: /home/nbalu/ros2_ws/install/person_msgs/share/ament_index/resource_index/parent_prefix_path/person_msgs
[0.733s] -- Up-to-date: /home/nbalu/ros2_ws/install/person_msgs/share/person_msgs/environment/ament_prefix_path.sh
[0.733s] -- Up-to-date: /home/nbalu/ros2_ws/install/person_msgs/share/person_msgs/environment/ament_prefix_path.dsv
[0.733s] -- Up-to-date: /home/nbalu/ros2_ws/install/person_msgs/share/person_msgs/environment/path.sh
[0.733s] -- Up-to-date: /home/nbalu/ros2_ws/install/person_msgs/share/person_msgs/environment/path.dsv
[0.733s] -- Up-to-date: /home/nbalu/ros2_ws/install/person_msgs/share/person_msgs/local_setup.bash
[0.733s] -- Up-to-date: /home/nbalu/ros2_ws/install/person_msgs/share/person_msgs/local_setup.sh
[0.733s] -- Up-to-date: /home/nbalu/ros2_ws/install/person_msgs/share/person_msgs/local_setup.zsh
[0.733s] -- Up-to-date: /home/nbalu/ros2_ws/install/person_msgs/share/person_msgs/local_setup.dsv
[0.734s] -- Installing: /home/nbalu/ros2_ws/install/person_msgs/share/person_msgs/package.dsv
[0.734s] -- Up-to-date: /home/nbalu/ros2_ws/install/person_msgs/share/ament_index/resource_index/packages/person_msgs
[0.735s] -- Up-to-date: /home/nbalu/ros2_ws/install/person_msgs/share/person_msgs/cmake/export_person_msgs__rosidl_generator_cExport.cmake
[0.735s] -- Up-to-date: /home/nbalu/ros2_ws/install/person_msgs/share/person_msgs/cmake/export_person_msgs__rosidl_generator_cExport-noconfig.cmake
[0.736s] -- Up-to-date: /home/nbalu/ros2_ws/install/person_msgs/share/person_msgs/cmake/export_person_msgs__rosidl_typesupport_fastrtps_cExport.cmake
[0.736s] -- Up-to-date: /home/nbalu/ros2_ws/install/person_msgs/share/person_msgs/cmake/export_person_msgs__rosidl_typesupport_fastrtps_cExport-noconfig.cmake
[0.737s] -- Up-to-date: /home/nbalu/ros2_ws/install/person_msgs/share/person_msgs/cmake/person_msgs__rosidl_typesupport_introspection_cExport.cmake
[0.737s] -- Up-to-date: /home/nbalu/ros2_ws/install/person_msgs/share/person_msgs/cmake/person_msgs__rosidl_typesupport_introspection_cExport-noconfig.cmake
[0.738s] -- Up-to-date: /home/nbalu/ros2_ws/install/person_msgs/share/person_msgs/cmake/person_msgs__rosidl_typesupport_cExport.cmake
[0.738s] -- Up-to-date: /home/nbalu/ros2_ws/install/person_msgs/share/person_msgs/cmake/person_msgs__rosidl_typesupport_cExport-noconfig.cmake
[0.739s] -- Up-to-date: /home/nbalu/ros2_ws/install/person_msgs/share/person_msgs/cmake/export_person_msgs__rosidl_generator_cppExport.cmake
[0.739s] -- Up-to-date: /home/nbalu/ros2_ws/install/person_msgs/share/person_msgs/cmake/export_person_msgs__rosidl_typesupport_fastrtps_cppExport.cmake
[0.739s] -- Up-to-date: /home/nbalu/ros2_ws/install/person_msgs/share/person_msgs/cmake/export_person_msgs__rosidl_typesupport_fastrtps_cppExport-noconfig.cmake
[0.740s] -- Up-to-date: /home/nbalu/ros2_ws/install/person_msgs/share/person_msgs/cmake/person_msgs__rosidl_typesupport_introspection_cppExport.cmake
[0.740s] -- Up-to-date: /home/nbalu/ros2_ws/install/person_msgs/share/person_msgs/cmake/person_msgs__rosidl_typesupport_introspection_cppExport-noconfig.cmake
[0.741s] -- Up-to-date: /home/nbalu/ros2_ws/install/person_msgs/share/person_msgs/cmake/person_msgs__rosidl_typesupport_cppExport.cmake
[0.741s] -- Up-to-date: /home/nbalu/ros2_ws/install/person_msgs/share/person_msgs/cmake/person_msgs__rosidl_typesupport_cppExport-noconfig.cmake
[0.742s] -- Up-to-date: /home/nbalu/ros2_ws/install/person_msgs/share/person_msgs/cmake/export_person_msgs__rosidl_generator_pyExport.cmake
[0.742s] -- Up-to-date: /home/nbalu/ros2_ws/install/person_msgs/share/person_msgs/cmake/export_person_msgs__rosidl_generator_pyExport-noconfig.cmake
[0.742s] -- Up-to-date: /home/nbalu/ros2_ws/install/person_msgs/share/person_msgs/cmake/rosidl_cmake-extras.cmake
[0.742s] -- Up-to-date: /home/nbalu/ros2_ws/install/person_msgs/share/person_msgs/cmake/ament_cmake_export_dependencies-extras.cmake
[0.742s] -- Up-to-date: /home/nbalu/ros2_ws/install/person_msgs/share/person_msgs/cmake/ament_cmake_export_include_directories-extras.cmake
[0.743s] -- Up-to-date: /home/nbalu/ros2_ws/install/person_msgs/share/person_msgs/cmake/ament_cmake_export_libraries-extras.cmake
[0.743s] -- Up-to-date: /home/nbalu/ros2_ws/install/person_msgs/share/person_msgs/cmake/ament_cmake_export_targets-extras.cmake
[0.743s] -- Up-to-date: /home/nbalu/ros2_ws/install/person_msgs/share/person_msgs/cmake/rosidl_cmake_export_typesupport_targets-extras.cmake
[0.743s] -- Up-to-date: /home/nbalu/ros2_ws/install/person_msgs/share/person_msgs/cmake/rosidl_cmake_export_typesupport_libraries-extras.cmake
[0.743s] -- Up-to-date: /home/nbalu/ros2_ws/install/person_msgs/share/person_msgs/cmake/person_msgsConfig.cmake
[0.743s] -- Up-to-date: /home/nbalu/ros2_ws/install/person_msgs/share/person_msgs/cmake/person_msgsConfig-version.cmake
[0.743s] -- Up-to-date: /home/nbalu/ros2_ws/install/person_msgs/share/person_msgs/package.xml
[0.745s] Invoked command in '/home/nbalu/ros2_ws/build/person_msgs' returned '0': CMAKE_PREFIX_PATH=${CMAKE_PREFIX_PATH}:/home/nbalu/ros2_ws/install/mypkg:/opt/ros/jazzy /usr/bin/cmake --install /home/nbalu/ros2_ws/build/person_msgs
